/home/imamura23/nas01home/codes/env/lib/python3.10/site-packages/pytorch_lightning/utilities/parsing.py:198: Attribute 'net' is an instance of `nn.Module` and is already saved during checkpointing. It is recommended to ignore them using `self.save_hyperparameters(ignore=['net'])`.
/home/imamura23/nas01home/codes/env/lib/python3.10/site-packages/lightning_fabric/connector.py:565: `precision=16` is supported for historical reasons but its usage is discouraged. Please set your precision to 16-mixed instead!
/home/imamura23/nas01home/codes/env/lib/python3.10/site-packages/lightning_fabric/plugins/environments/slurm.py:191: The `srun` command is available on your system but is not used. HINT: If your intention is to run Lightning on SLURM, prepend your python command with `srun` like so: srun python3 ./train.py ...
Using 16bit Automatic Mixed Precision (AMP)
GPU available: True (cuda), used: True
TPU available: False, using: 0 TPU cores
IPU available: False, using: 0 IPUs
HPU available: False, using: 0 HPUs
You are using a CUDA device ('NVIDIA GeForce RTX 3090') that has Tensor Cores. To properly utilize them, you should set `torch.set_float32_matmul_precision('medium' | 'high')` which will trade-off precision for performance. For more details, read https://pytorch.org/docs/stable/generated/torch.set_float32_matmul_precision.html#torch.set_float32_matmul_precision
LOCAL_RANK: 0 - CUDA_VISIBLE_DEVICES: [0]

  | Name               | Type                          | Params
---------------------------------------------------------------------
0 | net                | UNetForTriplet_2d_de5_to1d640 | 38.6 M
1 | loss_unet          | L1Loss                        | 0     
2 | loss_triplet       | MarginRankingLoss             | 0     
3 | loss_l2            | MSELoss                       | 0     
4 | loss_mrl           | MarginRankingLoss             | 0     
5 | loss_cross_entropy | BCEWithLogitsLoss             | 0     
6 | recorder           | ModuleDict                    | 0     
---------------------------------------------------------------------
38.6 M    Trainable params
0         Non-trainable params
38.6 M    Total params
154.426   Total estimated model params size (MB)
Error executing job with overrides: []
Traceback (most recent call last):
  File "/nas01/homes/imamura23-1000067/codes/MusicSimilarityWithUNet/./train.py", line 20, in <module>
    train()
  File "/home/imamura23/nas01home/codes/env/lib/python3.10/site-packages/hydra/main.py", line 94, in decorated_main
    _run_hydra(
  File "/home/imamura23/nas01home/codes/env/lib/python3.10/site-packages/hydra/_internal/utils.py", line 394, in _run_hydra
    _run_app(
  File "/home/imamura23/nas01home/codes/env/lib/python3.10/site-packages/hydra/_internal/utils.py", line 457, in _run_app
    run_and_report(
  File "/home/imamura23/nas01home/codes/env/lib/python3.10/site-packages/hydra/_internal/utils.py", line 223, in run_and_report
    raise ex
  File "/home/imamura23/nas01home/codes/env/lib/python3.10/site-packages/hydra/_internal/utils.py", line 220, in run_and_report
    return func()
  File "/home/imamura23/nas01home/codes/env/lib/python3.10/site-packages/hydra/_internal/utils.py", line 458, in <lambda>
    lambda: hydra.run(
  File "/home/imamura23/nas01home/codes/env/lib/python3.10/site-packages/hydra/_internal/hydra.py", line 132, in run
    _ = ret.return_value
  File "/home/imamura23/nas01home/codes/env/lib/python3.10/site-packages/hydra/core/utils.py", line 260, in return_value
    raise self._return_value
  File "/home/imamura23/nas01home/codes/env/lib/python3.10/site-packages/hydra/core/utils.py", line 186, in run_job
    ret.return_value = task_function(task_cfg)
  File "/nas01/homes/imamura23-1000067/codes/MusicSimilarityWithUNet/source/train.py", line 126, in main
    metric_dict, _ = train(cfg)
  File "/nas01/homes/imamura23-1000067/codes/MusicSimilarityWithUNet/utils/utils.py", line 78, in wrap
    raise ex
  File "/nas01/homes/imamura23-1000067/codes/MusicSimilarityWithUNet/utils/utils.py", line 68, in wrap
    metric_dict, object_dict = task_func(cfg=cfg)
  File "/nas01/homes/imamura23-1000067/codes/MusicSimilarityWithUNet/source/train.py", line 92, in train
    trainer.fit(model=model, datamodule=datamodule, ckpt_path=cfg.get("ckpt_path"))
  File "/home/imamura23/nas01home/codes/env/lib/python3.10/site-packages/pytorch_lightning/trainer/trainer.py", line 545, in fit
    call._call_and_handle_interrupt(
  File "/home/imamura23/nas01home/codes/env/lib/python3.10/site-packages/pytorch_lightning/trainer/call.py", line 44, in _call_and_handle_interrupt
    return trainer_fn(*args, **kwargs)
  File "/home/imamura23/nas01home/codes/env/lib/python3.10/site-packages/pytorch_lightning/trainer/trainer.py", line 581, in _fit_impl
    self._run(model, ckpt_path=ckpt_path)
  File "/home/imamura23/nas01home/codes/env/lib/python3.10/site-packages/pytorch_lightning/trainer/trainer.py", line 990, in _run
    results = self._run_stage()
  File "/home/imamura23/nas01home/codes/env/lib/python3.10/site-packages/pytorch_lightning/trainer/trainer.py", line 1034, in _run_stage
    self._run_sanity_check()
  File "/home/imamura23/nas01home/codes/env/lib/python3.10/site-packages/pytorch_lightning/trainer/trainer.py", line 1063, in _run_sanity_check
    val_loop.run()
  File "/home/imamura23/nas01home/codes/env/lib/python3.10/site-packages/pytorch_lightning/loops/utilities.py", line 181, in _decorator
    return loop_run(self, *args, **kwargs)
  File "/home/imamura23/nas01home/codes/env/lib/python3.10/site-packages/pytorch_lightning/loops/evaluation_loop.py", line 134, in run
    self._evaluation_step(batch, batch_idx, dataloader_idx, dataloader_iter)
  File "/home/imamura23/nas01home/codes/env/lib/python3.10/site-packages/pytorch_lightning/loops/evaluation_loop.py", line 391, in _evaluation_step
    output = call._call_strategy_hook(trainer, hook_name, *step_args)
  File "/home/imamura23/nas01home/codes/env/lib/python3.10/site-packages/pytorch_lightning/trainer/call.py", line 309, in _call_strategy_hook
    output = fn(*args, **kwargs)
  File "/home/imamura23/nas01home/codes/env/lib/python3.10/site-packages/pytorch_lightning/strategies/strategy.py", line 403, in validation_step
    return self.lightning_module.validation_step(*args, **kwargs)
  File "/nas01/homes/imamura23-1000067/codes/MusicSimilarityWithUNet/model/triplet/triplet.py", line 416, in validation_step
    loss_all = self.model_step("Valid", batch)
  File "/nas01/homes/imamura23-1000067/codes/MusicSimilarityWithUNet/model/triplet/triplet.py", line 293, in model_step
    loss_all, loss_unet, loss_triplet, dist_p, dist_n, loss_recog, c_prob, cases = self.forward(batch)
  File "/nas01/homes/imamura23-1000067/codes/MusicSimilarityWithUNet/model/triplet/triplet.py", line 267, in forward
    a_e, a_prob, a_mask = self.net(a_x)
  File "/home/imamura23/nas01home/codes/env/lib/python3.10/site-packages/torch/nn/modules/module.py", line 1130, in _call_impl
    return forward_call(*input, **kwargs)
  File "/nas01/homes/imamura23-1000067/codes/MusicSimilarityWithUNet/model/triplet/model_triplet_2d_csn640de5_to1d640.py", line 172, in forward
    output_emb = self.to1d(conv6_out)
  File "/home/imamura23/nas01home/codes/env/lib/python3.10/site-packages/torch/nn/modules/module.py", line 1130, in _call_impl
    return forward_call(*input, **kwargs)
  File "/nas01/homes/imamura23-1000067/codes/MusicSimilarityWithUNet/model/to1d/model_linear.py", line 227, in forward
    emb_vec = self.to1d(input)
  File "/home/imamura23/nas01home/codes/env/lib/python3.10/site-packages/torch/nn/modules/module.py", line 1130, in _call_impl
    return forward_call(*input, **kwargs)
  File "/nas01/homes/imamura23-1000067/codes/MusicSimilarityWithUNet/model/to1d/model_linear.py", line 36, in forward
    output = self.fc1(out_mean_2d)
  File "/home/imamura23/nas01home/codes/env/lib/python3.10/site-packages/torch/nn/modules/module.py", line 1130, in _call_impl
    return forward_call(*input, **kwargs)
  File "/home/imamura23/nas01home/codes/env/lib/python3.10/site-packages/torch/nn/modules/linear.py", line 114, in forward
    return F.linear(input, self.weight, self.bias)
RuntimeError: mat1 and mat2 shapes cannot be multiplied (64x10880 and 3200x640)
