[130648 130649 130650 130651 130652 130653 130654 130655 130656 130657
 130658 130659 130660 130661 130662 130663 130664 130665 130666 130667
 130668 130669 130670 130671 130672 130673 130674 130675 130676 130677
 130678 130679 130680 130681 130682 130683 130684 130685 130686 130687
 130688 130689 130690 130691 130692 130693 130694 130695 130696 130697
 130698 130699 130700 130701 130702 130703 130704 130705 130706 130707
 130708 130709 130710 130711 130712 130713 130714 130715 130716 130717
 130718 130719 130720 130721 130722 130723 130724 130725 130726 130727
 130728 130729 130730 130731]
[131378 131379 131380 131381 131382 131383 131384 131385 131386 131387
 131388 131389 131390 131391 131392 131393 131394 131395 131396 131397
 131398 131399 131400 131401 131402 131403 131404 131405 131406 131407
 131408 131409 131410 131411 131412 131413 131414 131415 131416 131417
 131418 131419 131420 131421 131422 131423 131424 131425 131426 131427
 131428 131429 131430 131431 131432 131433 131434 131435 131436 131437
 131438 131439 131440 131441 131442 131443 131444 131445 131446 131447
 131448 131449 131450 131451 131452 131453 131454 131455 131456 131457
 131458 131459 131460 131461 131462 131463 131464 131465 131466 131467
 131468 131469 131470 131471 131472 131473 131474 131475 131476 131477
 131478 131479 131480 131481 131482 131483 131484 131485 131486 131487
 131488 131489 131490 131491]
[136832 136833 136834 136835 136836 136837 136838 136839 136840 136841
 136842 136843 136844 136845 136846 136847 136848 136849 136850 136851
 136852 136853 136854 136855 136856 136857 136858 136859 136860 136861
 136862 136863 136864 136865 136866 136867 136868 136869 136870 136871
 136872 136873 136874 136875 136876 136877 136878 136879 136880 136881
 136882 136883 136884 136885 136886 136887 136888 136889 136890 136891
 136892 136893 136894 136895 136896 136897 136898 136899 136900 136901
 136902 136903 136904 136905 136906 136907 136908 136909 136910 136911
 136912 136913 136914 136915 136916 136917 136918 136919 136920 136921
 136922 136923 136924 136925 136926 136927 136928 136929 136930 136931
 136932 136933 136934 136935 136936 136937 136938 136939 136940 136941
 136942 136943 136944 136945 136946 136947 136948 136949 136950 136951
 136952 136953 136954 136955 136956 136957 136958 136959 136960 136961
 136962 136963 136964]
[138180 138181 138182 138183 138184 138185 138186 138187 138188 138189
 138190 138191 138192 138193 138194 138195 138196 138197 138198 138199
 138200 138201 138202 138203 138204 138205 138206 138207 138208 138209
 138210 138211 138212 138213 138214 138215 138216 138217 138218 138219
 138220 138221 138222 138223 138224 138225 138226 138227 138228 138229
 138230 138231 138232 138233 138234 138235 138236 138237 138238 138239
 138240 138241 138242 138243 138244 138245 138246 138247 138248 138249
 138250 138251 138252 138253 138254 138255 138256 138257 138258 138259
 138260 138261 138262 138263 138264 138265 138266 138267 138268 138269
 138270 138271 138272 138273 138274 138275 138276 138277 138278 138279
 138280 138281 138282 138283 138284 138285 138286 138287 138288 138289
 138290 138291 138292 138293 138294 138295 138296 138297 138298 138299
 138300 138301 138302 138303 138304 138305 138306 138307 138308 138309
 138310 138311 138312 138313 138314 138315 138316 138317 138318 138319
 138320 138321]
[140498 140499 140500 140501 140502 140503 140504 140505 140506 140507
 140508 140509 140510 140511 140512 140513 140514 140515 140516 140517
 140518 140519 140520 140521 140522 140523 140524 140525 140526 140527
 140528 140529 140530 140531 140532 140533 140534 140535 140536 140537
 140538 140539 140540 140541 140542 140543 140544 140545 140546 140547
 140548 140549 140550 140551 140552 140553 140554 140555 140556 140557
 140558 140559 140560 140561 140562 140563 140564 140565 140566 140567
 140568 140569 140570 140571 140572 140573 140574 140575 140576 140577
 140578 140579 140580 140581 140582 140583 140584 140585 140586 140587
 140588 140589 140590 140591 140592 140593 140594 140595 140596 140597
 140598 140599 140600 140601 140602 140603 140604 140605 140606 140607]
[141001 141002 141003 141004 141005 141006 141007 141008 141009 141010
 141011 141012 141013 141014 141015 141016 141017 141018 141019 141020
 141021 141022 141023 141024 141025 141026 141027]
[142281 142282 142283 142284 142285 142286 142287 142288 142289 142290
 142291 142292 142293 142294 142295 142296 142297 142298 142299 142300
 142301 142302 142303 142304 142305 142306 142307 142308 142309 142310
 142311 142312 142313 142314 142315 142316 142317 142318 142319 142320
 142321 142322 142323 142324 142325 142326 142327 142328 142329 142330
 142331 142332 142333 142334 142335 142336 142337 142338 142339 142340
 142341 142342 142343 142344 142345 142346 142347 142348 142349 142350
 142351 142352 142353 142354 142355 142356 142357 142358 142359 142360
 142361 142362 142363 142364 142365 142366 142367 142368 142369 142370
 142371 142372 142373 142374 142375 142376 142377 142378 142379 142380
 142381 142382 142383]
[142384 142385 142386 142387 142388 142389 142390 142391 142392 142393
 142394 142395 142396 142397 142398 142399 142400 142401 142402 142403
 142404 142405 142406 142407 142408 142409 142410 142411 142412 142413
 142414 142415 142416 142417 142418 142419 142420 142421 142422 142423
 142424 142425 142426 142427 142428 142429 142430 142431 142432 142433
 142434 142435 142436 142437 142438 142439 142440 142441 142442 142443
 142444 142445 142446 142447 142448 142449 142450 142451 142452 142453
 142454 142455 142456 142457 142458 142459 142460 142461 142462 142463
 142464 142465 142466 142467 142468 142469 142470 142471 142472 142473
 142474 142475 142476 142477 142478 142479 142480 142481 142482 142483
 142484 142485 142486 142487 142488 142489 142490 142491 142492 142493]
[142494 142495 142496 142497 142498 142499 142500 142501 142502 142503
 142504 142505 142506 142507 142508 142509 142510 142511 142512 142513
 142514 142515 142516 142517 142518 142519 142520 142521 142522 142523
 142524 142525 142526]
[142549 142550 142551 142552 142553 142554 142555 142556 142557 142558
 142559 142560 142561 142562 142563 142564 142565 142566 142567 142568
 142569 142570 142571 142572 142573 142574 142575 142576 142577 142578
 142579 142580 142581 142582 142583 142584 142585 142586 142587 142588
 142589 142590 142591 142592 142593 142594 142595 142596 142597 142598
 142599 142600 142601 142602 142603 142604 142605 142606 142607 142608
 142609 142610 142611 142612 142613 142614 142615 142616 142617 142618
 142619 142620 142621 142622 142623 142624 142625 142626 142627 142628
 142629 142630 142631 142632 142633 142634 142635 142636 142637 142638
 142639 142640 142641 142642 142643 142644 142645 142646 142647 142648
 142649 142650 142651 142652 142653 142654 142655 142656 142657 142658
 142659 142660 142661 142662 142663 142664 142665 142666 142667 142668
 142669 142670 142671 142672 142673 142674 142675 142676 142677 142678
 142679 142680 142681 142682 142683 142684 142685 142686 142687 142688
 142689 142690 142691 142692 142693 142694 142695 142696 142697 142698
 142699 142700]
1510 130705 1510 130696
1510 130705 1520 131421
1510 130705 1582 136933
1510 130705 1595 138321
1510 130705 1620 140581
1510 130705 1624 141025
1510 130705 1641 142337
1510 130705 1642 142458
1510 130705 1643 142497
1510 130705 1645 142633
1520 131446 1510 130669
1520 131446 1520 131489
1520 131446 1582 136884
1520 131446 1595 138294
1520 131446 1620 140605
1520 131446 1624 141006
1520 131446 1641 142366
1520 131446 1642 142400
1520 131446 1643 142510
1520 131446 1645 142682
1582 136866 1510 130727
1582 136866 1520 131408
1582 136866 1582 136925
1582 136866 1595 138260
1582 136866 1620 140595
1582 136866 1624 141010
1582 136866 1641 142352
1582 136866 1642 142472
1582 136866 1643 142506
1582 136866 1645 142636
1595 138272 1510 130681
1595 138272 1520 131423
1595 138272 1582 136911
1595 138272 1595 138294
1595 138272 1620 140590
1595 138272 1624 141011
1595 138272 1641 142380
1595 138272 1642 142387
1595 138272 1643 142505
1595 138272 1645 142553
1620 140557 1510 130658
1620 140557 1520 131400
1620 140557 1582 136922
1620 140557 1595 138279
1620 140557 1620 140504
1620 140557 1624 141019
1620 140557 1641 142341
1620 140557 1642 142454
1620 140557 1643 142498
1620 140557 1645 142654
1624 141024 1510 130721
1624 141024 1520 131424
1624 141024 1582 136883
1624 141024 1595 138288
1624 141024 1620 140599
1624 141024 1624 141027
1624 141024 1641 142350
1624 141024 1642 142486
1624 141024 1643 142515
1624 141024 1645 142569
1641 142312 1510 130726
1641 142312 1520 131435
1641 142312 1582 136880
1641 142312 1595 138310
1641 142312 1620 140568
1641 142312 1624 141003
1641 142312 1641 142290
1641 142312 1642 142481
1641 142312 1643 142517
1641 142312 1645 142661
1642 142482 1510 130722
1642 142482 1520 131400
1642 142482 1582 136834
1642 142482 1595 138280
1642 142482 1620 140596
1642 142482 1624 141025
1642 142482 1641 142369
1642 142482 1642 142397
1642 142482 1643 142526
1642 142482 1645 142590
1643 142498 1510 130673
1643 142498 1520 131445
1643 142498 1582 136834
1643 142498 1595 138189
1643 142498 1620 140527
1643 142498 1624 141015
1643 142498 1641 142372
1643 142498 1642 142387
1643 142498 1643 142523
1643 142498 1645 142656
1645 142653 1510 130713
1645 142653 1520 131442
1645 142653 1582 136919
1645 142653 1595 138186
1645 142653 1620 140538
1645 142653 1624 141001
1645 142653 1641 142352
1645 142653 1642 142415
1645 142653 1643 142513
1645 142653 1645 142617
1510 130657 1510 130694
1510 130657 1520 131483
1510 130657 1582 136899
1510 130657 1595 138204
1510 130657 1620 140555
1510 130657 1624 141023
1510 130657 1641 142305
1510 130657 1642 142456
1510 130657 1643 142510
1510 130657 1645 142656
1520 131384 1510 130678
1520 131384 1520 131452
1520 131384 1582 136892
1520 131384 1595 138196
1520 131384 1620 140582
1520 131384 1624 141023
1520 131384 1641 142336
1520 131384 1642 142460
1520 131384 1643 142514
1520 131384 1645 142640
1582 136927 1510 130723
1582 136927 1520 131482
1582 136927 1582 136890
1582 136927 1595 138262
1582 136927 1620 140566
1582 136927 1624 141026
1582 136927 1641 142284
1582 136927 1642 142429
1582 136927 1643 142502
1582 136927 1645 142594
1595 138237 1510 130655
1595 138237 1520 131409
1595 138237 1582 136947
1595 138237 1595 138187
1595 138237 1620 140584
1595 138237 1624 141020
1595 138237 1641 142311
1595 138237 1642 142393
1595 138237 1643 142513
1595 138237 1645 142676
1620 140591 1510 130666
1620 140591 1520 131427
1620 140591 1582 136834
1620 140591 1595 138246
1620 140591 1620 140576
1620 140591 1624 141012
1620 140591 1641 142334
1620 140591 1642 142490
1620 140591 1643 142517
1620 140591 1645 142556
1624 141001 1510 130704
1624 141001 1520 131398
1624 141001 1582 136950
1624 141001 1595 138231
1624 141001 1620 140537
1624 141001 1624 141018
1624 141001 1641 142347
1624 141001 1642 142384
1624 141001 1643 142499
1624 141001 1645 142676
1641 142326 1510 130685
1641 142326 1520 131450
1641 142326 1582 136932
1641 142326 1595 138195
1641 142326 1620 140589
1641 142326 1624 141002
1641 142326 1641 142368
1641 142326 1642 142419
1641 142326 1643 142512
1641 142326 1645 142567
1642 142437 1510 130648
1642 142437 1520 131441
1642 142437 1582 136856
1642 142437 1595 138216
1642 142437 1620 140520
1642 142437 1624 141008
1642 142437 1641 142293
1642 142437 1642 142419
1642 142437 1643 142496
1642 142437 1645 142671
1643 142513 1510 130703
1643 142513 1520 131404
1643 142513 1582 136915
1643 142513 1595 138239
1643 142513 1620 140518
1643 142513 1624 141019
1643 142513 1641 142381
1643 142513 1642 142386
1643 142513 1643 142523
1643 142513 1645 142661
1645 142626 1510 130672
1645 142626 1520 131379
1645 142626 1582 136864
1645 142626 1595 138297
1645 142626 1620 140514
1645 142626 1624 141002
1645 142626 1641 142314
1645 142626 1642 142447
1645 142626 1643 142496
1645 142626 1645 142574
1510 130698 1510 130723
1510 130698 1520 131425
1510 130698 1582 136856
1510 130698 1595 138199
1510 130698 1620 140511
1510 130698 1624 141002
1510 130698 1641 142371
1510 130698 1642 142456
1510 130698 1643 142520
1510 130698 1645 142620
1520 131434 1510 130724
1520 131434 1520 131385
1520 131434 1582 136872
1520 131434 1595 138272
1520 131434 1620 140511
1520 131434 1624 141004
1520 131434 1641 142345
1520 131434 1642 142479
1520 131434 1643 142495
1520 131434 1645 142611
1582 136861 1510 130712
1582 136861 1520 131383
1582 136861 1582 136937
1582 136861 1595 138243
1582 136861 1620 140605
1582 136861 1624 141012
1582 136861 1641 142299
1582 136861 1642 142477
1582 136861 1643 142511
1582 136861 1645 142590
1595 138249 1510 130702
1595 138249 1520 131421
1595 138249 1582 136915
1595 138249 1595 138231
1595 138249 1620 140573
1595 138249 1624 141019
1595 138249 1641 142348
1595 138249 1642 142436
1595 138249 1643 142517
1595 138249 1645 142685
1620 140507 1510 130726
1620 140507 1520 131427
1620 140507 1582 136886
1620 140507 1595 138267
1620 140507 1620 140596
1620 140507 1624 141007
1620 140507 1641 142298
1620 140507 1642 142416
1620 140507 1643 142499
1620 140507 1645 142559
1624 141024 1510 130669
1624 141024 1520 131430
1624 141024 1582 136876
1624 141024 1595 138307
1624 141024 1620 140605
1624 141024 1624 141005
1624 141024 1641 142375
1624 141024 1642 142482
1624 141024 1643 142512
1624 141024 1645 142643
1641 142357 1510 130728
1641 142357 1520 131410
1641 142357 1582 136920
1641 142357 1595 138299
1641 142357 1620 140583
1641 142357 1624 141020
1641 142357 1641 142373
1641 142357 1642 142437
1641 142357 1643 142497
1641 142357 1645 142569
1642 142477 1510 130709
1642 142477 1520 131440
1642 142477 1582 136891
1642 142477 1595 138287
1642 142477 1620 140530
1642 142477 1624 141023
1642 142477 1641 142299
1642 142477 1642 142478
1642 142477 1643 142515
1642 142477 1645 142666
1643 142510 1510 130719
1643 142510 1520 131428
1643 142510 1582 136847
1643 142510 1595 138255
1643 142510 1620 140554
1643 142510 1624 141001
1643 142510 1641 142282
1643 142510 1642 142391
1643 142510 1643 142516
1643 142510 1645 142589
1645 142627 1510 130683
1645 142627 1520 131491
1645 142627 1582 136848
1645 142627 1595 138276
1645 142627 1620 140542
1645 142627 1624 141003
1645 142627 1641 142287
1645 142627 1642 142477
1645 142627 1643 142512
1645 142627 1645 142653
1510 130716 1510 130657
1510 130716 1520 131442
1510 130716 1582 136844
1510 130716 1595 138245
1510 130716 1620 140587
1510 130716 1624 141012
1510 130716 1641 142339
1510 130716 1642 142439
1510 130716 1643 142523
1510 130716 1645 142572
1520 131425 1510 130690
1520 131425 1520 131435
1520 131425 1582 136856
1520 131425 1595 138301
1520 131425 1620 140549
1520 131425 1624 141011
1520 131425 1641 142341
1520 131425 1642 142456
1520 131425 1643 142522
1520 131425 1645 142574
1582 136854 1510 130697
1582 136854 1520 131393
1582 136854 1582 136940
1582 136854 1595 138300
1582 136854 1620 140519
1582 136854 1624 141004
1582 136854 1641 142340
1582 136854 1642 142454
1582 136854 1643 142505
1582 136854 1645 142616
1595 138304 1510 130687
1595 138304 1520 131421
1595 138304 1582 136845
1595 138304 1595 138315
1595 138304 1620 140524
1595 138304 1624 141003
1595 138304 1641 142342
1595 138304 1642 142401
1595 138304 1643 142496
1595 138304 1645 142584
1620 140516 1510 130695
1620 140516 1520 131469
1620 140516 1582 136932
1620 140516 1595 138247
1620 140516 1620 140594
1620 140516 1624 141005
1620 140516 1641 142312
1620 140516 1642 142408
1620 140516 1643 142518
1620 140516 1645 142575
1624 141006 1510 130690
1624 141006 1520 131482
1624 141006 1582 136930
1624 141006 1595 138280
1624 141006 1620 140572
1624 141006 1624 141005
1624 141006 1641 142320
1624 141006 1642 142465
1624 141006 1643 142504
1624 141006 1645 142672
1641 142382 1510 130689
1641 142382 1520 131440
1641 142382 1582 136839
1641 142382 1595 138185
1641 142382 1620 140600
1641 142382 1624 141013
1641 142382 1641 142313
1641 142382 1642 142491
1641 142382 1643 142516
1641 142382 1645 142668
1642 142480 1510 130676
1642 142480 1520 131433
1642 142480 1582 136903
1642 142480 1595 138228
1642 142480 1620 140573
1642 142480 1624 141011
1642 142480 1641 142355
1642 142480 1642 142421
1642 142480 1643 142517
1642 142480 1645 142566
1643 142501 1510 130687
1643 142501 1520 131394
1643 142501 1582 136921
1643 142501 1595 138321
1643 142501 1620 140554
1643 142501 1624 141001
1643 142501 1641 142355
1643 142501 1642 142391
1643 142501 1643 142521
1643 142501 1645 142626
1645 142645 1510 130658
1645 142645 1520 131380
1645 142645 1582 136882
1645 142645 1595 138292
1645 142645 1620 140601
1645 142645 1624 141007
1645 142645 1641 142350
1645 142645 1642 142492
1645 142645 1643 142505
1645 142645 1645 142616
1510 130712 1510 130665
1510 130712 1520 131431
1510 130712 1582 136894
1510 130712 1595 138284
1510 130712 1620 140572
1510 130712 1624 141014
1510 130712 1641 142314
1510 130712 1642 142473
1510 130712 1643 142497
1510 130712 1645 142648
1520 131477 1510 130675
1520 131477 1520 131451
1520 131477 1582 136907
1520 131477 1595 138297
1520 131477 1620 140547
1520 131477 1624 141003
1520 131477 1641 142327
1520 131477 1642 142399
1520 131477 1643 142505
1520 131477 1645 142590
1582 136911 1510 130712
1582 136911 1520 131465
1582 136911 1582 136862
1582 136911 1595 138287
1582 136911 1620 140534
1582 136911 1624 141024
1582 136911 1641 142362
1582 136911 1642 142430
1582 136911 1643 142496
1582 136911 1645 142687
1595 138271 1510 130687
1595 138271 1520 131443
1595 138271 1582 136861
1595 138271 1595 138224
1595 138271 1620 140536
1595 138271 1624 141014
1595 138271 1641 142288
1595 138271 1642 142458
1595 138271 1643 142502
1595 138271 1645 142628
1620 140515 1510 130676
1620 140515 1520 131408
1620 140515 1582 136868
1620 140515 1595 138253
1620 140515 1620 140591
1620 140515 1624 141009
1620 140515 1641 142282
1620 140515 1642 142434
1620 140515 1643 142518
1620 140515 1645 142678
1624 141018 1510 130649
1624 141018 1520 131415
1624 141018 1582 136958
1624 141018 1595 138319
1624 141018 1620 140535
1624 141018 1624 141011
1624 141018 1641 142346
1624 141018 1642 142445
1624 141018 1643 142512
1624 141018 1645 142666
1641 142351 1510 130730
1641 142351 1520 131439
1641 142351 1582 136871
1641 142351 1595 138272
1641 142351 1620 140507
1641 142351 1624 141001
1641 142351 1641 142291
1641 142351 1642 142412
1641 142351 1643 142503
1641 142351 1645 142683
1642 142428 1510 130663
1642 142428 1520 131382
1642 142428 1582 136900
1642 142428 1595 138202
1642 142428 1620 140582
1642 142428 1624 141011
1642 142428 1641 142381
1642 142428 1642 142434
1642 142428 1643 142504
1642 142428 1645 142698
1643 142506 1510 130683
1643 142506 1520 131426
1643 142506 1582 136888
1643 142506 1595 138240
1643 142506 1620 140517
1643 142506 1624 141004
1643 142506 1641 142284
1643 142506 1642 142420
1643 142506 1643 142524
1643 142506 1645 142680
1645 142683 1510 130667
1645 142683 1520 131413
1645 142683 1582 136961
1645 142683 1595 138314
1645 142683 1620 140533
1645 142683 1624 141022
1645 142683 1641 142295
1645 142683 1642 142393
1645 142683 1643 142516
1645 142683 1645 142553
