
=== Using cuda(utils.func). ===


=== Using cuda(utils.logger). ===

[2023-11-02 11:11:11,391][utils.utils][INFO] - [rank: 0] Enforcing tags! <cfg.extras.enforce_tags=True>
[2023-11-02 11:11:11,396][utils.utils][INFO] - [rank: 0] Printing config tree with Rich! <cfg.extras.print_config=True>
CONFIG
├── data
│   └── _target_: dataset.TripletDataModule                                     
│       cfg:                                                                    
│         n_epoch: 100                                                          
│         inst_list:                                                            
│         - drums                                                               
│         - bass                                                                
│         - piano                                                               
│         - guitar                                                              
│         - residuals                                                           
│         dataset_dir: /nas03/assets/Dataset/slakh                              
│         n_dataset_test: 1000                                                  
│         batch_train: 20                                                       
│         batch_test: 64                                                        
│         num_workers: 2                                                        
│         pin_memory: true                                                      
│         datasetname: slakh                                                    
│         train_dirname: 3s_on1.5                                               
│         test_dirname: 3s_on1.5                                                
│         load_using_librosa: true                                              
│         mono: true                                                            
│         f_size: 2048                                                          
│         hop_length: 512                                                       
│         seconds_train: 3                                                      
│         seconds_test: 3                                                       
│         sr: 44100                                                             
│         mel: false                                                            
│         n_mels: 259                                                           
│         db: true                                                              
│         target: model.UNetForTriplet_2d_de5_to1d640                           
│         to1d_mode: mean_linear                                                
│         order: timefreq                                                       
│         margin: 0.2                                                           
│         lr: 0.001                                                             
│         monitor_es: Valid/loss_all                                            
│         monitor_mode_es: min                                                  
│         triplet_rate: 1                                                       
│         unet_rate: 0                                                          
│         recog_rate: 0                                                         
│         output_dir: /home/imamura23/nas02home/outputs/triplet_with_unet/runs/2
│                                                                               
├── model
│   └── _target_: model.Triplet                                                 
│       optimizer:                                                              
│         _target_: torch.optim.Adam                                            
│         _partial_: true                                                       
│         lr: 0.001                                                             
│         weight_decay: 0.0                                                     
│       scheduler: null                                                         
│       net:                                                                    
│         _target_: model.UNetForTriplet_2d_de5_to1d640                         
│         inst_list:                                                            
│         - drums                                                               
│         - bass                                                                
│         - piano                                                               
│         - guitar                                                              
│         - residuals                                                           
│         f_size: 259                                                           
│         mono: true                                                            
│         to1d_mode: mean_linear                                                
│         order: timefreq                                                       
│       cfg:                                                                    
│         n_epoch: 100                                                          
│         inst_list:                                                            
│         - drums                                                               
│         - bass                                                                
│         - piano                                                               
│         - guitar                                                              
│         - residuals                                                           
│         dataset_dir: /nas03/assets/Dataset/slakh                              
│         n_dataset_test: 1000                                                  
│         batch_train: 20                                                       
│         batch_test: 64                                                        
│         num_workers: 2                                                        
│         pin_memory: true                                                      
│         datasetname: slakh                                                    
│         train_dirname: 3s_on1.5                                               
│         test_dirname: 3s_on1.5                                                
│         load_using_librosa: true                                              
│         mono: true                                                            
│         f_size: 2048                                                          
│         hop_length: 512                                                       
│         seconds_train: 3                                                      
│         seconds_test: 3                                                       
│         sr: 44100                                                             
│         mel: false                                                            
│         n_mels: 259                                                           
│         db: true                                                              
│         target: model.UNetForTriplet_2d_de5_to1d640                           
│         to1d_mode: mean_linear                                                
│         order: timefreq                                                       
│         margin: 0.2                                                           
│         lr: 0.001                                                             
│         monitor_es: Valid/loss_all                                            
│         monitor_mode_es: min                                                  
│         triplet_rate: 1                                                       
│         unet_rate: 0                                                          
│         recog_rate: 0                                                         
│         output_dir: /home/imamura23/nas02home/outputs/triplet_with_unet/runs/2
│                                                                               
├── callbacks
│   └── model_checkpoint:                                                       
│         _target_: pytorch_lightning.callbacks.ModelCheckpoint                 
│         dirpath: /home/imamura23/nas02home/outputs/triplet_with_unet/runs/2023
│         filename: epoch_{epoch:03d}                                           
│         monitor: Valid/loss_all                                               
│         verbose: true                                                         
│         save_last: true                                                       
│         save_top_k: 1                                                         
│         mode: min                                                             
│         auto_insert_metric_name: false                                        
│         save_weights_only: false                                              
│         every_n_train_steps: null                                             
│         train_time_interval: null                                             
│         every_n_epochs: null                                                  
│         save_on_train_epoch_end: null                                         
│       early_stopping:                                                         
│         _target_: pytorch_lightning.callbacks.EarlyStopping                   
│         monitor: Valid/loss_all                                               
│         min_delta: 0.0                                                        
│         patience: 10                                                          
│         verbose: true                                                         
│         mode: min                                                             
│         strict: true                                                          
│         check_finite: true                                                    
│         stopping_threshold: null                                              
│         divergence_threshold: null                                            
│         check_on_train_epoch_end: null                                        
│       tqdm_progress_bar:                                                      
│         _target_: pytorch_lightning.callbacks.TQDMProgressBar                 
│         refresh_rate: 50                                                      
│                                                                               
├── logger
│   └── tensorboard:                                                            
│         _target_: pytorch_lightning.loggers.tensorboard.TensorBoardLogger     
│         save_dir: /home/imamura23/nas02home/outputs/triplet_with_unet/runs/202
│         name: lightning_logs                                                  
│         log_graph: false                                                      
│         default_hp_metric: true                                               
│         prefix: ''                                                            
│                                                                               
├── trainer
│   └── _target_: pytorch_lightning.trainer.Trainer                             
│       default_root_dir: /home/imamura23/nas02home/outputs/triplet_with_unet/ru
│       min_epochs: 1                                                           
│       max_epochs: 100                                                         
│       accelerator: auto                                                       
│       devices: 1                                                              
│       precision: 16                                                           
│       check_val_every_n_epoch: 1                                              
│       deterministic: false                                                    
│       enable_progress_bar: true                                               
│       log_every_n_steps: 10                                                   
│                                                                               
├── paths
│   └── root_dir: /home/imamura23/nas01home/codes/MusicSimilarityWithUNet       
│       data_dir: /home/imamura23/nas01home/codes/MusicSimilarityWithUNet/datase
│       log_dir: /home/imamura23/nas02home/outputs/                             
│       output_dir: /home/imamura23/nas02home/outputs/triplet_with_unet/runs/202
│       work_dir: /nas01/homes/imamura23-1000067/codes/MusicSimilarityWithUNet  
│                                                                               
├── extras
│   └── ignore_warnings: false                                                  
│       enforce_tags: true                                                      
│       print_config: true                                                      
│                                                                               
├── task_name
│   └── triplet_with_unet                                                       
├── train
│   └── n_epoch: 100                                                            
│       inst_list:                                                              
│       - drums                                                                 
│       - bass                                                                  
│       - piano                                                                 
│       - guitar                                                                
│       - residuals                                                             
│       dataset_dir: /nas03/assets/Dataset/slakh                                
│       n_dataset_test: 1000                                                    
│       batch_train: 20                                                         
│       batch_test: 64                                                          
│       num_workers: 2                                                          
│       pin_memory: true                                                        
│       datasetname: slakh                                                      
│       train_dirname: 3s_on1.5                                                 
│       test_dirname: 3s_on1.5                                                  
│       load_using_librosa: true                                                
│       mono: true                                                              
│       f_size: 2048                                                            
│       hop_length: 512                                                         
│       seconds_train: 3                                                        
│       seconds_test: 3                                                         
│       sr: 44100                                                               
│       mel: false                                                              
│       n_mels: 259                                                             
│       db: true                                                                
│       target: model.UNetForTriplet_2d_de5_to1d640                             
│       to1d_mode: mean_linear                                                  
│       order: timefreq                                                         
│       margin: 0.2                                                             
│       lr: 0.001                                                               
│       monitor_es: Valid/loss_all                                              
│       monitor_mode_es: min                                                    
│       triplet_rate: 1                                                         
│       unet_rate: 0                                                            
│       recog_rate: 0                                                           
│       output_dir: /home/imamura23/nas02home/outputs/triplet_with_unet/runs/202
│                                                                               
├── test
│   └── True                                                                    
├── tags
│   └── ['triplet', 'model_2d_to1d640_de5']                                     
├── ckpt_path
│   └── None                                                                    
└── seed
    └── None                                                                    
[2023-11-02 11:11:11,478][source.train][INFO] - [rank: 0] Instantiating datamodule <dataset.TripletDataModule>
[2023-11-02 11:11:11,497][source.train][INFO] - [rank: 0] Instantiating model <model.Triplet>

=== Using cuda(model.csn). ===


=== Using cuda(model.unet5.model_csn_640). ===


=== Using cuda(model.unet5.model_csn_640_de5). ===


=== Using cuda(model.unet5.model_normal). ===


=== Using cuda(model.unet5.model_notcsn_640_de5). ===


=== Using cuda(model.unet5.model_unet5_1d_de5). ===


=== Using cuda(model.waveunet.model_waveunet5). ===


=== Using cuda(model.triplet.model_triplet_csn_640_de5). ===


=== Using cuda(model.triplet.model_triplet_csn_640_de1). ===


=== Using cuda(model.triplet.model_triplet_128_de1). ===


=== Using cuda(model.triplet.model_triplet_inst). ===


=== Using cuda(model.triplet.model_triplet_1d_de5_embnet). ===


=== Using cuda(model.triplet.model_triplet_1d_de5_ae_embnet). ===


=== Using cuda(model.to1d.model_linear). ===


=== Using cuda(model.to1d.model_embedding). ===


=== Using cuda(model.triplet.model_triplet_csn640_de5_to1d_embedding). ===


=== Using cuda(model.triplet.model_triplet_to1d_embnet_silence). ===


=== Using cuda(model.triplet.model_triplet_2d_de5_to1d_embnet_lastmean). ===


=== Using cuda(model.triplet.model_nnet). ===


=== Using cuda(model.triplet.model_triplet_2d_csn640de5_to1d640). ===


=== Using cuda(model.jnet.model_jnet_128_embnet). ===


=== Using cuda(model.triplet.model_triplet_csn640_to1d640_1dde5). ===


=== Using cuda(model.triplet.model_triplet_to1d640_1dde1_embedding). ===


=== Using cuda(model.AE.model_ae). ===


=== Using cuda(model.demucs.model_demucs). ===


=== Using cuda(model.demucs.model_hdemucs). ===


=== Using cuda(model.jnet.model_jnet_attention). ===

[2023-11-02 11:11:14,686][torch.distributed.nn.jit.instantiator][INFO] - Created a temporary directory at /tmp/tmptbc19pdz
[2023-11-02 11:11:14,686][torch.distributed.nn.jit.instantiator][INFO] - Writing /tmp/tmptbc19pdz/_remote_module_non_scriptable.py
UNetForTriplet_2d_de5_to1d640(
  (encoder): UNetEncoder(
    (conv1): Conv2d(
      (conv): Sequential(
        (0): Conv2d(1, 16, kernel_size=(5, 5), stride=(2, 2), padding=(2, 2))
        (bn): BatchNorm2d(16, eps=1e-05, momentum=0.1, affine=True, track_running_stats=True)
        (rl): LeakyReLU(negative_slope=0.2)
      )
    )
    (conv2): Conv2d(
      (conv): Sequential(
        (0): Conv2d(16, 32, kernel_size=(5, 5), stride=(2, 2), padding=(2, 2))
        (bn): BatchNorm2d(32, eps=1e-05, momentum=0.1, affine=True, track_running_stats=True)
        (rl): LeakyReLU(negative_slope=0.2)
      )
    )
    (conv3): Conv2d(
      (conv): Sequential(
        (0): Conv2d(32, 64, kernel_size=(5, 5), stride=(2, 2), padding=(2, 2))
        (bn): BatchNorm2d(64, eps=1e-05, momentum=0.1, affine=True, track_running_stats=True)
        (rl): LeakyReLU(negative_slope=0.2)
      )
    )
    (conv4): Conv2d(
      (conv): Sequential(
        (0): Conv2d(64, 128, kernel_size=(5, 5), stride=(2, 2), padding=(2, 2))
        (bn): BatchNorm2d(128, eps=1e-05, momentum=0.1, affine=True, track_running_stats=True)
        (rl): LeakyReLU(negative_slope=0.2)
      )
    )
    (conv5): Conv2d(
      (conv): Sequential(
        (0): Conv2d(128, 256, kernel_size=(5, 5), stride=(2, 2), padding=(2, 2))
        (bn): BatchNorm2d(256, eps=1e-05, momentum=0.1, affine=True, track_running_stats=True)
        (rl): LeakyReLU(negative_slope=0.2)
      )
    )
    (conv6): Conv2d(
      (conv): Sequential(
        (0): Conv2d(256, 640, kernel_size=(5, 5), stride=(2, 2), padding=(2, 2))
      )
    )
  )
  (decoder_drums): UNetDecoder(
    (deconv6_a): ConvTranspose2d(640, 256, kernel_size=(5, 5), stride=(2, 2), padding=(2, 2))
    (deconv6_b): Sequential(
      (0): BatchNorm2d(256, eps=1e-05, momentum=0.1, affine=True, track_running_stats=True)
      (1): LeakyReLU(negative_slope=0.2)
      (2): Dropout2d(p=0.5, inplace=False)
    )
    (deconv5_a): ConvTranspose2d(512, 128, kernel_size=(5, 5), stride=(2, 2), padding=(2, 2))
    (deconv5_b): Sequential(
      (0): BatchNorm2d(128, eps=1e-05, momentum=0.1, affine=True, track_running_stats=True)
      (1): LeakyReLU(negative_slope=0.2)
      (2): Dropout2d(p=0.5, inplace=False)
    )
    (deconv4_a): ConvTranspose2d(256, 64, kernel_size=(5, 5), stride=(2, 2), padding=(2, 2))
    (deconv4_b): Sequential(
      (0): BatchNorm2d(64, eps=1e-05, momentum=0.1, affine=True, track_running_stats=True)
      (1): LeakyReLU(negative_slope=0.2)
      (2): Dropout2d(p=0.5, inplace=False)
    )
    (deconv3_a): ConvTranspose2d(128, 32, kernel_size=(5, 5), stride=(2, 2), padding=(2, 2))
    (deconv3_b): Sequential(
      (0): BatchNorm2d(32, eps=1e-05, momentum=0.1, affine=True, track_running_stats=True)
      (1): LeakyReLU(negative_slope=0.2)
    )
    (deconv2_a): ConvTranspose2d(64, 16, kernel_size=(5, 5), stride=(2, 2), padding=(2, 2))
    (deconv2_b): Sequential(
      (0): BatchNorm2d(16, eps=1e-05, momentum=0.1, affine=True, track_running_stats=True)
      (1): LeakyReLU(negative_slope=0.2)
    )
    (deconv1_a): ConvTranspose2d(32, 1, kernel_size=(5, 5), stride=(2, 2), padding=(2, 2))
  )
  (decoder_bass): UNetDecoder(
    (deconv6_a): ConvTranspose2d(640, 256, kernel_size=(5, 5), stride=(2, 2), padding=(2, 2))
    (deconv6_b): Sequential(
      (0): BatchNorm2d(256, eps=1e-05, momentum=0.1, affine=True, track_running_stats=True)
      (1): LeakyReLU(negative_slope=0.2)
      (2): Dropout2d(p=0.5, inplace=False)
    )
    (deconv5_a): ConvTranspose2d(512, 128, kernel_size=(5, 5), stride=(2, 2), padding=(2, 2))
    (deconv5_b): Sequential(
      (0): BatchNorm2d(128, eps=1e-05, momentum=0.1, affine=True, track_running_stats=True)
      (1): LeakyReLU(negative_slope=0.2)
      (2): Dropout2d(p=0.5, inplace=False)
    )
    (deconv4_a): ConvTranspose2d(256, 64, kernel_size=(5, 5), stride=(2, 2), padding=(2, 2))
    (deconv4_b): Sequential(
      (0): BatchNorm2d(64, eps=1e-05, momentum=0.1, affine=True, track_running_stats=True)
      (1): LeakyReLU(negative_slope=0.2)
      (2): Dropout2d(p=0.5, inplace=False)
    )
    (deconv3_a): ConvTranspose2d(128, 32, kernel_size=(5, 5), stride=(2, 2), padding=(2, 2))
    (deconv3_b): Sequential(
      (0): BatchNorm2d(32, eps=1e-05, momentum=0.1, affine=True, track_running_stats=True)
      (1): LeakyReLU(negative_slope=0.2)
    )
    (deconv2_a): ConvTranspose2d(64, 16, kernel_size=(5, 5), stride=(2, 2), padding=(2, 2))
    (deconv2_b): Sequential(
      (0): BatchNorm2d(16, eps=1e-05, momentum=0.1, affine=True, track_running_stats=True)
      (1): LeakyReLU(negative_slope=0.2)
    )
    (deconv1_a): ConvTranspose2d(32, 1, kernel_size=(5, 5), stride=(2, 2), padding=(2, 2))
  )
  (decoder_piano): UNetDecoder(
    (deconv6_a): ConvTranspose2d(640, 256, kernel_size=(5, 5), stride=(2, 2), padding=(2, 2))
    (deconv6_b): Sequential(
      (0): BatchNorm2d(256, eps=1e-05, momentum=0.1, affine=True, track_running_stats=True)
      (1): LeakyReLU(negative_slope=0.2)
      (2): Dropout2d(p=0.5, inplace=False)
    )
    (deconv5_a): ConvTranspose2d(512, 128, kernel_size=(5, 5), stride=(2, 2), padding=(2, 2))
    (deconv5_b): Sequential(
      (0): BatchNorm2d(128, eps=1e-05, momentum=0.1, affine=True, track_running_stats=True)
      (1): LeakyReLU(negative_slope=0.2)
      (2): Dropout2d(p=0.5, inplace=False)
    )
    (deconv4_a): ConvTranspose2d(256, 64, kernel_size=(5, 5), stride=(2, 2), padding=(2, 2))
    (deconv4_b): Sequential(
      (0): BatchNorm2d(64, eps=1e-05, momentum=0.1, affine=True, track_running_stats=True)
      (1): LeakyReLU(negative_slope=0.2)
      (2): Dropout2d(p=0.5, inplace=False)
    )
    (deconv3_a): ConvTranspose2d(128, 32, kernel_size=(5, 5), stride=(2, 2), padding=(2, 2))
    (deconv3_b): Sequential(
      (0): BatchNorm2d(32, eps=1e-05, momentum=0.1, affine=True, track_running_stats=True)
      (1): LeakyReLU(negative_slope=0.2)
    )
    (deconv2_a): ConvTranspose2d(64, 16, kernel_size=(5, 5), stride=(2, 2), padding=(2, 2))
    (deconv2_b): Sequential(
      (0): BatchNorm2d(16, eps=1e-05, momentum=0.1, affine=True, track_running_stats=True)
      (1): LeakyReLU(negative_slope=0.2)
    )
    (deconv1_a): ConvTranspose2d(32, 1, kernel_size=(5, 5), stride=(2, 2), padding=(2, 2))
  )
  (decoder_guitar): UNetDecoder(
    (deconv6_a): ConvTranspose2d(640, 256, kernel_size=(5, 5), stride=(2, 2), padding=(2, 2))
    (deconv6_b): Sequential(
      (0): BatchNorm2d(256, eps=1e-05, momentum=0.1, affine=True, track_running_stats=True)
      (1): LeakyReLU(negative_slope=0.2)
      (2): Dropout2d(p=0.5, inplace=False)
    )
    (deconv5_a): ConvTranspose2d(512, 128, kernel_size=(5, 5), stride=(2, 2), padding=(2, 2))
    (deconv5_b): Sequential(
      (0): BatchNorm2d(128, eps=1e-05, momentum=0.1, affine=True, track_running_stats=True)
      (1): LeakyReLU(negative_slope=0.2)
      (2): Dropout2d(p=0.5, inplace=False)
    )
    (deconv4_a): ConvTranspose2d(256, 64, kernel_size=(5, 5), stride=(2, 2), padding=(2, 2))
    (deconv4_b): Sequential(
      (0): BatchNorm2d(64, eps=1e-05, momentum=0.1, affine=True, track_running_stats=True)
      (1): LeakyReLU(negative_slope=0.2)
      (2): Dropout2d(p=0.5, inplace=False)
    )
    (deconv3_a): ConvTranspose2d(128, 32, kernel_size=(5, 5), stride=(2, 2), padding=(2, 2))
    (deconv3_b): Sequential(
      (0): BatchNorm2d(32, eps=1e-05, momentum=0.1, affine=True, track_running_stats=True)
      (1): LeakyReLU(negative_slope=0.2)
    )
    (deconv2_a): ConvTranspose2d(64, 16, kernel_size=(5, 5), stride=(2, 2), padding=(2, 2))
    (deconv2_b): Sequential(
      (0): BatchNorm2d(16, eps=1e-05, momentum=0.1, affine=True, track_running_stats=True)
      (1): LeakyReLU(negative_slope=0.2)
    )
    (deconv1_a): ConvTranspose2d(32, 1, kernel_size=(5, 5), stride=(2, 2), padding=(2, 2))
  )
  (decoder_residuals): UNetDecoder(
    (deconv6_a): ConvTranspose2d(640, 256, kernel_size=(5, 5), stride=(2, 2), padding=(2, 2))
    (deconv6_b): Sequential(
      (0): BatchNorm2d(256, eps=1e-05, momentum=0.1, affine=True, track_running_stats=True)
      (1): LeakyReLU(negative_slope=0.2)
      (2): Dropout2d(p=0.5, inplace=False)
    )
    (deconv5_a): ConvTranspose2d(512, 128, kernel_size=(5, 5), stride=(2, 2), padding=(2, 2))
    (deconv5_b): Sequential(
      (0): BatchNorm2d(128, eps=1e-05, momentum=0.1, affine=True, track_running_stats=True)
      (1): LeakyReLU(negative_slope=0.2)
      (2): Dropout2d(p=0.5, inplace=False)
    )
    (deconv4_a): ConvTranspose2d(256, 64, kernel_size=(5, 5), stride=(2, 2), padding=(2, 2))
    (deconv4_b): Sequential(
      (0): BatchNorm2d(64, eps=1e-05, momentum=0.1, affine=True, track_running_stats=True)
      (1): LeakyReLU(negative_slope=0.2)
      (2): Dropout2d(p=0.5, inplace=False)
    )
    (deconv3_a): ConvTranspose2d(128, 32, kernel_size=(5, 5), stride=(2, 2), padding=(2, 2))
    (deconv3_b): Sequential(
      (0): BatchNorm2d(32, eps=1e-05, momentum=0.1, affine=True, track_running_stats=True)
      (1): LeakyReLU(negative_slope=0.2)
    )
    (deconv2_a): ConvTranspose2d(64, 16, kernel_size=(5, 5), stride=(2, 2), padding=(2, 2))
    (deconv2_b): Sequential(
      (0): BatchNorm2d(16, eps=1e-05, momentum=0.1, affine=True, track_running_stats=True)
      (1): LeakyReLU(negative_slope=0.2)
    )
    (deconv1_a): ConvTranspose2d(32, 1, kernel_size=(5, 5), stride=(2, 2), padding=(2, 2))
  )
  (to1d): To1D640(
    (to1d): To1D640timefreq(
      (fc1): Linear(in_features=3200, out_features=640, bias=True)
    )
  )
  (sigmoid): Sigmoid()
)
[2023-11-02 11:11:14,785][source.train][INFO] - [rank: 0] Instantiating callbacks...
[2023-11-02 11:11:14,785][utils.instantiators][INFO] - [rank: 0] Instantiating callback <pytorch_lightning.callbacks.ModelCheckpoint>
[2023-11-02 11:11:14,791][utils.instantiators][INFO] - [rank: 0] Instantiating callback <pytorch_lightning.callbacks.EarlyStopping>
[2023-11-02 11:11:14,792][utils.instantiators][INFO] - [rank: 0] Instantiating callback <pytorch_lightning.callbacks.TQDMProgressBar>
[2023-11-02 11:11:14,793][source.train][INFO] - [rank: 0] Instantiating loggers...
[2023-11-02 11:11:14,793][utils.instantiators][INFO] - [rank: 0] Instantiating logger <pytorch_lightning.loggers.tensorboard.TensorBoardLogger>
[2023-11-02 11:11:14,843][source.train][INFO] - [rank: 0] Instantiating trainer <pytorch_lightning.trainer.Trainer>
[2023-11-02 11:11:15,097][source.train][INFO] - [rank: 0] Logging hyperparameters!
[2023-11-02 11:11:15,383][source.train][INFO] - [rank: 0] Starting training!

----------------------------------------
Use dataset slakh.
The frame size is setted to 2048.
The length of seg for train is 3s.
The length of seg for valid and test is 3s.
----------------------------------------
	Loading dataset...
	dataset was loaded!
	* Loading time is 0.5021023750305176 sec. *
Sanity Checking: |          | 0/? [00:00<?, ?it/s]Sanity Checking:   0%|          | 0/2 [00:00<?, ?it/s]Sanity Checking DataLoader 0:   0%|          | 0/2 [00:00<?, ?it/s][2023-11-02 11:11:47,084][utils.utils][ERROR] - [rank: 0] 
Traceback (most recent call last):
  File "/nas01/homes/imamura23-1000067/codes/MusicSimilarityWithUNet/utils/utils.py", line 68, in wrap
    metric_dict, object_dict = task_func(cfg=cfg)
  File "/nas01/homes/imamura23-1000067/codes/MusicSimilarityWithUNet/source/train.py", line 92, in train
    trainer.fit(model=model, datamodule=datamodule, ckpt_path=cfg.get("ckpt_path"))
  File "/home/imamura23/nas01home/codes/env/lib/python3.10/site-packages/pytorch_lightning/trainer/trainer.py", line 545, in fit
    call._call_and_handle_interrupt(
  File "/home/imamura23/nas01home/codes/env/lib/python3.10/site-packages/pytorch_lightning/trainer/call.py", line 44, in _call_and_handle_interrupt
    return trainer_fn(*args, **kwargs)
  File "/home/imamura23/nas01home/codes/env/lib/python3.10/site-packages/pytorch_lightning/trainer/trainer.py", line 581, in _fit_impl
    self._run(model, ckpt_path=ckpt_path)
  File "/home/imamura23/nas01home/codes/env/lib/python3.10/site-packages/pytorch_lightning/trainer/trainer.py", line 990, in _run
    results = self._run_stage()
  File "/home/imamura23/nas01home/codes/env/lib/python3.10/site-packages/pytorch_lightning/trainer/trainer.py", line 1034, in _run_stage
    self._run_sanity_check()
  File "/home/imamura23/nas01home/codes/env/lib/python3.10/site-packages/pytorch_lightning/trainer/trainer.py", line 1063, in _run_sanity_check
    val_loop.run()
  File "/home/imamura23/nas01home/codes/env/lib/python3.10/site-packages/pytorch_lightning/loops/utilities.py", line 181, in _decorator
    return loop_run(self, *args, **kwargs)
  File "/home/imamura23/nas01home/codes/env/lib/python3.10/site-packages/pytorch_lightning/loops/evaluation_loop.py", line 134, in run
    self._evaluation_step(batch, batch_idx, dataloader_idx, dataloader_iter)
  File "/home/imamura23/nas01home/codes/env/lib/python3.10/site-packages/pytorch_lightning/loops/evaluation_loop.py", line 391, in _evaluation_step
    output = call._call_strategy_hook(trainer, hook_name, *step_args)
  File "/home/imamura23/nas01home/codes/env/lib/python3.10/site-packages/pytorch_lightning/trainer/call.py", line 309, in _call_strategy_hook
    output = fn(*args, **kwargs)
  File "/home/imamura23/nas01home/codes/env/lib/python3.10/site-packages/pytorch_lightning/strategies/strategy.py", line 403, in validation_step
    return self.lightning_module.validation_step(*args, **kwargs)
  File "/nas01/homes/imamura23-1000067/codes/MusicSimilarityWithUNet/model/triplet/triplet.py", line 416, in validation_step
    loss_all = self.model_step("Valid", batch)
  File "/nas01/homes/imamura23-1000067/codes/MusicSimilarityWithUNet/model/triplet/triplet.py", line 293, in model_step
    loss_all, loss_unet, loss_triplet, dist_p, dist_n, loss_recog, c_prob, cases = self.forward(batch)
  File "/nas01/homes/imamura23-1000067/codes/MusicSimilarityWithUNet/model/triplet/triplet.py", line 267, in forward
    a_e, a_prob, a_mask = self.net(a_x)
  File "/home/imamura23/nas01home/codes/env/lib/python3.10/site-packages/torch/nn/modules/module.py", line 1130, in _call_impl
    return forward_call(*input, **kwargs)
  File "/nas01/homes/imamura23-1000067/codes/MusicSimilarityWithUNet/model/triplet/model_triplet_2d_csn640de5_to1d640.py", line 172, in forward
    output_emb = self.to1d(conv6_out)
  File "/home/imamura23/nas01home/codes/env/lib/python3.10/site-packages/torch/nn/modules/module.py", line 1130, in _call_impl
    return forward_call(*input, **kwargs)
  File "/nas01/homes/imamura23-1000067/codes/MusicSimilarityWithUNet/model/to1d/model_linear.py", line 227, in forward
    emb_vec = self.to1d(input)
  File "/home/imamura23/nas01home/codes/env/lib/python3.10/site-packages/torch/nn/modules/module.py", line 1130, in _call_impl
    return forward_call(*input, **kwargs)
  File "/nas01/homes/imamura23-1000067/codes/MusicSimilarityWithUNet/model/to1d/model_linear.py", line 36, in forward
    output = self.fc1(out_mean_2d)
  File "/home/imamura23/nas01home/codes/env/lib/python3.10/site-packages/torch/nn/modules/module.py", line 1130, in _call_impl
    return forward_call(*input, **kwargs)
  File "/home/imamura23/nas01home/codes/env/lib/python3.10/site-packages/torch/nn/modules/linear.py", line 114, in forward
    return F.linear(input, self.weight, self.bias)
RuntimeError: mat1 and mat2 shapes cannot be multiplied (64x10880 and 3200x640)
[2023-11-02 11:11:47,114][utils.utils][INFO] - [rank: 0] Output dir: /home/imamura23/nas02home/outputs/triplet_with_unet/runs/2023-11-02/11-11-11
                                                                   