/home/imamura23/nas01home/codes/env/lib/python3.10/site-packages/pytorch_lightning/utilities/parsing.py:198: Attribute 'net' is an instance of `nn.Module` and is already saved during checkpointing. It is recommended to ignore them using `self.save_hyperparameters(ignore=['net'])`.
/home/imamura23/nas01home/codes/env/lib/python3.10/site-packages/lightning_fabric/connector.py:565: `precision=16` is supported for historical reasons but its usage is discouraged. Please set your precision to 16-mixed instead!
/home/imamura23/nas01home/codes/env/lib/python3.10/site-packages/lightning_fabric/plugins/environments/slurm.py:191: The `srun` command is available on your system but is not used. HINT: If your intention is to run Lightning on SLURM, prepend your python command with `srun` like so: srun python3 ./train.py ...
Using 16bit Automatic Mixed Precision (AMP)
GPU available: True (cuda), used: True
TPU available: False, using: 0 TPU cores
IPU available: False, using: 0 IPUs
HPU available: False, using: 0 HPUs
You are using a CUDA device ('NVIDIA GeForce RTX 3090') that has Tensor Cores. To properly utilize them, you should set `torch.set_float32_matmul_precision('medium' | 'high')` which will trade-off precision for performance. For more details, read https://pytorch.org/docs/stable/generated/torch.set_float32_matmul_precision.html#torch.set_float32_matmul_precision
LOCAL_RANK: 0 - CUDA_VISIBLE_DEVICES: [0]

  | Name               | Type                          | Params
---------------------------------------------------------------------
0 | net                | UNetForTriplet_2d_de5_to1d640 | 38.6 M
1 | loss_unet          | L1Loss                        | 0     
2 | loss_triplet       | MarginRankingLoss             | 0     
3 | loss_l2            | MSELoss                       | 0     
4 | loss_mrl           | MarginRankingLoss             | 0     
5 | loss_cross_entropy | BCEWithLogitsLoss             | 0     
6 | recorder           | ModuleDict                    | 0     
---------------------------------------------------------------------
38.6 M    Trainable params
0         Non-trainable params
38.6 M    Total params
154.426   Total estimated model params size (MB)
slurmstepd-mrcompute02: error: *** JOB 70196 ON mrcompute02 CANCELLED AT 2023-11-04T00:39:52 ***
