/home/imamura23/nas01home/codes/env/lib/python3.10/site-packages/pytorch_lightning/utilities/parsing.py:198: Attribute 'net' is an instance of `nn.Module` and is already saved during checkpointing. It is recommended to ignore them using `self.save_hyperparameters(ignore=['net'])`.
/home/imamura23/nas01home/codes/env/lib/python3.10/site-packages/lightning_fabric/connector.py:565: `precision=16` is supported for historical reasons but its usage is discouraged. Please set your precision to 16-mixed instead!
/home/imamura23/nas01home/codes/env/lib/python3.10/site-packages/lightning_fabric/plugins/environments/slurm.py:191: The `srun` command is available on your system but is not used. HINT: If your intention is to run Lightning on SLURM, prepend your python command with `srun` like so: srun python3 ./train.py experiment=triplet_with_unet/x task_name ...
Using 16bit Automatic Mixed Precision (AMP)
GPU available: True (cuda), used: True
TPU available: False, using: 0 TPU cores
IPU available: False, using: 0 IPUs
HPU available: False, using: 0 HPUs
LOCAL_RANK: 0 - CUDA_VISIBLE_DEVICES: [0]

  | Name               | Type                          | Params
---------------------------------------------------------------------
0 | net                | UNetForTriplet_2d_de5_to1d640 | 38.6 M
1 | loss_unet          | L1Loss                        | 0     
2 | loss_triplet       | MarginRankingLoss             | 0     
3 | loss_l2            | MSELoss                       | 0     
4 | loss_mrl           | MarginRankingLoss             | 0     
5 | loss_cross_entropy | BCEWithLogitsLoss             | 0     
6 | recorder           | ModuleDict                    | 0     
---------------------------------------------------------------------
38.6 M    Trainable params
0         Non-trainable params
38.6 M    Total params
154.432   Total estimated model params size (MB)
/home/imamura23/nas01home/codes/env/lib/python3.10/site-packages/torchmetrics/utilities/prints.py:43: UserWarning: Encounted `nan` values in tensor. Will be removed.
  warnings.warn(*args, **kwargs)  # noqa: B028
Metric Valid/knn_avr improved. New best score: 0.629
Epoch 0, global step 313: 'Valid/knn_avr' reached 0.62911 (best 0.62911), saving model to '/nas02/homes/imamura23-1000067/outputs/triplet_with_unet/runs/2023-11-15/15-55-59/checkpoints/epoch_000.ckpt' as top 1
/home/imamura23/nas01home/codes/env/lib/python3.10/site-packages/torchmetrics/utilities/prints.py:43: UserWarning: Encounted `nan` values in tensor. Will be removed.
  warnings.warn(*args, **kwargs)  # noqa: B028
Metric Valid/knn_avr improved by 0.023 >= min_delta = 0.0. New best score: 0.653
Epoch 1, global step 626: 'Valid/knn_avr' reached 0.65251 (best 0.65251), saving model to '/nas02/homes/imamura23-1000067/outputs/triplet_with_unet/runs/2023-11-15/15-55-59/checkpoints/epoch_001.ckpt' as top 2
/home/imamura23/nas01home/codes/env/lib/python3.10/site-packages/torchmetrics/utilities/prints.py:43: UserWarning: Encounted `nan` values in tensor. Will be removed.
  warnings.warn(*args, **kwargs)  # noqa: B028
Epoch 2, global step 939: 'Valid/knn_avr' reached 0.64913 (best 0.65251), saving model to '/nas02/homes/imamura23-1000067/outputs/triplet_with_unet/runs/2023-11-15/15-55-59/checkpoints/epoch_002.ckpt' as top 3
/home/imamura23/nas01home/codes/env/lib/python3.10/site-packages/torchmetrics/utilities/prints.py:43: UserWarning: Encounted `nan` values in tensor. Will be removed.
  warnings.warn(*args, **kwargs)  # noqa: B028
Epoch 3, global step 1252: 'Valid/knn_avr' reached 0.63534 (best 0.65251), saving model to '/nas02/homes/imamura23-1000067/outputs/triplet_with_unet/runs/2023-11-15/15-55-59/checkpoints/epoch_003.ckpt' as top 4
/home/imamura23/nas01home/codes/env/lib/python3.10/site-packages/torchmetrics/utilities/prints.py:43: UserWarning: Encounted `nan` values in tensor. Will be removed.
  warnings.warn(*args, **kwargs)  # noqa: B028
Epoch 4, global step 1565: 'Valid/knn_avr' reached 0.64641 (best 0.65251), saving model to '/nas02/homes/imamura23-1000067/outputs/triplet_with_unet/runs/2023-11-15/15-55-59/checkpoints/epoch_004.ckpt' as top 5
/home/imamura23/nas01home/codes/env/lib/python3.10/site-packages/torchmetrics/utilities/prints.py:43: UserWarning: Encounted `nan` values in tensor. Will be removed.
  warnings.warn(*args, **kwargs)  # noqa: B028
Epoch 5, global step 1878: 'Valid/knn_avr' reached 0.64591 (best 0.65251), saving model to '/nas02/homes/imamura23-1000067/outputs/triplet_with_unet/runs/2023-11-15/15-55-59/checkpoints/epoch_005.ckpt' as top 6
/home/imamura23/nas01home/codes/env/lib/python3.10/site-packages/torchmetrics/utilities/prints.py:43: UserWarning: Encounted `nan` values in tensor. Will be removed.
  warnings.warn(*args, **kwargs)  # noqa: B028
Epoch 6, global step 2191: 'Valid/knn_avr' reached 0.63511 (best 0.65251), saving model to '/nas02/homes/imamura23-1000067/outputs/triplet_with_unet/runs/2023-11-15/15-55-59/checkpoints/epoch_006.ckpt' as top 7
/home/imamura23/nas01home/codes/env/lib/python3.10/site-packages/torchmetrics/utilities/prints.py:43: UserWarning: Encounted `nan` values in tensor. Will be removed.
  warnings.warn(*args, **kwargs)  # noqa: B028
Epoch 7, global step 2504: 'Valid/knn_avr' reached 0.64809 (best 0.65251), saving model to '/nas02/homes/imamura23-1000067/outputs/triplet_with_unet/runs/2023-11-15/15-55-59/checkpoints/epoch_007.ckpt' as top 8
/home/imamura23/nas01home/codes/env/lib/python3.10/site-packages/torchmetrics/utilities/prints.py:43: UserWarning: Encounted `nan` values in tensor. Will be removed.
  warnings.warn(*args, **kwargs)  # noqa: B028
Epoch 8, global step 2817: 'Valid/knn_avr' reached 0.61937 (best 0.65251), saving model to '/nas02/homes/imamura23-1000067/outputs/triplet_with_unet/runs/2023-11-15/15-55-59/checkpoints/epoch_008.ckpt' as top 9
/home/imamura23/nas01home/codes/env/lib/python3.10/site-packages/torchmetrics/utilities/prints.py:43: UserWarning: Encounted `nan` values in tensor. Will be removed.
  warnings.warn(*args, **kwargs)  # noqa: B028
Epoch 9, global step 3130: 'Valid/knn_avr' reached 0.63542 (best 0.65251), saving model to '/nas02/homes/imamura23-1000067/outputs/triplet_with_unet/runs/2023-11-15/15-55-59/checkpoints/epoch_009.ckpt' as top 10
/home/imamura23/nas01home/codes/env/lib/python3.10/site-packages/torchmetrics/utilities/prints.py:43: UserWarning: Encounted `nan` values in tensor. Will be removed.
  warnings.warn(*args, **kwargs)  # noqa: B028
Epoch 10, global step 3443: 'Valid/knn_avr' reached 0.63248 (best 0.65251), saving model to '/nas02/homes/imamura23-1000067/outputs/triplet_with_unet/runs/2023-11-15/15-55-59/checkpoints/epoch_010.ckpt' as top 11
/home/imamura23/nas01home/codes/env/lib/python3.10/site-packages/torchmetrics/utilities/prints.py:43: UserWarning: Encounted `nan` values in tensor. Will be removed.
  warnings.warn(*args, **kwargs)  # noqa: B028
Epoch 11, global step 3756: 'Valid/knn_avr' reached 0.61879 (best 0.65251), saving model to '/nas02/homes/imamura23-1000067/outputs/triplet_with_unet/runs/2023-11-15/15-55-59/checkpoints/epoch_011.ckpt' as top 12
/home/imamura23/nas01home/codes/env/lib/python3.10/site-packages/torchmetrics/utilities/prints.py:43: UserWarning: Encounted `nan` values in tensor. Will be removed.
  warnings.warn(*args, **kwargs)  # noqa: B028
Epoch 12, global step 4069: 'Valid/knn_avr' reached 0.63511 (best 0.65251), saving model to '/nas02/homes/imamura23-1000067/outputs/triplet_with_unet/runs/2023-11-15/15-55-59/checkpoints/epoch_012.ckpt' as top 13
/home/imamura23/nas01home/codes/env/lib/python3.10/site-packages/torchmetrics/utilities/prints.py:43: UserWarning: Encounted `nan` values in tensor. Will be removed.
  warnings.warn(*args, **kwargs)  # noqa: B028
Epoch 13, global step 4382: 'Valid/knn_avr' reached 0.64230 (best 0.65251), saving model to '/nas02/homes/imamura23-1000067/outputs/triplet_with_unet/runs/2023-11-15/15-55-59/checkpoints/epoch_013.ckpt' as top 14
/home/imamura23/nas01home/codes/env/lib/python3.10/site-packages/torchmetrics/utilities/prints.py:43: UserWarning: Encounted `nan` values in tensor. Will be removed.
  warnings.warn(*args, **kwargs)  # noqa: B028
Epoch 14, global step 4695: 'Valid/knn_avr' reached 0.64035 (best 0.65251), saving model to '/nas02/homes/imamura23-1000067/outputs/triplet_with_unet/runs/2023-11-15/15-55-59/checkpoints/epoch_014.ckpt' as top 15
/home/imamura23/nas01home/codes/env/lib/python3.10/site-packages/torchmetrics/utilities/prints.py:43: UserWarning: Encounted `nan` values in tensor. Will be removed.
  warnings.warn(*args, **kwargs)  # noqa: B028
Epoch 15, global step 5008: 'Valid/knn_avr' reached 0.64060 (best 0.65251), saving model to '/nas02/homes/imamura23-1000067/outputs/triplet_with_unet/runs/2023-11-15/15-55-59/checkpoints/epoch_015.ckpt' as top 16
/home/imamura23/nas01home/codes/env/lib/python3.10/site-packages/torchmetrics/utilities/prints.py:43: UserWarning: Encounted `nan` values in tensor. Will be removed.
  warnings.warn(*args, **kwargs)  # noqa: B028
Epoch 16, global step 5321: 'Valid/knn_avr' reached 0.64636 (best 0.65251), saving model to '/nas02/homes/imamura23-1000067/outputs/triplet_with_unet/runs/2023-11-15/15-55-59/checkpoints/epoch_016.ckpt' as top 17
/home/imamura23/nas01home/codes/env/lib/python3.10/site-packages/torchmetrics/utilities/prints.py:43: UserWarning: Encounted `nan` values in tensor. Will be removed.
  warnings.warn(*args, **kwargs)  # noqa: B028
Epoch 17, global step 5634: 'Valid/knn_avr' reached 0.63687 (best 0.65251), saving model to '/nas02/homes/imamura23-1000067/outputs/triplet_with_unet/runs/2023-11-15/15-55-59/checkpoints/epoch_017.ckpt' as top 18
/home/imamura23/nas01home/codes/env/lib/python3.10/site-packages/torchmetrics/utilities/prints.py:43: UserWarning: Encounted `nan` values in tensor. Will be removed.
  warnings.warn(*args, **kwargs)  # noqa: B028
Epoch 18, global step 5947: 'Valid/knn_avr' reached 0.64021 (best 0.65251), saving model to '/nas02/homes/imamura23-1000067/outputs/triplet_with_unet/runs/2023-11-15/15-55-59/checkpoints/epoch_018.ckpt' as top 19
/home/imamura23/nas01home/codes/env/lib/python3.10/site-packages/torchmetrics/utilities/prints.py:43: UserWarning: Encounted `nan` values in tensor. Will be removed.
  warnings.warn(*args, **kwargs)  # noqa: B028
Epoch 19, global step 6260: 'Valid/knn_avr' reached 0.62316 (best 0.65251), saving model to '/nas02/homes/imamura23-1000067/outputs/triplet_with_unet/runs/2023-11-15/15-55-59/checkpoints/epoch_019.ckpt' as top 20
/home/imamura23/nas01home/codes/env/lib/python3.10/site-packages/torchmetrics/utilities/prints.py:43: UserWarning: Encounted `nan` values in tensor. Will be removed.
  warnings.warn(*args, **kwargs)  # noqa: B028
Epoch 20, global step 6573: 'Valid/knn_avr' reached 0.62503 (best 0.65251), saving model to '/nas02/homes/imamura23-1000067/outputs/triplet_with_unet/runs/2023-11-15/15-55-59/checkpoints/epoch_020.ckpt' as top 21
/home/imamura23/nas01home/codes/env/lib/python3.10/site-packages/torchmetrics/utilities/prints.py:43: UserWarning: Encounted `nan` values in tensor. Will be removed.
  warnings.warn(*args, **kwargs)  # noqa: B028
Epoch 21, global step 6886: 'Valid/knn_avr' reached 0.64072 (best 0.65251), saving model to '/nas02/homes/imamura23-1000067/outputs/triplet_with_unet/runs/2023-11-15/15-55-59/checkpoints/epoch_021.ckpt' as top 22
/home/imamura23/nas01home/codes/env/lib/python3.10/site-packages/torchmetrics/utilities/prints.py:43: UserWarning: Encounted `nan` values in tensor. Will be removed.
  warnings.warn(*args, **kwargs)  # noqa: B028
Epoch 22, global step 7199: 'Valid/knn_avr' reached 0.62465 (best 0.65251), saving model to '/nas02/homes/imamura23-1000067/outputs/triplet_with_unet/runs/2023-11-15/15-55-59/checkpoints/epoch_022.ckpt' as top 23
/home/imamura23/nas01home/codes/env/lib/python3.10/site-packages/torchmetrics/utilities/prints.py:43: UserWarning: Encounted `nan` values in tensor. Will be removed.
  warnings.warn(*args, **kwargs)  # noqa: B028
Epoch 23, global step 7512: 'Valid/knn_avr' reached 0.64401 (best 0.65251), saving model to '/nas02/homes/imamura23-1000067/outputs/triplet_with_unet/runs/2023-11-15/15-55-59/checkpoints/epoch_023.ckpt' as top 24
/home/imamura23/nas01home/codes/env/lib/python3.10/site-packages/torchmetrics/utilities/prints.py:43: UserWarning: Encounted `nan` values in tensor. Will be removed.
  warnings.warn(*args, **kwargs)  # noqa: B028
Epoch 24, global step 7825: 'Valid/knn_avr' reached 0.65144 (best 0.65251), saving model to '/nas02/homes/imamura23-1000067/outputs/triplet_with_unet/runs/2023-11-15/15-55-59/checkpoints/epoch_024.ckpt' as top 25
/home/imamura23/nas01home/codes/env/lib/python3.10/site-packages/torchmetrics/utilities/prints.py:43: UserWarning: Encounted `nan` values in tensor. Will be removed.
  warnings.warn(*args, **kwargs)  # noqa: B028
Metric Valid/knn_avr improved by 0.003 >= min_delta = 0.0. New best score: 0.656
Epoch 25, global step 8138: 'Valid/knn_avr' reached 0.65575 (best 0.65575), saving model to '/nas02/homes/imamura23-1000067/outputs/triplet_with_unet/runs/2023-11-15/15-55-59/checkpoints/epoch_025.ckpt' as top 26
/home/imamura23/nas01home/codes/env/lib/python3.10/site-packages/torchmetrics/utilities/prints.py:43: UserWarning: Encounted `nan` values in tensor. Will be removed.
  warnings.warn(*args, **kwargs)  # noqa: B028
Epoch 26, global step 8451: 'Valid/knn_avr' reached 0.63290 (best 0.65575), saving model to '/nas02/homes/imamura23-1000067/outputs/triplet_with_unet/runs/2023-11-15/15-55-59/checkpoints/epoch_026.ckpt' as top 27
/home/imamura23/nas01home/codes/env/lib/python3.10/site-packages/torchmetrics/utilities/prints.py:43: UserWarning: Encounted `nan` values in tensor. Will be removed.
  warnings.warn(*args, **kwargs)  # noqa: B028
Epoch 27, global step 8764: 'Valid/knn_avr' reached 0.61984 (best 0.65575), saving model to '/nas02/homes/imamura23-1000067/outputs/triplet_with_unet/runs/2023-11-15/15-55-59/checkpoints/epoch_027.ckpt' as top 28
/home/imamura23/nas01home/codes/env/lib/python3.10/site-packages/torchmetrics/utilities/prints.py:43: UserWarning: Encounted `nan` values in tensor. Will be removed.
  warnings.warn(*args, **kwargs)  # noqa: B028
Epoch 28, global step 9077: 'Valid/knn_avr' reached 0.65573 (best 0.65575), saving model to '/nas02/homes/imamura23-1000067/outputs/triplet_with_unet/runs/2023-11-15/15-55-59/checkpoints/epoch_028.ckpt' as top 29
/home/imamura23/nas01home/codes/env/lib/python3.10/site-packages/torchmetrics/utilities/prints.py:43: UserWarning: Encounted `nan` values in tensor. Will be removed.
  warnings.warn(*args, **kwargs)  # noqa: B028
Epoch 29, global step 9390: 'Valid/knn_avr' reached 0.62997 (best 0.65575), saving model to '/nas02/homes/imamura23-1000067/outputs/triplet_with_unet/runs/2023-11-15/15-55-59/checkpoints/epoch_029.ckpt' as top 30
/home/imamura23/nas01home/codes/env/lib/python3.10/site-packages/torchmetrics/utilities/prints.py:43: UserWarning: Encounted `nan` values in tensor. Will be removed.
  warnings.warn(*args, **kwargs)  # noqa: B028
Epoch 30, global step 9703: 'Valid/knn_avr' reached 0.64683 (best 0.65575), saving model to '/nas02/homes/imamura23-1000067/outputs/triplet_with_unet/runs/2023-11-15/15-55-59/checkpoints/epoch_030.ckpt' as top 31
/home/imamura23/nas01home/codes/env/lib/python3.10/site-packages/torchmetrics/utilities/prints.py:43: UserWarning: Encounted `nan` values in tensor. Will be removed.
  warnings.warn(*args, **kwargs)  # noqa: B028
Epoch 31, global step 10016: 'Valid/knn_avr' reached 0.62907 (best 0.65575), saving model to '/nas02/homes/imamura23-1000067/outputs/triplet_with_unet/runs/2023-11-15/15-55-59/checkpoints/epoch_031.ckpt' as top 32
/home/imamura23/nas01home/codes/env/lib/python3.10/site-packages/torchmetrics/utilities/prints.py:43: UserWarning: Encounted `nan` values in tensor. Will be removed.
  warnings.warn(*args, **kwargs)  # noqa: B028
Epoch 32, global step 10329: 'Valid/knn_avr' reached 0.63115 (best 0.65575), saving model to '/nas02/homes/imamura23-1000067/outputs/triplet_with_unet/runs/2023-11-15/15-55-59/checkpoints/epoch_032.ckpt' as top 33
/home/imamura23/nas01home/codes/env/lib/python3.10/site-packages/torchmetrics/utilities/prints.py:43: UserWarning: Encounted `nan` values in tensor. Will be removed.
  warnings.warn(*args, **kwargs)  # noqa: B028
Epoch 33, global step 10642: 'Valid/knn_avr' reached 0.63133 (best 0.65575), saving model to '/nas02/homes/imamura23-1000067/outputs/triplet_with_unet/runs/2023-11-15/15-55-59/checkpoints/epoch_033.ckpt' as top 34
/home/imamura23/nas01home/codes/env/lib/python3.10/site-packages/torchmetrics/utilities/prints.py:43: UserWarning: Encounted `nan` values in tensor. Will be removed.
  warnings.warn(*args, **kwargs)  # noqa: B028
Epoch 34, global step 10955: 'Valid/knn_avr' reached 0.64713 (best 0.65575), saving model to '/nas02/homes/imamura23-1000067/outputs/triplet_with_unet/runs/2023-11-15/15-55-59/checkpoints/epoch_034.ckpt' as top 35
/home/imamura23/nas01home/codes/env/lib/python3.10/site-packages/torchmetrics/utilities/prints.py:43: UserWarning: Encounted `nan` values in tensor. Will be removed.
  warnings.warn(*args, **kwargs)  # noqa: B028
Metric Valid/knn_avr improved by 0.001 >= min_delta = 0.0. New best score: 0.657
Epoch 35, global step 11268: 'Valid/knn_avr' reached 0.65708 (best 0.65708), saving model to '/nas02/homes/imamura23-1000067/outputs/triplet_with_unet/runs/2023-11-15/15-55-59/checkpoints/epoch_035.ckpt' as top 36
/home/imamura23/nas01home/codes/env/lib/python3.10/site-packages/torchmetrics/utilities/prints.py:43: UserWarning: Encounted `nan` values in tensor. Will be removed.
  warnings.warn(*args, **kwargs)  # noqa: B028
Epoch 36, global step 11581: 'Valid/knn_avr' reached 0.64877 (best 0.65708), saving model to '/nas02/homes/imamura23-1000067/outputs/triplet_with_unet/runs/2023-11-15/15-55-59/checkpoints/epoch_036.ckpt' as top 37
/home/imamura23/nas01home/codes/env/lib/python3.10/site-packages/torchmetrics/utilities/prints.py:43: UserWarning: Encounted `nan` values in tensor. Will be removed.
  warnings.warn(*args, **kwargs)  # noqa: B028
Epoch 37, global step 11894: 'Valid/knn_avr' reached 0.64819 (best 0.65708), saving model to '/nas02/homes/imamura23-1000067/outputs/triplet_with_unet/runs/2023-11-15/15-55-59/checkpoints/epoch_037.ckpt' as top 38
/home/imamura23/nas01home/codes/env/lib/python3.10/site-packages/torchmetrics/utilities/prints.py:43: UserWarning: Encounted `nan` values in tensor. Will be removed.
  warnings.warn(*args, **kwargs)  # noqa: B028
Epoch 38, global step 12207: 'Valid/knn_avr' reached 0.63437 (best 0.65708), saving model to '/nas02/homes/imamura23-1000067/outputs/triplet_with_unet/runs/2023-11-15/15-55-59/checkpoints/epoch_038.ckpt' as top 39
/home/imamura23/nas01home/codes/env/lib/python3.10/site-packages/torchmetrics/utilities/prints.py:43: UserWarning: Encounted `nan` values in tensor. Will be removed.
  warnings.warn(*args, **kwargs)  # noqa: B028
Epoch 39, global step 12520: 'Valid/knn_avr' reached 0.63561 (best 0.65708), saving model to '/nas02/homes/imamura23-1000067/outputs/triplet_with_unet/runs/2023-11-15/15-55-59/checkpoints/epoch_039.ckpt' as top 40
/home/imamura23/nas01home/codes/env/lib/python3.10/site-packages/torchmetrics/utilities/prints.py:43: UserWarning: Encounted `nan` values in tensor. Will be removed.
  warnings.warn(*args, **kwargs)  # noqa: B028
Epoch 40, global step 12833: 'Valid/knn_avr' reached 0.64167 (best 0.65708), saving model to '/nas02/homes/imamura23-1000067/outputs/triplet_with_unet/runs/2023-11-15/15-55-59/checkpoints/epoch_040.ckpt' as top 41
/home/imamura23/nas01home/codes/env/lib/python3.10/site-packages/torchmetrics/utilities/prints.py:43: UserWarning: Encounted `nan` values in tensor. Will be removed.
  warnings.warn(*args, **kwargs)  # noqa: B028
Epoch 41, global step 13146: 'Valid/knn_avr' reached 0.63795 (best 0.65708), saving model to '/nas02/homes/imamura23-1000067/outputs/triplet_with_unet/runs/2023-11-15/15-55-59/checkpoints/epoch_041.ckpt' as top 42
slurmstepd-compute06: error: *** JOB 71266 ON compute06 CANCELLED AT 2023-11-15T21:25:15 ***
