/home/imamura23/nas01home/codes/env/lib/python3.10/site-packages/pytorch_lightning/utilities/parsing.py:198: Attribute 'net' is an instance of `nn.Module` and is already saved during checkpointing. It is recommended to ignore them using `self.save_hyperparameters(ignore=['net'])`.
/home/imamura23/nas01home/codes/env/lib/python3.10/site-packages/lightning_fabric/connector.py:565: `precision=16` is supported for historical reasons but its usage is discouraged. Please set your precision to 16-mixed instead!
/home/imamura23/nas01home/codes/env/lib/python3.10/site-packages/lightning_fabric/plugins/environments/slurm.py:191: The `srun` command is available on your system but is not used. HINT: If your intention is to run Lightning on SLURM, prepend your python command with `srun` like so: srun python3 ./train.py ...
Using 16bit Automatic Mixed Precision (AMP)
GPU available: True (cuda), used: True
TPU available: False, using: 0 TPU cores
IPU available: False, using: 0 IPUs
HPU available: False, using: 0 HPUs
You are using a CUDA device ('NVIDIA GeForce RTX 3090') that has Tensor Cores. To properly utilize them, you should set `torch.set_float32_matmul_precision('medium' | 'high')` which will trade-off precision for performance. For more details, read https://pytorch.org/docs/stable/generated/torch.set_float32_matmul_precision.html#torch.set_float32_matmul_precision
LOCAL_RANK: 0 - CUDA_VISIBLE_DEVICES: [0]

  | Name               | Type                          | Params
---------------------------------------------------------------------
0 | net                | UNetForTriplet_2d_de5_to1d640 | 38.6 M
1 | loss_unet          | L1Loss                        | 0     
2 | loss_triplet       | MarginRankingLoss             | 0     
3 | loss_l2            | MSELoss                       | 0     
4 | loss_mrl           | MarginRankingLoss             | 0     
5 | loss_cross_entropy | BCEWithLogitsLoss             | 0     
6 | recorder           | ModuleDict                    | 0     
---------------------------------------------------------------------
38.6 M    Trainable params
0         Non-trainable params
38.6 M    Total params
154.432   Total estimated model params size (MB)
/home/imamura23/nas01home/codes/env/lib/python3.10/site-packages/torchmetrics/utilities/prints.py:43: UserWarning: Encounted `nan` values in tensor. Will be removed.
  warnings.warn(*args, **kwargs)  # noqa: B028
Metric Valid/knn_avr improved. New best score: 0.530
Epoch 0, global step 313: 'Valid/knn_avr' reached 0.52980 (best 0.52980), saving model to '/nas02/homes/imamura23-1000067/outputs/triplet_with_unet/runs/2023-11-08/01-11-14/checkpoints/epoch_epoch=000.ckpt' as top 5
/home/imamura23/nas01home/codes/env/lib/python3.10/site-packages/torchmetrics/utilities/prints.py:43: UserWarning: Encounted `nan` values in tensor. Will be removed.
  warnings.warn(*args, **kwargs)  # noqa: B028
Epoch 1, global step 626: 'Valid/knn_avr' reached 0.49700 (best 0.52980), saving model to '/nas02/homes/imamura23-1000067/outputs/triplet_with_unet/runs/2023-11-08/01-11-14/checkpoints/epoch_epoch=001.ckpt' as top 5
/home/imamura23/nas01home/codes/env/lib/python3.10/site-packages/torchmetrics/utilities/prints.py:43: UserWarning: Encounted `nan` values in tensor. Will be removed.
  warnings.warn(*args, **kwargs)  # noqa: B028
Epoch 2, global step 939: 'Valid/knn_avr' reached 0.47700 (best 0.52980), saving model to '/nas02/homes/imamura23-1000067/outputs/triplet_with_unet/runs/2023-11-08/01-11-14/checkpoints/epoch_epoch=002.ckpt' as top 5
/home/imamura23/nas01home/codes/env/lib/python3.10/site-packages/torchmetrics/utilities/prints.py:43: UserWarning: Encounted `nan` values in tensor. Will be removed.
  warnings.warn(*args, **kwargs)  # noqa: B028
Epoch 3, global step 1252: 'Valid/knn_avr' reached 0.46440 (best 0.52980), saving model to '/nas02/homes/imamura23-1000067/outputs/triplet_with_unet/runs/2023-11-08/01-11-14/checkpoints/epoch_epoch=003.ckpt' as top 5
/home/imamura23/nas01home/codes/env/lib/python3.10/site-packages/torchmetrics/utilities/prints.py:43: UserWarning: Encounted `nan` values in tensor. Will be removed.
  warnings.warn(*args, **kwargs)  # noqa: B028
Epoch 4, global step 1565: 'Valid/knn_avr' reached 0.45400 (best 0.52980), saving model to '/nas02/homes/imamura23-1000067/outputs/triplet_with_unet/runs/2023-11-08/01-11-14/checkpoints/epoch_epoch=004.ckpt' as top 5
/home/imamura23/nas01home/codes/env/lib/python3.10/site-packages/torchmetrics/utilities/prints.py:43: UserWarning: Encounted `nan` values in tensor. Will be removed.
  warnings.warn(*args, **kwargs)  # noqa: B028
Epoch 5, global step 1878: 'Valid/knn_avr' was not in top 5
/home/imamura23/nas01home/codes/env/lib/python3.10/site-packages/torchmetrics/utilities/prints.py:43: UserWarning: Encounted `nan` values in tensor. Will be removed.
  warnings.warn(*args, **kwargs)  # noqa: B028
Epoch 6, global step 2191: 'Valid/knn_avr' reached 0.45420 (best 0.52980), saving model to '/nas02/homes/imamura23-1000067/outputs/triplet_with_unet/runs/2023-11-08/01-11-14/checkpoints/epoch_epoch=006.ckpt' as top 5
/home/imamura23/nas01home/codes/env/lib/python3.10/site-packages/torchmetrics/utilities/prints.py:43: UserWarning: Encounted `nan` values in tensor. Will be removed.
  warnings.warn(*args, **kwargs)  # noqa: B028
Epoch 7, global step 2504: 'Valid/knn_avr' reached 0.46040 (best 0.52980), saving model to '/nas02/homes/imamura23-1000067/outputs/triplet_with_unet/runs/2023-11-08/01-11-14/checkpoints/epoch_epoch=007.ckpt' as top 5
/home/imamura23/nas01home/codes/env/lib/python3.10/site-packages/torchmetrics/utilities/prints.py:43: UserWarning: Encounted `nan` values in tensor. Will be removed.
  warnings.warn(*args, **kwargs)  # noqa: B028
Epoch 8, global step 2817: 'Valid/knn_avr' was not in top 5
/home/imamura23/nas01home/codes/env/lib/python3.10/site-packages/torchmetrics/utilities/prints.py:43: UserWarning: Encounted `nan` values in tensor. Will be removed.
  warnings.warn(*args, **kwargs)  # noqa: B028
Epoch 9, global step 3130: 'Valid/knn_avr' was not in top 5
/home/imamura23/nas01home/codes/env/lib/python3.10/site-packages/torchmetrics/utilities/prints.py:43: UserWarning: Encounted `nan` values in tensor. Will be removed.
  warnings.warn(*args, **kwargs)  # noqa: B028
Epoch 10, global step 3443: 'Valid/knn_avr' was not in top 5
/home/imamura23/nas01home/codes/env/lib/python3.10/site-packages/torchmetrics/utilities/prints.py:43: UserWarning: Encounted `nan` values in tensor. Will be removed.
  warnings.warn(*args, **kwargs)  # noqa: B028
Epoch 11, global step 3756: 'Valid/knn_avr' was not in top 5
/home/imamura23/nas01home/codes/env/lib/python3.10/site-packages/torchmetrics/utilities/prints.py:43: UserWarning: Encounted `nan` values in tensor. Will be removed.
  warnings.warn(*args, **kwargs)  # noqa: B028
Epoch 12, global step 4069: 'Valid/knn_avr' was not in top 5
/home/imamura23/nas01home/codes/env/lib/python3.10/site-packages/torchmetrics/utilities/prints.py:43: UserWarning: Encounted `nan` values in tensor. Will be removed.
  warnings.warn(*args, **kwargs)  # noqa: B028
Epoch 13, global step 4382: 'Valid/knn_avr' was not in top 5
/home/imamura23/nas01home/codes/env/lib/python3.10/site-packages/torchmetrics/utilities/prints.py:43: UserWarning: Encounted `nan` values in tensor. Will be removed.
  warnings.warn(*args, **kwargs)  # noqa: B028
Epoch 14, global step 4695: 'Valid/knn_avr' was not in top 5
/home/imamura23/nas01home/codes/env/lib/python3.10/site-packages/torchmetrics/utilities/prints.py:43: UserWarning: Encounted `nan` values in tensor. Will be removed.
  warnings.warn(*args, **kwargs)  # noqa: B028
Epoch 15, global step 5008: 'Valid/knn_avr' was not in top 5
/home/imamura23/nas01home/codes/env/lib/python3.10/site-packages/torchmetrics/utilities/prints.py:43: UserWarning: Encounted `nan` values in tensor. Will be removed.
  warnings.warn(*args, **kwargs)  # noqa: B028
Epoch 16, global step 5321: 'Valid/knn_avr' was not in top 5
/home/imamura23/nas01home/codes/env/lib/python3.10/site-packages/torchmetrics/utilities/prints.py:43: UserWarning: Encounted `nan` values in tensor. Will be removed.
  warnings.warn(*args, **kwargs)  # noqa: B028
Epoch 17, global step 5634: 'Valid/knn_avr' was not in top 5
/home/imamura23/nas01home/codes/env/lib/python3.10/site-packages/torchmetrics/utilities/prints.py:43: UserWarning: Encounted `nan` values in tensor. Will be removed.
  warnings.warn(*args, **kwargs)  # noqa: B028
Epoch 18, global step 5947: 'Valid/knn_avr' was not in top 5
/home/imamura23/nas01home/codes/env/lib/python3.10/site-packages/torchmetrics/utilities/prints.py:43: UserWarning: Encounted `nan` values in tensor. Will be removed.
  warnings.warn(*args, **kwargs)  # noqa: B028
Epoch 19, global step 6260: 'Valid/knn_avr' was not in top 5
/home/imamura23/nas01home/codes/env/lib/python3.10/site-packages/torchmetrics/utilities/prints.py:43: UserWarning: Encounted `nan` values in tensor. Will be removed.
  warnings.warn(*args, **kwargs)  # noqa: B028
Epoch 20, global step 6573: 'Valid/knn_avr' was not in top 5
/home/imamura23/nas01home/codes/env/lib/python3.10/site-packages/torchmetrics/utilities/prints.py:43: UserWarning: Encounted `nan` values in tensor. Will be removed.
  warnings.warn(*args, **kwargs)  # noqa: B028
Epoch 21, global step 6886: 'Valid/knn_avr' was not in top 5
/home/imamura23/nas01home/codes/env/lib/python3.10/site-packages/torchmetrics/utilities/prints.py:43: UserWarning: Encounted `nan` values in tensor. Will be removed.
  warnings.warn(*args, **kwargs)  # noqa: B028
Epoch 22, global step 7199: 'Valid/knn_avr' was not in top 5
/home/imamura23/nas01home/codes/env/lib/python3.10/site-packages/torchmetrics/utilities/prints.py:43: UserWarning: Encounted `nan` values in tensor. Will be removed.
  warnings.warn(*args, **kwargs)  # noqa: B028
Epoch 23, global step 7512: 'Valid/knn_avr' was not in top 5
/home/imamura23/nas01home/codes/env/lib/python3.10/site-packages/torchmetrics/utilities/prints.py:43: UserWarning: Encounted `nan` values in tensor. Will be removed.
  warnings.warn(*args, **kwargs)  # noqa: B028
Epoch 24, global step 7825: 'Valid/knn_avr' was not in top 5
/home/imamura23/nas01home/codes/env/lib/python3.10/site-packages/torchmetrics/utilities/prints.py:43: UserWarning: Encounted `nan` values in tensor. Will be removed.
  warnings.warn(*args, **kwargs)  # noqa: B028
Epoch 25, global step 8138: 'Valid/knn_avr' was not in top 5
/home/imamura23/nas01home/codes/env/lib/python3.10/site-packages/torchmetrics/utilities/prints.py:43: UserWarning: Encounted `nan` values in tensor. Will be removed.
  warnings.warn(*args, **kwargs)  # noqa: B028
Epoch 26, global step 8451: 'Valid/knn_avr' was not in top 5
/home/imamura23/nas01home/codes/env/lib/python3.10/site-packages/torchmetrics/utilities/prints.py:43: UserWarning: Encounted `nan` values in tensor. Will be removed.
  warnings.warn(*args, **kwargs)  # noqa: B028
Epoch 27, global step 8764: 'Valid/knn_avr' was not in top 5
/home/imamura23/nas01home/codes/env/lib/python3.10/site-packages/torchmetrics/utilities/prints.py:43: UserWarning: Encounted `nan` values in tensor. Will be removed.
  warnings.warn(*args, **kwargs)  # noqa: B028
Epoch 28, global step 9077: 'Valid/knn_avr' was not in top 5
/home/imamura23/nas01home/codes/env/lib/python3.10/site-packages/torchmetrics/utilities/prints.py:43: UserWarning: Encounted `nan` values in tensor. Will be removed.
  warnings.warn(*args, **kwargs)  # noqa: B028
Epoch 29, global step 9390: 'Valid/knn_avr' was not in top 5
/home/imamura23/nas01home/codes/env/lib/python3.10/site-packages/torchmetrics/utilities/prints.py:43: UserWarning: Encounted `nan` values in tensor. Will be removed.
  warnings.warn(*args, **kwargs)  # noqa: B028
Epoch 30, global step 9703: 'Valid/knn_avr' was not in top 5
/home/imamura23/nas01home/codes/env/lib/python3.10/site-packages/torchmetrics/utilities/prints.py:43: UserWarning: Encounted `nan` values in tensor. Will be removed.
  warnings.warn(*args, **kwargs)  # noqa: B028
Epoch 31, global step 10016: 'Valid/knn_avr' was not in top 5
/home/imamura23/nas01home/codes/env/lib/python3.10/site-packages/torchmetrics/utilities/prints.py:43: UserWarning: Encounted `nan` values in tensor. Will be removed.
  warnings.warn(*args, **kwargs)  # noqa: B028
Epoch 32, global step 10329: 'Valid/knn_avr' was not in top 5
/home/imamura23/nas01home/codes/env/lib/python3.10/site-packages/torchmetrics/utilities/prints.py:43: UserWarning: Encounted `nan` values in tensor. Will be removed.
  warnings.warn(*args, **kwargs)  # noqa: B028
Epoch 33, global step 10642: 'Valid/knn_avr' was not in top 5
/home/imamura23/nas01home/codes/env/lib/python3.10/site-packages/torchmetrics/utilities/prints.py:43: UserWarning: Encounted `nan` values in tensor. Will be removed.
  warnings.warn(*args, **kwargs)  # noqa: B028
Epoch 34, global step 10955: 'Valid/knn_avr' was not in top 5
/home/imamura23/nas01home/codes/env/lib/python3.10/site-packages/torchmetrics/utilities/prints.py:43: UserWarning: Encounted `nan` values in tensor. Will be removed.
  warnings.warn(*args, **kwargs)  # noqa: B028
Epoch 35, global step 11268: 'Valid/knn_avr' was not in top 5
/home/imamura23/nas01home/codes/env/lib/python3.10/site-packages/torchmetrics/utilities/prints.py:43: UserWarning: Encounted `nan` values in tensor. Will be removed.
  warnings.warn(*args, **kwargs)  # noqa: B028
Epoch 36, global step 11581: 'Valid/knn_avr' was not in top 5
/home/imamura23/nas01home/codes/env/lib/python3.10/site-packages/torchmetrics/utilities/prints.py:43: UserWarning: Encounted `nan` values in tensor. Will be removed.
  warnings.warn(*args, **kwargs)  # noqa: B028
Epoch 37, global step 11894: 'Valid/knn_avr' was not in top 5
/home/imamura23/nas01home/codes/env/lib/python3.10/site-packages/torchmetrics/utilities/prints.py:43: UserWarning: Encounted `nan` values in tensor. Will be removed.
  warnings.warn(*args, **kwargs)  # noqa: B028
Epoch 38, global step 12207: 'Valid/knn_avr' was not in top 5
/home/imamura23/nas01home/codes/env/lib/python3.10/site-packages/torchmetrics/utilities/prints.py:43: UserWarning: Encounted `nan` values in tensor. Will be removed.
  warnings.warn(*args, **kwargs)  # noqa: B028
Epoch 39, global step 12520: 'Valid/knn_avr' was not in top 5
/home/imamura23/nas01home/codes/env/lib/python3.10/site-packages/torchmetrics/utilities/prints.py:43: UserWarning: Encounted `nan` values in tensor. Will be removed.
  warnings.warn(*args, **kwargs)  # noqa: B028
Epoch 40, global step 12833: 'Valid/knn_avr' was not in top 5
/home/imamura23/nas01home/codes/env/lib/python3.10/site-packages/torchmetrics/utilities/prints.py:43: UserWarning: Encounted `nan` values in tensor. Will be removed.
  warnings.warn(*args, **kwargs)  # noqa: B028
Epoch 41, global step 13146: 'Valid/knn_avr' was not in top 5
/home/imamura23/nas01home/codes/env/lib/python3.10/site-packages/torchmetrics/utilities/prints.py:43: UserWarning: Encounted `nan` values in tensor. Will be removed.
  warnings.warn(*args, **kwargs)  # noqa: B028
Epoch 42, global step 13459: 'Valid/knn_avr' was not in top 5
/home/imamura23/nas01home/codes/env/lib/python3.10/site-packages/torchmetrics/utilities/prints.py:43: UserWarning: Encounted `nan` values in tensor. Will be removed.
  warnings.warn(*args, **kwargs)  # noqa: B028
Epoch 43, global step 13772: 'Valid/knn_avr' was not in top 5
/home/imamura23/nas01home/codes/env/lib/python3.10/site-packages/torchmetrics/utilities/prints.py:43: UserWarning: Encounted `nan` values in tensor. Will be removed.
  warnings.warn(*args, **kwargs)  # noqa: B028
Epoch 44, global step 14085: 'Valid/knn_avr' was not in top 5
/home/imamura23/nas01home/codes/env/lib/python3.10/site-packages/torchmetrics/utilities/prints.py:43: UserWarning: Encounted `nan` values in tensor. Will be removed.
  warnings.warn(*args, **kwargs)  # noqa: B028
Epoch 45, global step 14398: 'Valid/knn_avr' was not in top 5
/home/imamura23/nas01home/codes/env/lib/python3.10/site-packages/torchmetrics/utilities/prints.py:43: UserWarning: Encounted `nan` values in tensor. Will be removed.
  warnings.warn(*args, **kwargs)  # noqa: B028
Epoch 46, global step 14711: 'Valid/knn_avr' was not in top 5
/home/imamura23/nas01home/codes/env/lib/python3.10/site-packages/torchmetrics/utilities/prints.py:43: UserWarning: Encounted `nan` values in tensor. Will be removed.
  warnings.warn(*args, **kwargs)  # noqa: B028
Epoch 47, global step 15024: 'Valid/knn_avr' was not in top 5
/home/imamura23/nas01home/codes/env/lib/python3.10/site-packages/torchmetrics/utilities/prints.py:43: UserWarning: Encounted `nan` values in tensor. Will be removed.
  warnings.warn(*args, **kwargs)  # noqa: B028
Epoch 48, global step 15337: 'Valid/knn_avr' was not in top 5
/home/imamura23/nas01home/codes/env/lib/python3.10/site-packages/torchmetrics/utilities/prints.py:43: UserWarning: Encounted `nan` values in tensor. Will be removed.
  warnings.warn(*args, **kwargs)  # noqa: B028
Epoch 49, global step 15650: 'Valid/knn_avr' was not in top 5
/home/imamura23/nas01home/codes/env/lib/python3.10/site-packages/torchmetrics/utilities/prints.py:43: UserWarning: Encounted `nan` values in tensor. Will be removed.
  warnings.warn(*args, **kwargs)  # noqa: B028
Epoch 50, global step 15963: 'Valid/knn_avr' was not in top 5
/home/imamura23/nas01home/codes/env/lib/python3.10/site-packages/torchmetrics/utilities/prints.py:43: UserWarning: Encounted `nan` values in tensor. Will be removed.
  warnings.warn(*args, **kwargs)  # noqa: B028
Epoch 51, global step 16276: 'Valid/knn_avr' was not in top 5
/home/imamura23/nas01home/codes/env/lib/python3.10/site-packages/torchmetrics/utilities/prints.py:43: UserWarning: Encounted `nan` values in tensor. Will be removed.
  warnings.warn(*args, **kwargs)  # noqa: B028
Epoch 52, global step 16589: 'Valid/knn_avr' was not in top 5
/home/imamura23/nas01home/codes/env/lib/python3.10/site-packages/torchmetrics/utilities/prints.py:43: UserWarning: Encounted `nan` values in tensor. Will be removed.
  warnings.warn(*args, **kwargs)  # noqa: B028
Epoch 53, global step 16902: 'Valid/knn_avr' was not in top 5
/home/imamura23/nas01home/codes/env/lib/python3.10/site-packages/torchmetrics/utilities/prints.py:43: UserWarning: Encounted `nan` values in tensor. Will be removed.
  warnings.warn(*args, **kwargs)  # noqa: B028
Epoch 54, global step 17215: 'Valid/knn_avr' was not in top 5
/home/imamura23/nas01home/codes/env/lib/python3.10/site-packages/torchmetrics/utilities/prints.py:43: UserWarning: Encounted `nan` values in tensor. Will be removed.
  warnings.warn(*args, **kwargs)  # noqa: B028
Epoch 55, global step 17528: 'Valid/knn_avr' was not in top 5
/home/imamura23/nas01home/codes/env/lib/python3.10/site-packages/torchmetrics/utilities/prints.py:43: UserWarning: Encounted `nan` values in tensor. Will be removed.
  warnings.warn(*args, **kwargs)  # noqa: B028
Epoch 56, global step 17841: 'Valid/knn_avr' was not in top 5
/home/imamura23/nas01home/codes/env/lib/python3.10/site-packages/torchmetrics/utilities/prints.py:43: UserWarning: Encounted `nan` values in tensor. Will be removed.
  warnings.warn(*args, **kwargs)  # noqa: B028
Epoch 57, global step 18154: 'Valid/knn_avr' was not in top 5
/home/imamura23/nas01home/codes/env/lib/python3.10/site-packages/torchmetrics/utilities/prints.py:43: UserWarning: Encounted `nan` values in tensor. Will be removed.
  warnings.warn(*args, **kwargs)  # noqa: B028
Epoch 58, global step 18467: 'Valid/knn_avr' was not in top 5
/home/imamura23/nas01home/codes/env/lib/python3.10/site-packages/torchmetrics/utilities/prints.py:43: UserWarning: Encounted `nan` values in tensor. Will be removed.
  warnings.warn(*args, **kwargs)  # noqa: B028
Epoch 59, global step 18780: 'Valid/knn_avr' was not in top 5
/home/imamura23/nas01home/codes/env/lib/python3.10/site-packages/torchmetrics/utilities/prints.py:43: UserWarning: Encounted `nan` values in tensor. Will be removed.
  warnings.warn(*args, **kwargs)  # noqa: B028
Epoch 60, global step 19093: 'Valid/knn_avr' was not in top 5
/home/imamura23/nas01home/codes/env/lib/python3.10/site-packages/torchmetrics/utilities/prints.py:43: UserWarning: Encounted `nan` values in tensor. Will be removed.
  warnings.warn(*args, **kwargs)  # noqa: B028
Epoch 61, global step 19406: 'Valid/knn_avr' was not in top 5
/home/imamura23/nas01home/codes/env/lib/python3.10/site-packages/torchmetrics/utilities/prints.py:43: UserWarning: Encounted `nan` values in tensor. Will be removed.
  warnings.warn(*args, **kwargs)  # noqa: B028
Epoch 62, global step 19719: 'Valid/knn_avr' was not in top 5
/home/imamura23/nas01home/codes/env/lib/python3.10/site-packages/torchmetrics/utilities/prints.py:43: UserWarning: Encounted `nan` values in tensor. Will be removed.
  warnings.warn(*args, **kwargs)  # noqa: B028
Epoch 63, global step 20032: 'Valid/knn_avr' was not in top 5
/home/imamura23/nas01home/codes/env/lib/python3.10/site-packages/torchmetrics/utilities/prints.py:43: UserWarning: Encounted `nan` values in tensor. Will be removed.
  warnings.warn(*args, **kwargs)  # noqa: B028
Epoch 64, global step 20345: 'Valid/knn_avr' was not in top 5
/home/imamura23/nas01home/codes/env/lib/python3.10/site-packages/torchmetrics/utilities/prints.py:43: UserWarning: Encounted `nan` values in tensor. Will be removed.
  warnings.warn(*args, **kwargs)  # noqa: B028
Epoch 65, global step 20658: 'Valid/knn_avr' was not in top 5
/home/imamura23/nas01home/codes/env/lib/python3.10/site-packages/torchmetrics/utilities/prints.py:43: UserWarning: Encounted `nan` values in tensor. Will be removed.
  warnings.warn(*args, **kwargs)  # noqa: B028
Epoch 66, global step 20971: 'Valid/knn_avr' was not in top 5
/home/imamura23/nas01home/codes/env/lib/python3.10/site-packages/torchmetrics/utilities/prints.py:43: UserWarning: Encounted `nan` values in tensor. Will be removed.
  warnings.warn(*args, **kwargs)  # noqa: B028
Epoch 67, global step 21284: 'Valid/knn_avr' was not in top 5
/home/imamura23/nas01home/codes/env/lib/python3.10/site-packages/torchmetrics/utilities/prints.py:43: UserWarning: Encounted `nan` values in tensor. Will be removed.
  warnings.warn(*args, **kwargs)  # noqa: B028
Epoch 68, global step 21597: 'Valid/knn_avr' was not in top 5
/home/imamura23/nas01home/codes/env/lib/python3.10/site-packages/torchmetrics/utilities/prints.py:43: UserWarning: Encounted `nan` values in tensor. Will be removed.
  warnings.warn(*args, **kwargs)  # noqa: B028
Epoch 69, global step 21910: 'Valid/knn_avr' was not in top 5
/home/imamura23/nas01home/codes/env/lib/python3.10/site-packages/torchmetrics/utilities/prints.py:43: UserWarning: Encounted `nan` values in tensor. Will be removed.
  warnings.warn(*args, **kwargs)  # noqa: B028
Epoch 70, global step 22223: 'Valid/knn_avr' was not in top 5
/home/imamura23/nas01home/codes/env/lib/python3.10/site-packages/torchmetrics/utilities/prints.py:43: UserWarning: Encounted `nan` values in tensor. Will be removed.
  warnings.warn(*args, **kwargs)  # noqa: B028
Epoch 71, global step 22536: 'Valid/knn_avr' was not in top 5
/home/imamura23/nas01home/codes/env/lib/python3.10/site-packages/torchmetrics/utilities/prints.py:43: UserWarning: Encounted `nan` values in tensor. Will be removed.
  warnings.warn(*args, **kwargs)  # noqa: B028
Epoch 72, global step 22849: 'Valid/knn_avr' was not in top 5
/home/imamura23/nas01home/codes/env/lib/python3.10/site-packages/torchmetrics/utilities/prints.py:43: UserWarning: Encounted `nan` values in tensor. Will be removed.
  warnings.warn(*args, **kwargs)  # noqa: B028
Epoch 73, global step 23162: 'Valid/knn_avr' was not in top 5
/home/imamura23/nas01home/codes/env/lib/python3.10/site-packages/torchmetrics/utilities/prints.py:43: UserWarning: Encounted `nan` values in tensor. Will be removed.
  warnings.warn(*args, **kwargs)  # noqa: B028
Epoch 74, global step 23475: 'Valid/knn_avr' was not in top 5
/home/imamura23/nas01home/codes/env/lib/python3.10/site-packages/torchmetrics/utilities/prints.py:43: UserWarning: Encounted `nan` values in tensor. Will be removed.
  warnings.warn(*args, **kwargs)  # noqa: B028
Epoch 75, global step 23788: 'Valid/knn_avr' was not in top 5
/home/imamura23/nas01home/codes/env/lib/python3.10/site-packages/torchmetrics/utilities/prints.py:43: UserWarning: Encounted `nan` values in tensor. Will be removed.
  warnings.warn(*args, **kwargs)  # noqa: B028
Epoch 76, global step 24101: 'Valid/knn_avr' was not in top 5
/home/imamura23/nas01home/codes/env/lib/python3.10/site-packages/torchmetrics/utilities/prints.py:43: UserWarning: Encounted `nan` values in tensor. Will be removed.
  warnings.warn(*args, **kwargs)  # noqa: B028
Epoch 77, global step 24414: 'Valid/knn_avr' was not in top 5
/home/imamura23/nas01home/codes/env/lib/python3.10/site-packages/torchmetrics/utilities/prints.py:43: UserWarning: Encounted `nan` values in tensor. Will be removed.
  warnings.warn(*args, **kwargs)  # noqa: B028
Epoch 78, global step 24727: 'Valid/knn_avr' was not in top 5
/home/imamura23/nas01home/codes/env/lib/python3.10/site-packages/torchmetrics/utilities/prints.py:43: UserWarning: Encounted `nan` values in tensor. Will be removed.
  warnings.warn(*args, **kwargs)  # noqa: B028
Epoch 79, global step 25040: 'Valid/knn_avr' was not in top 5
/home/imamura23/nas01home/codes/env/lib/python3.10/site-packages/torchmetrics/utilities/prints.py:43: UserWarning: Encounted `nan` values in tensor. Will be removed.
  warnings.warn(*args, **kwargs)  # noqa: B028
Epoch 80, global step 25353: 'Valid/knn_avr' was not in top 5
/home/imamura23/nas01home/codes/env/lib/python3.10/site-packages/torchmetrics/utilities/prints.py:43: UserWarning: Encounted `nan` values in tensor. Will be removed.
  warnings.warn(*args, **kwargs)  # noqa: B028
Epoch 81, global step 25666: 'Valid/knn_avr' was not in top 5
/home/imamura23/nas01home/codes/env/lib/python3.10/site-packages/torchmetrics/utilities/prints.py:43: UserWarning: Encounted `nan` values in tensor. Will be removed.
  warnings.warn(*args, **kwargs)  # noqa: B028
Epoch 82, global step 25979: 'Valid/knn_avr' was not in top 5
/home/imamura23/nas01home/codes/env/lib/python3.10/site-packages/torchmetrics/utilities/prints.py:43: UserWarning: Encounted `nan` values in tensor. Will be removed.
  warnings.warn(*args, **kwargs)  # noqa: B028
Epoch 83, global step 26292: 'Valid/knn_avr' was not in top 5
/home/imamura23/nas01home/codes/env/lib/python3.10/site-packages/torchmetrics/utilities/prints.py:43: UserWarning: Encounted `nan` values in tensor. Will be removed.
  warnings.warn(*args, **kwargs)  # noqa: B028
Epoch 84, global step 26605: 'Valid/knn_avr' was not in top 5
/home/imamura23/nas01home/codes/env/lib/python3.10/site-packages/torchmetrics/utilities/prints.py:43: UserWarning: Encounted `nan` values in tensor. Will be removed.
  warnings.warn(*args, **kwargs)  # noqa: B028
Epoch 85, global step 26918: 'Valid/knn_avr' was not in top 5
/home/imamura23/nas01home/codes/env/lib/python3.10/site-packages/torchmetrics/utilities/prints.py:43: UserWarning: Encounted `nan` values in tensor. Will be removed.
  warnings.warn(*args, **kwargs)  # noqa: B028
Epoch 86, global step 27231: 'Valid/knn_avr' was not in top 5
/home/imamura23/nas01home/codes/env/lib/python3.10/site-packages/torchmetrics/utilities/prints.py:43: UserWarning: Encounted `nan` values in tensor. Will be removed.
  warnings.warn(*args, **kwargs)  # noqa: B028
Epoch 87, global step 27544: 'Valid/knn_avr' was not in top 5
/home/imamura23/nas01home/codes/env/lib/python3.10/site-packages/torchmetrics/utilities/prints.py:43: UserWarning: Encounted `nan` values in tensor. Will be removed.
  warnings.warn(*args, **kwargs)  # noqa: B028
Epoch 88, global step 27857: 'Valid/knn_avr' was not in top 5
/home/imamura23/nas01home/codes/env/lib/python3.10/site-packages/torchmetrics/utilities/prints.py:43: UserWarning: Encounted `nan` values in tensor. Will be removed.
  warnings.warn(*args, **kwargs)  # noqa: B028
Epoch 89, global step 28170: 'Valid/knn_avr' was not in top 5
/home/imamura23/nas01home/codes/env/lib/python3.10/site-packages/torchmetrics/utilities/prints.py:43: UserWarning: Encounted `nan` values in tensor. Will be removed.
  warnings.warn(*args, **kwargs)  # noqa: B028
Epoch 90, global step 28483: 'Valid/knn_avr' was not in top 5
/home/imamura23/nas01home/codes/env/lib/python3.10/site-packages/torchmetrics/utilities/prints.py:43: UserWarning: Encounted `nan` values in tensor. Will be removed.
  warnings.warn(*args, **kwargs)  # noqa: B028
Epoch 91, global step 28796: 'Valid/knn_avr' was not in top 5
/home/imamura23/nas01home/codes/env/lib/python3.10/site-packages/torchmetrics/utilities/prints.py:43: UserWarning: Encounted `nan` values in tensor. Will be removed.
  warnings.warn(*args, **kwargs)  # noqa: B028
Epoch 92, global step 29109: 'Valid/knn_avr' was not in top 5
/home/imamura23/nas01home/codes/env/lib/python3.10/site-packages/torchmetrics/utilities/prints.py:43: UserWarning: Encounted `nan` values in tensor. Will be removed.
  warnings.warn(*args, **kwargs)  # noqa: B028
Epoch 93, global step 29422: 'Valid/knn_avr' was not in top 5
/home/imamura23/nas01home/codes/env/lib/python3.10/site-packages/torchmetrics/utilities/prints.py:43: UserWarning: Encounted `nan` values in tensor. Will be removed.
  warnings.warn(*args, **kwargs)  # noqa: B028
Epoch 94, global step 29735: 'Valid/knn_avr' was not in top 5
/home/imamura23/nas01home/codes/env/lib/python3.10/site-packages/torchmetrics/utilities/prints.py:43: UserWarning: Encounted `nan` values in tensor. Will be removed.
  warnings.warn(*args, **kwargs)  # noqa: B028
Epoch 95, global step 30048: 'Valid/knn_avr' was not in top 5
/home/imamura23/nas01home/codes/env/lib/python3.10/site-packages/torchmetrics/utilities/prints.py:43: UserWarning: Encounted `nan` values in tensor. Will be removed.
  warnings.warn(*args, **kwargs)  # noqa: B028
Epoch 96, global step 30361: 'Valid/knn_avr' was not in top 5
/home/imamura23/nas01home/codes/env/lib/python3.10/site-packages/torchmetrics/utilities/prints.py:43: UserWarning: Encounted `nan` values in tensor. Will be removed.
  warnings.warn(*args, **kwargs)  # noqa: B028
Epoch 97, global step 30674: 'Valid/knn_avr' was not in top 5
/home/imamura23/nas01home/codes/env/lib/python3.10/site-packages/torchmetrics/utilities/prints.py:43: UserWarning: Encounted `nan` values in tensor. Will be removed.
  warnings.warn(*args, **kwargs)  # noqa: B028
Epoch 98, global step 30987: 'Valid/knn_avr' was not in top 5
/home/imamura23/nas01home/codes/env/lib/python3.10/site-packages/torchmetrics/utilities/prints.py:43: UserWarning: Encounted `nan` values in tensor. Will be removed.
  warnings.warn(*args, **kwargs)  # noqa: B028
Epoch 99, global step 31300: 'Valid/knn_avr' was not in top 5
/home/imamura23/nas01home/codes/env/lib/python3.10/site-packages/torchmetrics/utilities/prints.py:43: UserWarning: Encounted `nan` values in tensor. Will be removed.
  warnings.warn(*args, **kwargs)  # noqa: B028
Monitored metric Valid/knn_avr did not improve in the last 100 records. Best score: 0.530. Signaling Trainer to stop.
Epoch 100, global step 31613: 'Valid/knn_avr' was not in top 5
Restoring states from the checkpoint path at /nas02/homes/imamura23-1000067/outputs/triplet_with_unet/runs/2023-11-08/01-11-14/checkpoints/epoch_epoch=000.ckpt
LOCAL_RANK: 0 - CUDA_VISIBLE_DEVICES: [0]
Loaded model weights from the checkpoint at /nas02/homes/imamura23-1000067/outputs/triplet_with_unet/runs/2023-11-08/01-11-14/checkpoints/epoch_epoch=000.ckpt
