/home/imamura23/nas01home/codes/env/lib/python3.10/site-packages/pytorch_lightning/utilities/parsing.py:198: Attribute 'net' is an instance of `nn.Module` and is already saved during checkpointing. It is recommended to ignore them using `self.save_hyperparameters(ignore=['net'])`.
/home/imamura23/nas01home/codes/env/lib/python3.10/site-packages/lightning_fabric/connector.py:565: `precision=16` is supported for historical reasons but its usage is discouraged. Please set your precision to 16-mixed instead!
/home/imamura23/nas01home/codes/env/lib/python3.10/site-packages/lightning_fabric/plugins/environments/slurm.py:191: The `srun` command is available on your system but is not used. HINT: If your intention is to run Lightning on SLURM, prepend your python command with `srun` like so: srun python3 ./train.py experiment=triplet_with_unet/y task_name ...
Using 16bit Automatic Mixed Precision (AMP)
GPU available: True (cuda), used: True
TPU available: False, using: 0 TPU cores
IPU available: False, using: 0 IPUs
HPU available: False, using: 0 HPUs
LOCAL_RANK: 0 - CUDA_VISIBLE_DEVICES: [0]

  | Name               | Type                          | Params
---------------------------------------------------------------------
0 | net                | UNetForTriplet_2d_de5_to1d640 | 43.5 M
1 | loss_unet          | L1Loss                        | 0     
2 | loss_triplet       | MarginRankingLoss             | 0     
3 | loss_l2            | MSELoss                       | 0     
4 | loss_mrl           | MarginRankingLoss             | 0     
5 | loss_cross_entropy | BCEWithLogitsLoss             | 0     
6 | recorder           | ModuleDict                    | 0     
---------------------------------------------------------------------
43.5 M    Trainable params
0         Non-trainable params
43.5 M    Total params
174.092   Total estimated model params size (MB)
/home/imamura23/nas01home/codes/env/lib/python3.10/site-packages/torchmetrics/utilities/prints.py:43: UserWarning: Encounted `nan` values in tensor. Will be removed.
  warnings.warn(*args, **kwargs)  # noqa: B028
Metric Valid/knn_avr improved. New best score: 0.284
Epoch 0, global step 313: 'Valid/knn_avr' reached 0.28407 (best 0.28407), saving model to '/nas02/homes/imamura23-1000067/outputs/triplet_with_unet/runs/2023-11-15/21-40-32/checkpoints/epoch_000.ckpt' as top 1
/home/imamura23/nas01home/codes/env/lib/python3.10/site-packages/torchmetrics/utilities/prints.py:43: UserWarning: Encounted `nan` values in tensor. Will be removed.
  warnings.warn(*args, **kwargs)  # noqa: B028
Metric Valid/knn_avr improved by 0.017 >= min_delta = 0.0. New best score: 0.302
Epoch 1, global step 626: 'Valid/knn_avr' reached 0.30155 (best 0.30155), saving model to '/nas02/homes/imamura23-1000067/outputs/triplet_with_unet/runs/2023-11-15/21-40-32/checkpoints/epoch_001.ckpt' as top 2
/home/imamura23/nas01home/codes/env/lib/python3.10/site-packages/torchmetrics/utilities/prints.py:43: UserWarning: Encounted `nan` values in tensor. Will be removed.
  warnings.warn(*args, **kwargs)  # noqa: B028
Metric Valid/knn_avr improved by 0.002 >= min_delta = 0.0. New best score: 0.303
Epoch 2, global step 939: 'Valid/knn_avr' reached 0.30320 (best 0.30320), saving model to '/nas02/homes/imamura23-1000067/outputs/triplet_with_unet/runs/2023-11-15/21-40-32/checkpoints/epoch_002.ckpt' as top 3
/home/imamura23/nas01home/codes/env/lib/python3.10/site-packages/torchmetrics/utilities/prints.py:43: UserWarning: Encounted `nan` values in tensor. Will be removed.
  warnings.warn(*args, **kwargs)  # noqa: B028
Metric Valid/knn_avr improved by 0.001 >= min_delta = 0.0. New best score: 0.304
Epoch 3, global step 1252: 'Valid/knn_avr' reached 0.30376 (best 0.30376), saving model to '/nas02/homes/imamura23-1000067/outputs/triplet_with_unet/runs/2023-11-15/21-40-32/checkpoints/epoch_003.ckpt' as top 4
/home/imamura23/nas01home/codes/env/lib/python3.10/site-packages/torchmetrics/utilities/prints.py:43: UserWarning: Encounted `nan` values in tensor. Will be removed.
  warnings.warn(*args, **kwargs)  # noqa: B028
Metric Valid/knn_avr improved by 0.018 >= min_delta = 0.0. New best score: 0.322
Epoch 4, global step 1565: 'Valid/knn_avr' reached 0.32223 (best 0.32223), saving model to '/nas02/homes/imamura23-1000067/outputs/triplet_with_unet/runs/2023-11-15/21-40-32/checkpoints/epoch_004.ckpt' as top 5
/home/imamura23/nas01home/codes/env/lib/python3.10/site-packages/torchmetrics/utilities/prints.py:43: UserWarning: Encounted `nan` values in tensor. Will be removed.
  warnings.warn(*args, **kwargs)  # noqa: B028
Metric Valid/knn_avr improved by 0.009 >= min_delta = 0.0. New best score: 0.332
Epoch 5, global step 1878: 'Valid/knn_avr' reached 0.33162 (best 0.33162), saving model to '/nas02/homes/imamura23-1000067/outputs/triplet_with_unet/runs/2023-11-15/21-40-32/checkpoints/epoch_005.ckpt' as top 6
/home/imamura23/nas01home/codes/env/lib/python3.10/site-packages/torchmetrics/utilities/prints.py:43: UserWarning: Encounted `nan` values in tensor. Will be removed.
  warnings.warn(*args, **kwargs)  # noqa: B028
Metric Valid/knn_avr improved by 0.010 >= min_delta = 0.0. New best score: 0.342
Epoch 6, global step 2191: 'Valid/knn_avr' reached 0.34175 (best 0.34175), saving model to '/nas02/homes/imamura23-1000067/outputs/triplet_with_unet/runs/2023-11-15/21-40-32/checkpoints/epoch_006.ckpt' as top 7
/home/imamura23/nas01home/codes/env/lib/python3.10/site-packages/torchmetrics/utilities/prints.py:43: UserWarning: Encounted `nan` values in tensor. Will be removed.
  warnings.warn(*args, **kwargs)  # noqa: B028
Epoch 7, global step 2504: 'Valid/knn_avr' reached 0.33126 (best 0.34175), saving model to '/nas02/homes/imamura23-1000067/outputs/triplet_with_unet/runs/2023-11-15/21-40-32/checkpoints/epoch_007.ckpt' as top 8
/home/imamura23/nas01home/codes/env/lib/python3.10/site-packages/torchmetrics/utilities/prints.py:43: UserWarning: Encounted `nan` values in tensor. Will be removed.
  warnings.warn(*args, **kwargs)  # noqa: B028
Epoch 8, global step 2817: 'Valid/knn_avr' reached 0.34028 (best 0.34175), saving model to '/nas02/homes/imamura23-1000067/outputs/triplet_with_unet/runs/2023-11-15/21-40-32/checkpoints/epoch_008.ckpt' as top 9
/home/imamura23/nas01home/codes/env/lib/python3.10/site-packages/torchmetrics/utilities/prints.py:43: UserWarning: Encounted `nan` values in tensor. Will be removed.
  warnings.warn(*args, **kwargs)  # noqa: B028
Epoch 9, global step 3130: 'Valid/knn_avr' reached 0.34139 (best 0.34175), saving model to '/nas02/homes/imamura23-1000067/outputs/triplet_with_unet/runs/2023-11-15/21-40-32/checkpoints/epoch_009.ckpt' as top 10
/home/imamura23/nas01home/codes/env/lib/python3.10/site-packages/torchmetrics/utilities/prints.py:43: UserWarning: Encounted `nan` values in tensor. Will be removed.
  warnings.warn(*args, **kwargs)  # noqa: B028
Epoch 10, global step 3443: 'Valid/knn_avr' reached 0.34073 (best 0.34175), saving model to '/nas02/homes/imamura23-1000067/outputs/triplet_with_unet/runs/2023-11-15/21-40-32/checkpoints/epoch_010.ckpt' as top 11
/home/imamura23/nas01home/codes/env/lib/python3.10/site-packages/torchmetrics/utilities/prints.py:43: UserWarning: Encounted `nan` values in tensor. Will be removed.
  warnings.warn(*args, **kwargs)  # noqa: B028
Metric Valid/knn_avr improved by 0.004 >= min_delta = 0.0. New best score: 0.346
Epoch 11, global step 3756: 'Valid/knn_avr' reached 0.34572 (best 0.34572), saving model to '/nas02/homes/imamura23-1000067/outputs/triplet_with_unet/runs/2023-11-15/21-40-32/checkpoints/epoch_011.ckpt' as top 12
/home/imamura23/nas01home/codes/env/lib/python3.10/site-packages/torchmetrics/utilities/prints.py:43: UserWarning: Encounted `nan` values in tensor. Will be removed.
  warnings.warn(*args, **kwargs)  # noqa: B028
Metric Valid/knn_avr improved by 0.005 >= min_delta = 0.0. New best score: 0.351
Epoch 12, global step 4069: 'Valid/knn_avr' reached 0.35057 (best 0.35057), saving model to '/nas02/homes/imamura23-1000067/outputs/triplet_with_unet/runs/2023-11-15/21-40-32/checkpoints/epoch_012.ckpt' as top 13
/home/imamura23/nas01home/codes/env/lib/python3.10/site-packages/torchmetrics/utilities/prints.py:43: UserWarning: Encounted `nan` values in tensor. Will be removed.
  warnings.warn(*args, **kwargs)  # noqa: B028
Metric Valid/knn_avr improved by 0.011 >= min_delta = 0.0. New best score: 0.362
Epoch 13, global step 4382: 'Valid/knn_avr' reached 0.36200 (best 0.36200), saving model to '/nas02/homes/imamura23-1000067/outputs/triplet_with_unet/runs/2023-11-15/21-40-32/checkpoints/epoch_013.ckpt' as top 14
/home/imamura23/nas01home/codes/env/lib/python3.10/site-packages/torchmetrics/utilities/prints.py:43: UserWarning: Encounted `nan` values in tensor. Will be removed.
  warnings.warn(*args, **kwargs)  # noqa: B028
Metric Valid/knn_avr improved by 0.012 >= min_delta = 0.0. New best score: 0.374
Epoch 14, global step 4695: 'Valid/knn_avr' reached 0.37351 (best 0.37351), saving model to '/nas02/homes/imamura23-1000067/outputs/triplet_with_unet/runs/2023-11-15/21-40-32/checkpoints/epoch_014.ckpt' as top 15
/home/imamura23/nas01home/codes/env/lib/python3.10/site-packages/torchmetrics/utilities/prints.py:43: UserWarning: Encounted `nan` values in tensor. Will be removed.
  warnings.warn(*args, **kwargs)  # noqa: B028
Epoch 15, global step 5008: 'Valid/knn_avr' reached 0.36350 (best 0.37351), saving model to '/nas02/homes/imamura23-1000067/outputs/triplet_with_unet/runs/2023-11-15/21-40-32/checkpoints/epoch_015.ckpt' as top 16
/home/imamura23/nas01home/codes/env/lib/python3.10/site-packages/torchmetrics/utilities/prints.py:43: UserWarning: Encounted `nan` values in tensor. Will be removed.
  warnings.warn(*args, **kwargs)  # noqa: B028
Metric Valid/knn_avr improved by 0.011 >= min_delta = 0.0. New best score: 0.384
Epoch 16, global step 5321: 'Valid/knn_avr' reached 0.38422 (best 0.38422), saving model to '/nas02/homes/imamura23-1000067/outputs/triplet_with_unet/runs/2023-11-15/21-40-32/checkpoints/epoch_016.ckpt' as top 17
/home/imamura23/nas01home/codes/env/lib/python3.10/site-packages/torchmetrics/utilities/prints.py:43: UserWarning: Encounted `nan` values in tensor. Will be removed.
  warnings.warn(*args, **kwargs)  # noqa: B028
Epoch 17, global step 5634: 'Valid/knn_avr' reached 0.37195 (best 0.38422), saving model to '/nas02/homes/imamura23-1000067/outputs/triplet_with_unet/runs/2023-11-15/21-40-32/checkpoints/epoch_017.ckpt' as top 18
/home/imamura23/nas01home/codes/env/lib/python3.10/site-packages/torchmetrics/utilities/prints.py:43: UserWarning: Encounted `nan` values in tensor. Will be removed.
  warnings.warn(*args, **kwargs)  # noqa: B028
Epoch 18, global step 5947: 'Valid/knn_avr' reached 0.36514 (best 0.38422), saving model to '/nas02/homes/imamura23-1000067/outputs/triplet_with_unet/runs/2023-11-15/21-40-32/checkpoints/epoch_018.ckpt' as top 19
/home/imamura23/nas01home/codes/env/lib/python3.10/site-packages/torchmetrics/utilities/prints.py:43: UserWarning: Encounted `nan` values in tensor. Will be removed.
  warnings.warn(*args, **kwargs)  # noqa: B028
Epoch 19, global step 6260: 'Valid/knn_avr' reached 0.36671 (best 0.38422), saving model to '/nas02/homes/imamura23-1000067/outputs/triplet_with_unet/runs/2023-11-15/21-40-32/checkpoints/epoch_019.ckpt' as top 20
/home/imamura23/nas01home/codes/env/lib/python3.10/site-packages/torchmetrics/utilities/prints.py:43: UserWarning: Encounted `nan` values in tensor. Will be removed.
  warnings.warn(*args, **kwargs)  # noqa: B028
Epoch 20, global step 6573: 'Valid/knn_avr' reached 0.36862 (best 0.38422), saving model to '/nas02/homes/imamura23-1000067/outputs/triplet_with_unet/runs/2023-11-15/21-40-32/checkpoints/epoch_020.ckpt' as top 21
/home/imamura23/nas01home/codes/env/lib/python3.10/site-packages/torchmetrics/utilities/prints.py:43: UserWarning: Encounted `nan` values in tensor. Will be removed.
  warnings.warn(*args, **kwargs)  # noqa: B028
Epoch 21, global step 6886: 'Valid/knn_avr' reached 0.36946 (best 0.38422), saving model to '/nas02/homes/imamura23-1000067/outputs/triplet_with_unet/runs/2023-11-15/21-40-32/checkpoints/epoch_021.ckpt' as top 22
/home/imamura23/nas01home/codes/env/lib/python3.10/site-packages/torchmetrics/utilities/prints.py:43: UserWarning: Encounted `nan` values in tensor. Will be removed.
  warnings.warn(*args, **kwargs)  # noqa: B028
Epoch 22, global step 7199: 'Valid/knn_avr' reached 0.36603 (best 0.38422), saving model to '/nas02/homes/imamura23-1000067/outputs/triplet_with_unet/runs/2023-11-15/21-40-32/checkpoints/epoch_022.ckpt' as top 23
/home/imamura23/nas01home/codes/env/lib/python3.10/site-packages/torchmetrics/utilities/prints.py:43: UserWarning: Encounted `nan` values in tensor. Will be removed.
  warnings.warn(*args, **kwargs)  # noqa: B028
Epoch 23, global step 7512: 'Valid/knn_avr' reached 0.36648 (best 0.38422), saving model to '/nas02/homes/imamura23-1000067/outputs/triplet_with_unet/runs/2023-11-15/21-40-32/checkpoints/epoch_023.ckpt' as top 24
/home/imamura23/nas01home/codes/env/lib/python3.10/site-packages/torchmetrics/utilities/prints.py:43: UserWarning: Encounted `nan` values in tensor. Will be removed.
  warnings.warn(*args, **kwargs)  # noqa: B028
Epoch 24, global step 7825: 'Valid/knn_avr' reached 0.37176 (best 0.38422), saving model to '/nas02/homes/imamura23-1000067/outputs/triplet_with_unet/runs/2023-11-15/21-40-32/checkpoints/epoch_024.ckpt' as top 25
/home/imamura23/nas01home/codes/env/lib/python3.10/site-packages/torchmetrics/utilities/prints.py:43: UserWarning: Encounted `nan` values in tensor. Will be removed.
  warnings.warn(*args, **kwargs)  # noqa: B028
Epoch 25, global step 8138: 'Valid/knn_avr' reached 0.36748 (best 0.38422), saving model to '/nas02/homes/imamura23-1000067/outputs/triplet_with_unet/runs/2023-11-15/21-40-32/checkpoints/epoch_025.ckpt' as top 26
/home/imamura23/nas01home/codes/env/lib/python3.10/site-packages/torchmetrics/utilities/prints.py:43: UserWarning: Encounted `nan` values in tensor. Will be removed.
  warnings.warn(*args, **kwargs)  # noqa: B028
Epoch 26, global step 8451: 'Valid/knn_avr' reached 0.36862 (best 0.38422), saving model to '/nas02/homes/imamura23-1000067/outputs/triplet_with_unet/runs/2023-11-15/21-40-32/checkpoints/epoch_026.ckpt' as top 27
/home/imamura23/nas01home/codes/env/lib/python3.10/site-packages/torchmetrics/utilities/prints.py:43: UserWarning: Encounted `nan` values in tensor. Will be removed.
  warnings.warn(*args, **kwargs)  # noqa: B028
Epoch 27, global step 8764: 'Valid/knn_avr' reached 0.37253 (best 0.38422), saving model to '/nas02/homes/imamura23-1000067/outputs/triplet_with_unet/runs/2023-11-15/21-40-32/checkpoints/epoch_027.ckpt' as top 28
/home/imamura23/nas01home/codes/env/lib/python3.10/site-packages/torchmetrics/utilities/prints.py:43: UserWarning: Encounted `nan` values in tensor. Will be removed.
  warnings.warn(*args, **kwargs)  # noqa: B028
Epoch 28, global step 9077: 'Valid/knn_avr' reached 0.35877 (best 0.38422), saving model to '/nas02/homes/imamura23-1000067/outputs/triplet_with_unet/runs/2023-11-15/21-40-32/checkpoints/epoch_028.ckpt' as top 29
/home/imamura23/nas01home/codes/env/lib/python3.10/site-packages/torchmetrics/utilities/prints.py:43: UserWarning: Encounted `nan` values in tensor. Will be removed.
  warnings.warn(*args, **kwargs)  # noqa: B028
Epoch 29, global step 9390: 'Valid/knn_avr' reached 0.36628 (best 0.38422), saving model to '/nas02/homes/imamura23-1000067/outputs/triplet_with_unet/runs/2023-11-15/21-40-32/checkpoints/epoch_029.ckpt' as top 30
/home/imamura23/nas01home/codes/env/lib/python3.10/site-packages/torchmetrics/utilities/prints.py:43: UserWarning: Encounted `nan` values in tensor. Will be removed.
  warnings.warn(*args, **kwargs)  # noqa: B028
Epoch 30, global step 9703: 'Valid/knn_avr' reached 0.37297 (best 0.38422), saving model to '/nas02/homes/imamura23-1000067/outputs/triplet_with_unet/runs/2023-11-15/21-40-32/checkpoints/epoch_030.ckpt' as top 31
/home/imamura23/nas01home/codes/env/lib/python3.10/site-packages/torchmetrics/utilities/prints.py:43: UserWarning: Encounted `nan` values in tensor. Will be removed.
  warnings.warn(*args, **kwargs)  # noqa: B028
Epoch 31, global step 10016: 'Valid/knn_avr' reached 0.36814 (best 0.38422), saving model to '/nas02/homes/imamura23-1000067/outputs/triplet_with_unet/runs/2023-11-15/21-40-32/checkpoints/epoch_031.ckpt' as top 32
/home/imamura23/nas01home/codes/env/lib/python3.10/site-packages/torchmetrics/utilities/prints.py:43: UserWarning: Encounted `nan` values in tensor. Will be removed.
  warnings.warn(*args, **kwargs)  # noqa: B028
Epoch 32, global step 10329: 'Valid/knn_avr' reached 0.36571 (best 0.38422), saving model to '/nas02/homes/imamura23-1000067/outputs/triplet_with_unet/runs/2023-11-15/21-40-32/checkpoints/epoch_032.ckpt' as top 33
/home/imamura23/nas01home/codes/env/lib/python3.10/site-packages/torchmetrics/utilities/prints.py:43: UserWarning: Encounted `nan` values in tensor. Will be removed.
  warnings.warn(*args, **kwargs)  # noqa: B028
Epoch 33, global step 10642: 'Valid/knn_avr' reached 0.36793 (best 0.38422), saving model to '/nas02/homes/imamura23-1000067/outputs/triplet_with_unet/runs/2023-11-15/21-40-32/checkpoints/epoch_033.ckpt' as top 34
/home/imamura23/nas01home/codes/env/lib/python3.10/site-packages/torchmetrics/utilities/prints.py:43: UserWarning: Encounted `nan` values in tensor. Will be removed.
  warnings.warn(*args, **kwargs)  # noqa: B028
Epoch 34, global step 10955: 'Valid/knn_avr' reached 0.37178 (best 0.38422), saving model to '/nas02/homes/imamura23-1000067/outputs/triplet_with_unet/runs/2023-11-15/21-40-32/checkpoints/epoch_034.ckpt' as top 35
/home/imamura23/nas01home/codes/env/lib/python3.10/site-packages/torchmetrics/utilities/prints.py:43: UserWarning: Encounted `nan` values in tensor. Will be removed.
  warnings.warn(*args, **kwargs)  # noqa: B028
Epoch 35, global step 11268: 'Valid/knn_avr' reached 0.37297 (best 0.38422), saving model to '/nas02/homes/imamura23-1000067/outputs/triplet_with_unet/runs/2023-11-15/21-40-32/checkpoints/epoch_035.ckpt' as top 36
/home/imamura23/nas01home/codes/env/lib/python3.10/site-packages/torchmetrics/utilities/prints.py:43: UserWarning: Encounted `nan` values in tensor. Will be removed.
  warnings.warn(*args, **kwargs)  # noqa: B028
Epoch 36, global step 11581: 'Valid/knn_avr' reached 0.37637 (best 0.38422), saving model to '/nas02/homes/imamura23-1000067/outputs/triplet_with_unet/runs/2023-11-15/21-40-32/checkpoints/epoch_036.ckpt' as top 37
/home/imamura23/nas01home/codes/env/lib/python3.10/site-packages/torchmetrics/utilities/prints.py:43: UserWarning: Encounted `nan` values in tensor. Will be removed.
  warnings.warn(*args, **kwargs)  # noqa: B028
Epoch 37, global step 11894: 'Valid/knn_avr' reached 0.37380 (best 0.38422), saving model to '/nas02/homes/imamura23-1000067/outputs/triplet_with_unet/runs/2023-11-15/21-40-32/checkpoints/epoch_037.ckpt' as top 38
/home/imamura23/nas01home/codes/env/lib/python3.10/site-packages/torchmetrics/utilities/prints.py:43: UserWarning: Encounted `nan` values in tensor. Will be removed.
  warnings.warn(*args, **kwargs)  # noqa: B028
Epoch 38, global step 12207: 'Valid/knn_avr' reached 0.37070 (best 0.38422), saving model to '/nas02/homes/imamura23-1000067/outputs/triplet_with_unet/runs/2023-11-15/21-40-32/checkpoints/epoch_038.ckpt' as top 39
/home/imamura23/nas01home/codes/env/lib/python3.10/site-packages/torchmetrics/utilities/prints.py:43: UserWarning: Encounted `nan` values in tensor. Will be removed.
  warnings.warn(*args, **kwargs)  # noqa: B028
Epoch 39, global step 12520: 'Valid/knn_avr' reached 0.36754 (best 0.38422), saving model to '/nas02/homes/imamura23-1000067/outputs/triplet_with_unet/runs/2023-11-15/21-40-32/checkpoints/epoch_039.ckpt' as top 40
/home/imamura23/nas01home/codes/env/lib/python3.10/site-packages/torchmetrics/utilities/prints.py:43: UserWarning: Encounted `nan` values in tensor. Will be removed.
  warnings.warn(*args, **kwargs)  # noqa: B028
Epoch 40, global step 12833: 'Valid/knn_avr' reached 0.37011 (best 0.38422), saving model to '/nas02/homes/imamura23-1000067/outputs/triplet_with_unet/runs/2023-11-15/21-40-32/checkpoints/epoch_040.ckpt' as top 41
/home/imamura23/nas01home/codes/env/lib/python3.10/site-packages/torchmetrics/utilities/prints.py:43: UserWarning: Encounted `nan` values in tensor. Will be removed.
  warnings.warn(*args, **kwargs)  # noqa: B028
Epoch 41, global step 13146: 'Valid/knn_avr' reached 0.36871 (best 0.38422), saving model to '/nas02/homes/imamura23-1000067/outputs/triplet_with_unet/runs/2023-11-15/21-40-32/checkpoints/epoch_041.ckpt' as top 42
/home/imamura23/nas01home/codes/env/lib/python3.10/site-packages/torchmetrics/utilities/prints.py:43: UserWarning: Encounted `nan` values in tensor. Will be removed.
  warnings.warn(*args, **kwargs)  # noqa: B028
Epoch 42, global step 13459: 'Valid/knn_avr' reached 0.36887 (best 0.38422), saving model to '/nas02/homes/imamura23-1000067/outputs/triplet_with_unet/runs/2023-11-15/21-40-32/checkpoints/epoch_042.ckpt' as top 43
/home/imamura23/nas01home/codes/env/lib/python3.10/site-packages/torchmetrics/utilities/prints.py:43: UserWarning: Encounted `nan` values in tensor. Will be removed.
  warnings.warn(*args, **kwargs)  # noqa: B028
Epoch 43, global step 13772: 'Valid/knn_avr' reached 0.37121 (best 0.38422), saving model to '/nas02/homes/imamura23-1000067/outputs/triplet_with_unet/runs/2023-11-15/21-40-32/checkpoints/epoch_043.ckpt' as top 44
/home/imamura23/nas01home/codes/env/lib/python3.10/site-packages/torchmetrics/utilities/prints.py:43: UserWarning: Encounted `nan` values in tensor. Will be removed.
  warnings.warn(*args, **kwargs)  # noqa: B028
Epoch 44, global step 14085: 'Valid/knn_avr' reached 0.37149 (best 0.38422), saving model to '/nas02/homes/imamura23-1000067/outputs/triplet_with_unet/runs/2023-11-15/21-40-32/checkpoints/epoch_044.ckpt' as top 45
/home/imamura23/nas01home/codes/env/lib/python3.10/site-packages/torchmetrics/utilities/prints.py:43: UserWarning: Encounted `nan` values in tensor. Will be removed.
  warnings.warn(*args, **kwargs)  # noqa: B028
Epoch 45, global step 14398: 'Valid/knn_avr' reached 0.37591 (best 0.38422), saving model to '/nas02/homes/imamura23-1000067/outputs/triplet_with_unet/runs/2023-11-15/21-40-32/checkpoints/epoch_045.ckpt' as top 46
/home/imamura23/nas01home/codes/env/lib/python3.10/site-packages/torchmetrics/utilities/prints.py:43: UserWarning: Encounted `nan` values in tensor. Will be removed.
  warnings.warn(*args, **kwargs)  # noqa: B028
Epoch 46, global step 14711: 'Valid/knn_avr' reached 0.37529 (best 0.38422), saving model to '/nas02/homes/imamura23-1000067/outputs/triplet_with_unet/runs/2023-11-15/21-40-32/checkpoints/epoch_046.ckpt' as top 47
/home/imamura23/nas01home/codes/env/lib/python3.10/site-packages/torchmetrics/utilities/prints.py:43: UserWarning: Encounted `nan` values in tensor. Will be removed.
  warnings.warn(*args, **kwargs)  # noqa: B028
Epoch 47, global step 15024: 'Valid/knn_avr' reached 0.38056 (best 0.38422), saving model to '/nas02/homes/imamura23-1000067/outputs/triplet_with_unet/runs/2023-11-15/21-40-32/checkpoints/epoch_047.ckpt' as top 48
/home/imamura23/nas01home/codes/env/lib/python3.10/site-packages/torchmetrics/utilities/prints.py:43: UserWarning: Encounted `nan` values in tensor. Will be removed.
  warnings.warn(*args, **kwargs)  # noqa: B028
Epoch 48, global step 15337: 'Valid/knn_avr' reached 0.37902 (best 0.38422), saving model to '/nas02/homes/imamura23-1000067/outputs/triplet_with_unet/runs/2023-11-15/21-40-32/checkpoints/epoch_048.ckpt' as top 49
/home/imamura23/nas01home/codes/env/lib/python3.10/site-packages/torchmetrics/utilities/prints.py:43: UserWarning: Encounted `nan` values in tensor. Will be removed.
  warnings.warn(*args, **kwargs)  # noqa: B028
Epoch 49, global step 15650: 'Valid/knn_avr' reached 0.37467 (best 0.38422), saving model to '/nas02/homes/imamura23-1000067/outputs/triplet_with_unet/runs/2023-11-15/21-40-32/checkpoints/epoch_049.ckpt' as top 50
/home/imamura23/nas01home/codes/env/lib/python3.10/site-packages/torchmetrics/utilities/prints.py:43: UserWarning: Encounted `nan` values in tensor. Will be removed.
  warnings.warn(*args, **kwargs)  # noqa: B028
Epoch 50, global step 15963: 'Valid/knn_avr' reached 0.37426 (best 0.38422), saving model to '/nas02/homes/imamura23-1000067/outputs/triplet_with_unet/runs/2023-11-15/21-40-32/checkpoints/epoch_050.ckpt' as top 51
/home/imamura23/nas01home/codes/env/lib/python3.10/site-packages/torchmetrics/utilities/prints.py:43: UserWarning: Encounted `nan` values in tensor. Will be removed.
  warnings.warn(*args, **kwargs)  # noqa: B028
Metric Valid/knn_avr improved by 0.002 >= min_delta = 0.0. New best score: 0.387
Epoch 51, global step 16276: 'Valid/knn_avr' reached 0.38655 (best 0.38655), saving model to '/nas02/homes/imamura23-1000067/outputs/triplet_with_unet/runs/2023-11-15/21-40-32/checkpoints/epoch_051.ckpt' as top 52
/home/imamura23/nas01home/codes/env/lib/python3.10/site-packages/torchmetrics/utilities/prints.py:43: UserWarning: Encounted `nan` values in tensor. Will be removed.
  warnings.warn(*args, **kwargs)  # noqa: B028
Epoch 52, global step 16589: 'Valid/knn_avr' reached 0.37555 (best 0.38655), saving model to '/nas02/homes/imamura23-1000067/outputs/triplet_with_unet/runs/2023-11-15/21-40-32/checkpoints/epoch_052.ckpt' as top 53
/home/imamura23/nas01home/codes/env/lib/python3.10/site-packages/torchmetrics/utilities/prints.py:43: UserWarning: Encounted `nan` values in tensor. Will be removed.
  warnings.warn(*args, **kwargs)  # noqa: B028
Epoch 53, global step 16902: 'Valid/knn_avr' reached 0.35591 (best 0.38655), saving model to '/nas02/homes/imamura23-1000067/outputs/triplet_with_unet/runs/2023-11-15/21-40-32/checkpoints/epoch_053.ckpt' as top 54
/home/imamura23/nas01home/codes/env/lib/python3.10/site-packages/torchmetrics/utilities/prints.py:43: UserWarning: Encounted `nan` values in tensor. Will be removed.
  warnings.warn(*args, **kwargs)  # noqa: B028
Epoch 54, global step 17215: 'Valid/knn_avr' reached 0.36990 (best 0.38655), saving model to '/nas02/homes/imamura23-1000067/outputs/triplet_with_unet/runs/2023-11-15/21-40-32/checkpoints/epoch_054.ckpt' as top 55
/home/imamura23/nas01home/codes/env/lib/python3.10/site-packages/torchmetrics/utilities/prints.py:43: UserWarning: Encounted `nan` values in tensor. Will be removed.
  warnings.warn(*args, **kwargs)  # noqa: B028
Epoch 55, global step 17528: 'Valid/knn_avr' reached 0.36660 (best 0.38655), saving model to '/nas02/homes/imamura23-1000067/outputs/triplet_with_unet/runs/2023-11-15/21-40-32/checkpoints/epoch_055.ckpt' as top 56
/home/imamura23/nas01home/codes/env/lib/python3.10/site-packages/torchmetrics/utilities/prints.py:43: UserWarning: Encounted `nan` values in tensor. Will be removed.
  warnings.warn(*args, **kwargs)  # noqa: B028
Epoch 56, global step 17841: 'Valid/knn_avr' reached 0.36169 (best 0.38655), saving model to '/nas02/homes/imamura23-1000067/outputs/triplet_with_unet/runs/2023-11-15/21-40-32/checkpoints/epoch_056.ckpt' as top 57
/home/imamura23/nas01home/codes/env/lib/python3.10/site-packages/torchmetrics/utilities/prints.py:43: UserWarning: Encounted `nan` values in tensor. Will be removed.
  warnings.warn(*args, **kwargs)  # noqa: B028
Epoch 57, global step 18154: 'Valid/knn_avr' reached 0.36960 (best 0.38655), saving model to '/nas02/homes/imamura23-1000067/outputs/triplet_with_unet/runs/2023-11-15/21-40-32/checkpoints/epoch_057.ckpt' as top 58
/home/imamura23/nas01home/codes/env/lib/python3.10/site-packages/torchmetrics/utilities/prints.py:43: UserWarning: Encounted `nan` values in tensor. Will be removed.
  warnings.warn(*args, **kwargs)  # noqa: B028
Epoch 58, global step 18467: 'Valid/knn_avr' reached 0.36127 (best 0.38655), saving model to '/nas02/homes/imamura23-1000067/outputs/triplet_with_unet/runs/2023-11-15/21-40-32/checkpoints/epoch_058.ckpt' as top 59
/home/imamura23/nas01home/codes/env/lib/python3.10/site-packages/torchmetrics/utilities/prints.py:43: UserWarning: Encounted `nan` values in tensor. Will be removed.
  warnings.warn(*args, **kwargs)  # noqa: B028
Epoch 59, global step 18780: 'Valid/knn_avr' reached 0.37182 (best 0.38655), saving model to '/nas02/homes/imamura23-1000067/outputs/triplet_with_unet/runs/2023-11-15/21-40-32/checkpoints/epoch_059.ckpt' as top 60
/home/imamura23/nas01home/codes/env/lib/python3.10/site-packages/torchmetrics/utilities/prints.py:43: UserWarning: Encounted `nan` values in tensor. Will be removed.
  warnings.warn(*args, **kwargs)  # noqa: B028
Epoch 60, global step 19093: 'Valid/knn_avr' reached 0.36395 (best 0.38655), saving model to '/nas02/homes/imamura23-1000067/outputs/triplet_with_unet/runs/2023-11-15/21-40-32/checkpoints/epoch_060.ckpt' as top 61
/home/imamura23/nas01home/codes/env/lib/python3.10/site-packages/torchmetrics/utilities/prints.py:43: UserWarning: Encounted `nan` values in tensor. Will be removed.
  warnings.warn(*args, **kwargs)  # noqa: B028
Epoch 61, global step 19406: 'Valid/knn_avr' reached 0.36428 (best 0.38655), saving model to '/nas02/homes/imamura23-1000067/outputs/triplet_with_unet/runs/2023-11-15/21-40-32/checkpoints/epoch_061.ckpt' as top 62
/home/imamura23/nas01home/codes/env/lib/python3.10/site-packages/torchmetrics/utilities/prints.py:43: UserWarning: Encounted `nan` values in tensor. Will be removed.
  warnings.warn(*args, **kwargs)  # noqa: B028
Epoch 62, global step 19719: 'Valid/knn_avr' reached 0.36047 (best 0.38655), saving model to '/nas02/homes/imamura23-1000067/outputs/triplet_with_unet/runs/2023-11-15/21-40-32/checkpoints/epoch_062.ckpt' as top 63
/home/imamura23/nas01home/codes/env/lib/python3.10/site-packages/torchmetrics/utilities/prints.py:43: UserWarning: Encounted `nan` values in tensor. Will be removed.
  warnings.warn(*args, **kwargs)  # noqa: B028
Epoch 63, global step 20032: 'Valid/knn_avr' reached 0.34384 (best 0.38655), saving model to '/nas02/homes/imamura23-1000067/outputs/triplet_with_unet/runs/2023-11-15/21-40-32/checkpoints/epoch_063.ckpt' as top 64
/home/imamura23/nas01home/codes/env/lib/python3.10/site-packages/torchmetrics/utilities/prints.py:43: UserWarning: Encounted `nan` values in tensor. Will be removed.
  warnings.warn(*args, **kwargs)  # noqa: B028
Epoch 64, global step 20345: 'Valid/knn_avr' reached 0.36111 (best 0.38655), saving model to '/nas02/homes/imamura23-1000067/outputs/triplet_with_unet/runs/2023-11-15/21-40-32/checkpoints/epoch_064.ckpt' as top 65
/home/imamura23/nas01home/codes/env/lib/python3.10/site-packages/torchmetrics/utilities/prints.py:43: UserWarning: Encounted `nan` values in tensor. Will be removed.
  warnings.warn(*args, **kwargs)  # noqa: B028
Epoch 65, global step 20658: 'Valid/knn_avr' reached 0.35313 (best 0.38655), saving model to '/nas02/homes/imamura23-1000067/outputs/triplet_with_unet/runs/2023-11-15/21-40-32/checkpoints/epoch_065.ckpt' as top 66
/home/imamura23/nas01home/codes/env/lib/python3.10/site-packages/torchmetrics/utilities/prints.py:43: UserWarning: Encounted `nan` values in tensor. Will be removed.
  warnings.warn(*args, **kwargs)  # noqa: B028
Epoch 66, global step 20971: 'Valid/knn_avr' reached 0.34701 (best 0.38655), saving model to '/nas02/homes/imamura23-1000067/outputs/triplet_with_unet/runs/2023-11-15/21-40-32/checkpoints/epoch_066.ckpt' as top 67
/home/imamura23/nas01home/codes/env/lib/python3.10/site-packages/torchmetrics/utilities/prints.py:43: UserWarning: Encounted `nan` values in tensor. Will be removed.
  warnings.warn(*args, **kwargs)  # noqa: B028
Epoch 67, global step 21284: 'Valid/knn_avr' reached 0.35561 (best 0.38655), saving model to '/nas02/homes/imamura23-1000067/outputs/triplet_with_unet/runs/2023-11-15/21-40-32/checkpoints/epoch_067.ckpt' as top 68
/home/imamura23/nas01home/codes/env/lib/python3.10/site-packages/torchmetrics/utilities/prints.py:43: UserWarning: Encounted `nan` values in tensor. Will be removed.
  warnings.warn(*args, **kwargs)  # noqa: B028
Epoch 68, global step 21597: 'Valid/knn_avr' reached 0.35910 (best 0.38655), saving model to '/nas02/homes/imamura23-1000067/outputs/triplet_with_unet/runs/2023-11-15/21-40-32/checkpoints/epoch_068.ckpt' as top 69
/home/imamura23/nas01home/codes/env/lib/python3.10/site-packages/torchmetrics/utilities/prints.py:43: UserWarning: Encounted `nan` values in tensor. Will be removed.
  warnings.warn(*args, **kwargs)  # noqa: B028
Epoch 69, global step 21910: 'Valid/knn_avr' reached 0.35287 (best 0.38655), saving model to '/nas02/homes/imamura23-1000067/outputs/triplet_with_unet/runs/2023-11-15/21-40-32/checkpoints/epoch_069.ckpt' as top 70
/home/imamura23/nas01home/codes/env/lib/python3.10/site-packages/torchmetrics/utilities/prints.py:43: UserWarning: Encounted `nan` values in tensor. Will be removed.
  warnings.warn(*args, **kwargs)  # noqa: B028
Epoch 70, global step 22223: 'Valid/knn_avr' reached 0.35223 (best 0.38655), saving model to '/nas02/homes/imamura23-1000067/outputs/triplet_with_unet/runs/2023-11-15/21-40-32/checkpoints/epoch_070.ckpt' as top 71
/home/imamura23/nas01home/codes/env/lib/python3.10/site-packages/torchmetrics/utilities/prints.py:43: UserWarning: Encounted `nan` values in tensor. Will be removed.
  warnings.warn(*args, **kwargs)  # noqa: B028
Epoch 71, global step 22536: 'Valid/knn_avr' reached 0.35620 (best 0.38655), saving model to '/nas02/homes/imamura23-1000067/outputs/triplet_with_unet/runs/2023-11-15/21-40-32/checkpoints/epoch_071.ckpt' as top 72
/home/imamura23/nas01home/codes/env/lib/python3.10/site-packages/torchmetrics/utilities/prints.py:43: UserWarning: Encounted `nan` values in tensor. Will be removed.
  warnings.warn(*args, **kwargs)  # noqa: B028
Epoch 72, global step 22849: 'Valid/knn_avr' reached 0.35752 (best 0.38655), saving model to '/nas02/homes/imamura23-1000067/outputs/triplet_with_unet/runs/2023-11-15/21-40-32/checkpoints/epoch_072.ckpt' as top 73
/home/imamura23/nas01home/codes/env/lib/python3.10/site-packages/torchmetrics/utilities/prints.py:43: UserWarning: Encounted `nan` values in tensor. Will be removed.
  warnings.warn(*args, **kwargs)  # noqa: B028
Epoch 73, global step 23162: 'Valid/knn_avr' reached 0.35922 (best 0.38655), saving model to '/nas02/homes/imamura23-1000067/outputs/triplet_with_unet/runs/2023-11-15/21-40-32/checkpoints/epoch_073.ckpt' as top 74
/home/imamura23/nas01home/codes/env/lib/python3.10/site-packages/torchmetrics/utilities/prints.py:43: UserWarning: Encounted `nan` values in tensor. Will be removed.
  warnings.warn(*args, **kwargs)  # noqa: B028
Epoch 74, global step 23475: 'Valid/knn_avr' reached 0.36296 (best 0.38655), saving model to '/nas02/homes/imamura23-1000067/outputs/triplet_with_unet/runs/2023-11-15/21-40-32/checkpoints/epoch_074.ckpt' as top 75
/home/imamura23/nas01home/codes/env/lib/python3.10/site-packages/torchmetrics/utilities/prints.py:43: UserWarning: Encounted `nan` values in tensor. Will be removed.
  warnings.warn(*args, **kwargs)  # noqa: B028
Epoch 75, global step 23788: 'Valid/knn_avr' reached 0.35512 (best 0.38655), saving model to '/nas02/homes/imamura23-1000067/outputs/triplet_with_unet/runs/2023-11-15/21-40-32/checkpoints/epoch_075.ckpt' as top 76
/home/imamura23/nas01home/codes/env/lib/python3.10/site-packages/torchmetrics/utilities/prints.py:43: UserWarning: Encounted `nan` values in tensor. Will be removed.
  warnings.warn(*args, **kwargs)  # noqa: B028
Epoch 76, global step 24101: 'Valid/knn_avr' reached 0.35709 (best 0.38655), saving model to '/nas02/homes/imamura23-1000067/outputs/triplet_with_unet/runs/2023-11-15/21-40-32/checkpoints/epoch_076.ckpt' as top 77
/home/imamura23/nas01home/codes/env/lib/python3.10/site-packages/torchmetrics/utilities/prints.py:43: UserWarning: Encounted `nan` values in tensor. Will be removed.
  warnings.warn(*args, **kwargs)  # noqa: B028
Epoch 77, global step 24414: 'Valid/knn_avr' reached 0.36609 (best 0.38655), saving model to '/nas02/homes/imamura23-1000067/outputs/triplet_with_unet/runs/2023-11-15/21-40-32/checkpoints/epoch_077.ckpt' as top 78
/home/imamura23/nas01home/codes/env/lib/python3.10/site-packages/torchmetrics/utilities/prints.py:43: UserWarning: Encounted `nan` values in tensor. Will be removed.
  warnings.warn(*args, **kwargs)  # noqa: B028
Epoch 78, global step 24727: 'Valid/knn_avr' reached 0.36818 (best 0.38655), saving model to '/nas02/homes/imamura23-1000067/outputs/triplet_with_unet/runs/2023-11-15/21-40-32/checkpoints/epoch_078.ckpt' as top 79
/home/imamura23/nas01home/codes/env/lib/python3.10/site-packages/torchmetrics/utilities/prints.py:43: UserWarning: Encounted `nan` values in tensor. Will be removed.
  warnings.warn(*args, **kwargs)  # noqa: B028
Epoch 79, global step 25040: 'Valid/knn_avr' reached 0.37118 (best 0.38655), saving model to '/nas02/homes/imamura23-1000067/outputs/triplet_with_unet/runs/2023-11-15/21-40-32/checkpoints/epoch_079.ckpt' as top 80
/home/imamura23/nas01home/codes/env/lib/python3.10/site-packages/torchmetrics/utilities/prints.py:43: UserWarning: Encounted `nan` values in tensor. Will be removed.
  warnings.warn(*args, **kwargs)  # noqa: B028
