/home/imamura23/nas01home/codes/env/lib/python3.10/site-packages/pytorch_lightning/utilities/parsing.py:198: Attribute 'net' is an instance of `nn.Module` and is already saved during checkpointing. It is recommended to ignore them using `self.save_hyperparameters(ignore=['net'])`.
/home/imamura23/nas01home/codes/env/lib/python3.10/site-packages/lightning_fabric/connector.py:565: `precision=16` is supported for historical reasons but its usage is discouraged. Please set your precision to 16-mixed instead!
/home/imamura23/nas01home/codes/env/lib/python3.10/site-packages/lightning_fabric/plugins/environments/slurm.py:191: The `srun` command is available on your system but is not used. HINT: If your intention is to run Lightning on SLURM, prepend your python command with `srun` like so: srun python3 ./train.py experiment=pretrain task_name=pretrain ...
Using 16bit Automatic Mixed Precision (AMP)
GPU available: True (cuda), used: True
TPU available: False, using: 0 TPU cores
IPU available: False, using: 0 IPUs
HPU available: False, using: 0 HPUs
LOCAL_RANK: 0 - CUDA_VISIBLE_DEVICES: [0]

  | Name            | Type                          | Params
------------------------------------------------------------------
0 | net             | UNetForTriplet_2d_de5_to1d640 | 37.4 M
1 | loss_triplet    | MarginRankingLoss             | 0     
2 | loss_mse        | MSELoss                       | 0     
3 | train_loss_mix  | MeanMetric                    | 0     
4 | train_loss_inst | MeanMetric                    | 0     
------------------------------------------------------------------
37.4 M    Trainable params
0         Non-trainable params
37.4 M    Total params
149.516   Total estimated model params size (MB)
Metric val/knn_avr improved. New best score: 0.185
Epoch 0, global step 1014: 'val/knn_avr' reached 0.18532 (best 0.18532), saving model to '/nas02/homes/imamura23-1000067/outputs/pretrain/runs/2023-11-11/20-37-53/checkpoints/epoch_000.ckpt' as top 1
Epoch 1, global step 2028: 'val/knn_avr' reached 0.17545 (best 0.18532), saving model to '/nas02/homes/imamura23-1000067/outputs/pretrain/runs/2023-11-11/20-37-53/checkpoints/epoch_001.ckpt' as top 2
Metric val/knn_avr improved by 0.066 >= min_delta = 0.0. New best score: 0.252
Epoch 2, global step 3042: 'val/knn_avr' reached 0.25181 (best 0.25181), saving model to '/nas02/homes/imamura23-1000067/outputs/pretrain/runs/2023-11-11/20-37-53/checkpoints/epoch_002.ckpt' as top 3
Epoch 3, global step 4056: 'val/knn_avr' reached 0.19394 (best 0.25181), saving model to '/nas02/homes/imamura23-1000067/outputs/pretrain/runs/2023-11-11/20-37-53/checkpoints/epoch_003.ckpt' as top 4
Epoch 4, global step 5070: 'val/knn_avr' reached 0.12897 (best 0.25181), saving model to '/nas02/homes/imamura23-1000067/outputs/pretrain/runs/2023-11-11/20-37-53/checkpoints/epoch_004.ckpt' as top 5
Epoch 5, global step 6084: 'val/knn_avr' reached 0.13290 (best 0.25181), saving model to '/nas02/homes/imamura23-1000067/outputs/pretrain/runs/2023-11-11/20-37-53/checkpoints/epoch_005.ckpt' as top 6
Epoch 6, global step 7098: 'val/knn_avr' reached 0.17467 (best 0.25181), saving model to '/nas02/homes/imamura23-1000067/outputs/pretrain/runs/2023-11-11/20-37-53/checkpoints/epoch_006.ckpt' as top 7
Epoch 7, global step 8112: 'val/knn_avr' reached 0.24095 (best 0.25181), saving model to '/nas02/homes/imamura23-1000067/outputs/pretrain/runs/2023-11-11/20-37-53/checkpoints/epoch_007.ckpt' as top 8
Metric val/knn_avr improved by 0.090 >= min_delta = 0.0. New best score: 0.342
Epoch 8, global step 9126: 'val/knn_avr' reached 0.34230 (best 0.34230), saving model to '/nas02/homes/imamura23-1000067/outputs/pretrain/runs/2023-11-11/20-37-53/checkpoints/epoch_008.ckpt' as top 9
Epoch 9, global step 10140: 'val/knn_avr' reached 0.24272 (best 0.34230), saving model to '/nas02/homes/imamura23-1000067/outputs/pretrain/runs/2023-11-11/20-37-53/checkpoints/epoch_009.ckpt' as top 10
Epoch 10, global step 11154: 'val/knn_avr' reached 0.26371 (best 0.34230), saving model to '/nas02/homes/imamura23-1000067/outputs/pretrain/runs/2023-11-11/20-37-53/checkpoints/epoch_010.ckpt' as top 11
Epoch 11, global step 12168: 'val/knn_avr' reached 0.24965 (best 0.34230), saving model to '/nas02/homes/imamura23-1000067/outputs/pretrain/runs/2023-11-11/20-37-53/checkpoints/epoch_011.ckpt' as top 12
Epoch 12, global step 13182: 'val/knn_avr' reached 0.24921 (best 0.34230), saving model to '/nas02/homes/imamura23-1000067/outputs/pretrain/runs/2023-11-11/20-37-53/checkpoints/epoch_012.ckpt' as top 13
Epoch 13, global step 14196: 'val/knn_avr' reached 0.31334 (best 0.34230), saving model to '/nas02/homes/imamura23-1000067/outputs/pretrain/runs/2023-11-11/20-37-53/checkpoints/epoch_013.ckpt' as top 14
Epoch 14, global step 15210: 'val/knn_avr' reached 0.27796 (best 0.34230), saving model to '/nas02/homes/imamura23-1000067/outputs/pretrain/runs/2023-11-11/20-37-53/checkpoints/epoch_014.ckpt' as top 15
Epoch 15, global step 16224: 'val/knn_avr' reached 0.29355 (best 0.34230), saving model to '/nas02/homes/imamura23-1000067/outputs/pretrain/runs/2023-11-11/20-37-53/checkpoints/epoch_015.ckpt' as top 16
Epoch 16, global step 17238: 'val/knn_avr' reached 0.29332 (best 0.34230), saving model to '/nas02/homes/imamura23-1000067/outputs/pretrain/runs/2023-11-11/20-37-53/checkpoints/epoch_016.ckpt' as top 17
Epoch 17, global step 18252: 'val/knn_avr' reached 0.27913 (best 0.34230), saving model to '/nas02/homes/imamura23-1000067/outputs/pretrain/runs/2023-11-11/20-37-53/checkpoints/epoch_017.ckpt' as top 18
Epoch 18, global step 19266: 'val/knn_avr' reached 0.28126 (best 0.34230), saving model to '/nas02/homes/imamura23-1000067/outputs/pretrain/runs/2023-11-11/20-37-53/checkpoints/epoch_018.ckpt' as top 19
Epoch 19, global step 20280: 'val/knn_avr' reached 0.28154 (best 0.34230), saving model to '/nas02/homes/imamura23-1000067/outputs/pretrain/runs/2023-11-11/20-37-53/checkpoints/epoch_019.ckpt' as top 20
Epoch 20, global step 21294: 'val/knn_avr' reached 0.29152 (best 0.34230), saving model to '/nas02/homes/imamura23-1000067/outputs/pretrain/runs/2023-11-11/20-37-53/checkpoints/epoch_020.ckpt' as top 21
Epoch 21, global step 22308: 'val/knn_avr' reached 0.26565 (best 0.34230), saving model to '/nas02/homes/imamura23-1000067/outputs/pretrain/runs/2023-11-11/20-37-53/checkpoints/epoch_021.ckpt' as top 22
Epoch 22, global step 23322: 'val/knn_avr' reached 0.27710 (best 0.34230), saving model to '/nas02/homes/imamura23-1000067/outputs/pretrain/runs/2023-11-11/20-37-53/checkpoints/epoch_022.ckpt' as top 23
Epoch 23, global step 24336: 'val/knn_avr' reached 0.27500 (best 0.34230), saving model to '/nas02/homes/imamura23-1000067/outputs/pretrain/runs/2023-11-11/20-37-53/checkpoints/epoch_023.ckpt' as top 24
Epoch 24, global step 25350: 'val/knn_avr' reached 0.30384 (best 0.34230), saving model to '/nas02/homes/imamura23-1000067/outputs/pretrain/runs/2023-11-11/20-37-53/checkpoints/epoch_024.ckpt' as top 25
Epoch 25, global step 26364: 'val/knn_avr' reached 0.29146 (best 0.34230), saving model to '/nas02/homes/imamura23-1000067/outputs/pretrain/runs/2023-11-11/20-37-53/checkpoints/epoch_025.ckpt' as top 26
Epoch 26, global step 27378: 'val/knn_avr' reached 0.30493 (best 0.34230), saving model to '/nas02/homes/imamura23-1000067/outputs/pretrain/runs/2023-11-11/20-37-53/checkpoints/epoch_026.ckpt' as top 27
Epoch 27, global step 28392: 'val/knn_avr' reached 0.30549 (best 0.34230), saving model to '/nas02/homes/imamura23-1000067/outputs/pretrain/runs/2023-11-11/20-37-53/checkpoints/epoch_027.ckpt' as top 28
Epoch 28, global step 29406: 'val/knn_avr' reached 0.28243 (best 0.34230), saving model to '/nas02/homes/imamura23-1000067/outputs/pretrain/runs/2023-11-11/20-37-53/checkpoints/epoch_028.ckpt' as top 29
Epoch 29, global step 30420: 'val/knn_avr' reached 0.25752 (best 0.34230), saving model to '/nas02/homes/imamura23-1000067/outputs/pretrain/runs/2023-11-11/20-37-53/checkpoints/epoch_029.ckpt' as top 30
Epoch 30, global step 31434: 'val/knn_avr' reached 0.28646 (best 0.34230), saving model to '/nas02/homes/imamura23-1000067/outputs/pretrain/runs/2023-11-11/20-37-53/checkpoints/epoch_030.ckpt' as top 31
Epoch 31, global step 32448: 'val/knn_avr' reached 0.27531 (best 0.34230), saving model to '/nas02/homes/imamura23-1000067/outputs/pretrain/runs/2023-11-11/20-37-53/checkpoints/epoch_031.ckpt' as top 32
Epoch 32, global step 33462: 'val/knn_avr' reached 0.28597 (best 0.34230), saving model to '/nas02/homes/imamura23-1000067/outputs/pretrain/runs/2023-11-11/20-37-53/checkpoints/epoch_032.ckpt' as top 33
Epoch 33, global step 34476: 'val/knn_avr' reached 0.27838 (best 0.34230), saving model to '/nas02/homes/imamura23-1000067/outputs/pretrain/runs/2023-11-11/20-37-53/checkpoints/epoch_033.ckpt' as top 34
Epoch 34, global step 35490: 'val/knn_avr' reached 0.31500 (best 0.34230), saving model to '/nas02/homes/imamura23-1000067/outputs/pretrain/runs/2023-11-11/20-37-53/checkpoints/epoch_034.ckpt' as top 35
Epoch 35, global step 36504: 'val/knn_avr' reached 0.29118 (best 0.34230), saving model to '/nas02/homes/imamura23-1000067/outputs/pretrain/runs/2023-11-11/20-37-53/checkpoints/epoch_035.ckpt' as top 36
Epoch 36, global step 37518: 'val/knn_avr' reached 0.25889 (best 0.34230), saving model to '/nas02/homes/imamura23-1000067/outputs/pretrain/runs/2023-11-11/20-37-53/checkpoints/epoch_036.ckpt' as top 37
Epoch 37, global step 38532: 'val/knn_avr' reached 0.28706 (best 0.34230), saving model to '/nas02/homes/imamura23-1000067/outputs/pretrain/runs/2023-11-11/20-37-53/checkpoints/epoch_037.ckpt' as top 38
Epoch 38, global step 39546: 'val/knn_avr' reached 0.29150 (best 0.34230), saving model to '/nas02/homes/imamura23-1000067/outputs/pretrain/runs/2023-11-11/20-37-53/checkpoints/epoch_038.ckpt' as top 39
Epoch 39, global step 40560: 'val/knn_avr' reached 0.27290 (best 0.34230), saving model to '/nas02/homes/imamura23-1000067/outputs/pretrain/runs/2023-11-11/20-37-53/checkpoints/epoch_039.ckpt' as top 40
Epoch 40, global step 41574: 'val/knn_avr' reached 0.26983 (best 0.34230), saving model to '/nas02/homes/imamura23-1000067/outputs/pretrain/runs/2023-11-11/20-37-53/checkpoints/epoch_040.ckpt' as top 41
Epoch 41, global step 42588: 'val/knn_avr' reached 0.28163 (best 0.34230), saving model to '/nas02/homes/imamura23-1000067/outputs/pretrain/runs/2023-11-11/20-37-53/checkpoints/epoch_041.ckpt' as top 42
Epoch 42, global step 43602: 'val/knn_avr' reached 0.25335 (best 0.34230), saving model to '/nas02/homes/imamura23-1000067/outputs/pretrain/runs/2023-11-11/20-37-53/checkpoints/epoch_042.ckpt' as top 43
Epoch 43, global step 44616: 'val/knn_avr' reached 0.26966 (best 0.34230), saving model to '/nas02/homes/imamura23-1000067/outputs/pretrain/runs/2023-11-11/20-37-53/checkpoints/epoch_043.ckpt' as top 44
Epoch 44, global step 45630: 'val/knn_avr' reached 0.31434 (best 0.34230), saving model to '/nas02/homes/imamura23-1000067/outputs/pretrain/runs/2023-11-11/20-37-53/checkpoints/epoch_044.ckpt' as top 45
Epoch 45, global step 46644: 'val/knn_avr' reached 0.27158 (best 0.34230), saving model to '/nas02/homes/imamura23-1000067/outputs/pretrain/runs/2023-11-11/20-37-53/checkpoints/epoch_045.ckpt' as top 46
Metric val/knn_avr improved by 0.002 >= min_delta = 0.0. New best score: 0.344
Epoch 46, global step 47658: 'val/knn_avr' reached 0.34412 (best 0.34412), saving model to '/nas02/homes/imamura23-1000067/outputs/pretrain/runs/2023-11-11/20-37-53/checkpoints/epoch_046.ckpt' as top 47
Epoch 47, global step 48672: 'val/knn_avr' reached 0.27746 (best 0.34412), saving model to '/nas02/homes/imamura23-1000067/outputs/pretrain/runs/2023-11-11/20-37-53/checkpoints/epoch_047.ckpt' as top 48
Epoch 48, global step 49686: 'val/knn_avr' reached 0.27947 (best 0.34412), saving model to '/nas02/homes/imamura23-1000067/outputs/pretrain/runs/2023-11-11/20-37-53/checkpoints/epoch_048.ckpt' as top 49
Epoch 49, global step 50700: 'val/knn_avr' reached 0.27813 (best 0.34412), saving model to '/nas02/homes/imamura23-1000067/outputs/pretrain/runs/2023-11-11/20-37-53/checkpoints/epoch_049.ckpt' as top 50
Epoch 50, global step 51714: 'val/knn_avr' reached 0.29052 (best 0.34412), saving model to '/nas02/homes/imamura23-1000067/outputs/pretrain/runs/2023-11-11/20-37-53/checkpoints/epoch_050.ckpt' as top 51
Epoch 51, global step 52728: 'val/knn_avr' reached 0.27458 (best 0.34412), saving model to '/nas02/homes/imamura23-1000067/outputs/pretrain/runs/2023-11-11/20-37-53/checkpoints/epoch_051.ckpt' as top 52
Epoch 52, global step 53742: 'val/knn_avr' reached 0.29794 (best 0.34412), saving model to '/nas02/homes/imamura23-1000067/outputs/pretrain/runs/2023-11-11/20-37-53/checkpoints/epoch_052.ckpt' as top 53
Epoch 53, global step 54756: 'val/knn_avr' reached 0.28672 (best 0.34412), saving model to '/nas02/homes/imamura23-1000067/outputs/pretrain/runs/2023-11-11/20-37-53/checkpoints/epoch_053.ckpt' as top 54
Epoch 54, global step 55770: 'val/knn_avr' reached 0.30437 (best 0.34412), saving model to '/nas02/homes/imamura23-1000067/outputs/pretrain/runs/2023-11-11/20-37-53/checkpoints/epoch_054.ckpt' as top 55
Epoch 55, global step 56784: 'val/knn_avr' reached 0.27969 (best 0.34412), saving model to '/nas02/homes/imamura23-1000067/outputs/pretrain/runs/2023-11-11/20-37-53/checkpoints/epoch_055.ckpt' as top 56
Epoch 56, global step 57798: 'val/knn_avr' reached 0.26375 (best 0.34412), saving model to '/nas02/homes/imamura23-1000067/outputs/pretrain/runs/2023-11-11/20-37-53/checkpoints/epoch_056.ckpt' as top 57
Epoch 57, global step 58812: 'val/knn_avr' reached 0.25529 (best 0.34412), saving model to '/nas02/homes/imamura23-1000067/outputs/pretrain/runs/2023-11-11/20-37-53/checkpoints/epoch_057.ckpt' as top 58
Epoch 58, global step 59826: 'val/knn_avr' reached 0.25055 (best 0.34412), saving model to '/nas02/homes/imamura23-1000067/outputs/pretrain/runs/2023-11-11/20-37-53/checkpoints/epoch_058.ckpt' as top 59
Epoch 59, global step 60840: 'val/knn_avr' reached 0.27311 (best 0.34412), saving model to '/nas02/homes/imamura23-1000067/outputs/pretrain/runs/2023-11-11/20-37-53/checkpoints/epoch_059.ckpt' as top 60
Epoch 60, global step 61854: 'val/knn_avr' reached 0.26076 (best 0.34412), saving model to '/nas02/homes/imamura23-1000067/outputs/pretrain/runs/2023-11-11/20-37-53/checkpoints/epoch_060.ckpt' as top 61
Epoch 61, global step 62868: 'val/knn_avr' reached 0.27364 (best 0.34412), saving model to '/nas02/homes/imamura23-1000067/outputs/pretrain/runs/2023-11-11/20-37-53/checkpoints/epoch_061.ckpt' as top 62
Epoch 62, global step 63882: 'val/knn_avr' reached 0.27852 (best 0.34412), saving model to '/nas02/homes/imamura23-1000067/outputs/pretrain/runs/2023-11-11/20-37-53/checkpoints/epoch_062.ckpt' as top 63
Epoch 63, global step 64896: 'val/knn_avr' reached 0.27451 (best 0.34412), saving model to '/nas02/homes/imamura23-1000067/outputs/pretrain/runs/2023-11-11/20-37-53/checkpoints/epoch_063.ckpt' as top 64
Epoch 64, global step 65910: 'val/knn_avr' reached 0.29663 (best 0.34412), saving model to '/nas02/homes/imamura23-1000067/outputs/pretrain/runs/2023-11-11/20-37-53/checkpoints/epoch_064.ckpt' as top 65
Epoch 65, global step 66924: 'val/knn_avr' reached 0.26990 (best 0.34412), saving model to '/nas02/homes/imamura23-1000067/outputs/pretrain/runs/2023-11-11/20-37-53/checkpoints/epoch_065.ckpt' as top 66
Epoch 66, global step 67938: 'val/knn_avr' reached 0.29263 (best 0.34412), saving model to '/nas02/homes/imamura23-1000067/outputs/pretrain/runs/2023-11-11/20-37-53/checkpoints/epoch_066.ckpt' as top 67
Epoch 67, global step 68952: 'val/knn_avr' reached 0.27843 (best 0.34412), saving model to '/nas02/homes/imamura23-1000067/outputs/pretrain/runs/2023-11-11/20-37-53/checkpoints/epoch_067.ckpt' as top 68
Epoch 68, global step 69966: 'val/knn_avr' reached 0.26334 (best 0.34412), saving model to '/nas02/homes/imamura23-1000067/outputs/pretrain/runs/2023-11-11/20-37-53/checkpoints/epoch_068.ckpt' as top 69
Epoch 69, global step 70980: 'val/knn_avr' reached 0.28827 (best 0.34412), saving model to '/nas02/homes/imamura23-1000067/outputs/pretrain/runs/2023-11-11/20-37-53/checkpoints/epoch_069.ckpt' as top 70
Epoch 70, global step 71994: 'val/knn_avr' reached 0.27061 (best 0.34412), saving model to '/nas02/homes/imamura23-1000067/outputs/pretrain/runs/2023-11-11/20-37-53/checkpoints/epoch_070.ckpt' as top 71
Epoch 71, global step 73008: 'val/knn_avr' reached 0.32724 (best 0.34412), saving model to '/nas02/homes/imamura23-1000067/outputs/pretrain/runs/2023-11-11/20-37-53/checkpoints/epoch_071.ckpt' as top 72
Epoch 72, global step 74022: 'val/knn_avr' reached 0.26396 (best 0.34412), saving model to '/nas02/homes/imamura23-1000067/outputs/pretrain/runs/2023-11-11/20-37-53/checkpoints/epoch_072.ckpt' as top 73
Epoch 73, global step 75036: 'val/knn_avr' reached 0.26857 (best 0.34412), saving model to '/nas02/homes/imamura23-1000067/outputs/pretrain/runs/2023-11-11/20-37-53/checkpoints/epoch_073.ckpt' as top 74
Epoch 74, global step 76050: 'val/knn_avr' reached 0.29116 (best 0.34412), saving model to '/nas02/homes/imamura23-1000067/outputs/pretrain/runs/2023-11-11/20-37-53/checkpoints/epoch_074.ckpt' as top 75
Epoch 75, global step 77064: 'val/knn_avr' reached 0.27800 (best 0.34412), saving model to '/nas02/homes/imamura23-1000067/outputs/pretrain/runs/2023-11-11/20-37-53/checkpoints/epoch_075.ckpt' as top 76
Epoch 76, global step 78078: 'val/knn_avr' reached 0.28788 (best 0.34412), saving model to '/nas02/homes/imamura23-1000067/outputs/pretrain/runs/2023-11-11/20-37-53/checkpoints/epoch_076.ckpt' as top 77
Epoch 77, global step 79092: 'val/knn_avr' reached 0.27760 (best 0.34412), saving model to '/nas02/homes/imamura23-1000067/outputs/pretrain/runs/2023-11-11/20-37-53/checkpoints/epoch_077.ckpt' as top 78
Epoch 78, global step 80106: 'val/knn_avr' reached 0.28957 (best 0.34412), saving model to '/nas02/homes/imamura23-1000067/outputs/pretrain/runs/2023-11-11/20-37-53/checkpoints/epoch_078.ckpt' as top 79
Epoch 79, global step 81120: 'val/knn_avr' reached 0.27693 (best 0.34412), saving model to '/nas02/homes/imamura23-1000067/outputs/pretrain/runs/2023-11-11/20-37-53/checkpoints/epoch_079.ckpt' as top 80
Epoch 80, global step 82134: 'val/knn_avr' reached 0.29674 (best 0.34412), saving model to '/nas02/homes/imamura23-1000067/outputs/pretrain/runs/2023-11-11/20-37-53/checkpoints/epoch_080.ckpt' as top 81
Epoch 81, global step 83148: 'val/knn_avr' reached 0.27781 (best 0.34412), saving model to '/nas02/homes/imamura23-1000067/outputs/pretrain/runs/2023-11-11/20-37-53/checkpoints/epoch_081.ckpt' as top 82
Epoch 82, global step 84162: 'val/knn_avr' reached 0.25748 (best 0.34412), saving model to '/nas02/homes/imamura23-1000067/outputs/pretrain/runs/2023-11-11/20-37-53/checkpoints/epoch_082.ckpt' as top 83
Epoch 83, global step 85176: 'val/knn_avr' reached 0.25494 (best 0.34412), saving model to '/nas02/homes/imamura23-1000067/outputs/pretrain/runs/2023-11-11/20-37-53/checkpoints/epoch_083.ckpt' as top 84
Epoch 84, global step 86190: 'val/knn_avr' reached 0.26661 (best 0.34412), saving model to '/nas02/homes/imamura23-1000067/outputs/pretrain/runs/2023-11-11/20-37-53/checkpoints/epoch_084.ckpt' as top 85
Epoch 85, global step 87204: 'val/knn_avr' reached 0.27038 (best 0.34412), saving model to '/nas02/homes/imamura23-1000067/outputs/pretrain/runs/2023-11-11/20-37-53/checkpoints/epoch_085.ckpt' as top 86
Epoch 86, global step 88218: 'val/knn_avr' reached 0.24604 (best 0.34412), saving model to '/nas02/homes/imamura23-1000067/outputs/pretrain/runs/2023-11-11/20-37-53/checkpoints/epoch_086.ckpt' as top 87
Epoch 87, global step 89232: 'val/knn_avr' reached 0.31263 (best 0.34412), saving model to '/nas02/homes/imamura23-1000067/outputs/pretrain/runs/2023-11-11/20-37-53/checkpoints/epoch_087.ckpt' as top 88
Epoch 88, global step 90246: 'val/knn_avr' reached 0.27945 (best 0.34412), saving model to '/nas02/homes/imamura23-1000067/outputs/pretrain/runs/2023-11-11/20-37-53/checkpoints/epoch_088.ckpt' as top 89
Epoch 89, global step 91260: 'val/knn_avr' reached 0.27389 (best 0.34412), saving model to '/nas02/homes/imamura23-1000067/outputs/pretrain/runs/2023-11-11/20-37-53/checkpoints/epoch_089.ckpt' as top 90
Epoch 90, global step 92274: 'val/knn_avr' reached 0.26775 (best 0.34412), saving model to '/nas02/homes/imamura23-1000067/outputs/pretrain/runs/2023-11-11/20-37-53/checkpoints/epoch_090.ckpt' as top 91
Epoch 91, global step 93288: 'val/knn_avr' reached 0.26807 (best 0.34412), saving model to '/nas02/homes/imamura23-1000067/outputs/pretrain/runs/2023-11-11/20-37-53/checkpoints/epoch_091.ckpt' as top 92
Epoch 92, global step 94302: 'val/knn_avr' reached 0.22280 (best 0.34412), saving model to '/nas02/homes/imamura23-1000067/outputs/pretrain/runs/2023-11-11/20-37-53/checkpoints/epoch_092.ckpt' as top 93
Epoch 93, global step 95316: 'val/knn_avr' reached 0.26542 (best 0.34412), saving model to '/nas02/homes/imamura23-1000067/outputs/pretrain/runs/2023-11-11/20-37-53/checkpoints/epoch_093.ckpt' as top 94
Epoch 94, global step 96330: 'val/knn_avr' reached 0.26790 (best 0.34412), saving model to '/nas02/homes/imamura23-1000067/outputs/pretrain/runs/2023-11-11/20-37-53/checkpoints/epoch_094.ckpt' as top 95
Epoch 95, global step 97344: 'val/knn_avr' reached 0.28045 (best 0.34412), saving model to '/nas02/homes/imamura23-1000067/outputs/pretrain/runs/2023-11-11/20-37-53/checkpoints/epoch_095.ckpt' as top 96
Epoch 96, global step 98358: 'val/knn_avr' reached 0.27837 (best 0.34412), saving model to '/nas02/homes/imamura23-1000067/outputs/pretrain/runs/2023-11-11/20-37-53/checkpoints/epoch_096.ckpt' as top 97
Epoch 97, global step 99372: 'val/knn_avr' reached 0.24737 (best 0.34412), saving model to '/nas02/homes/imamura23-1000067/outputs/pretrain/runs/2023-11-11/20-37-53/checkpoints/epoch_097.ckpt' as top 98
Epoch 98, global step 100386: 'val/knn_avr' reached 0.26644 (best 0.34412), saving model to '/nas02/homes/imamura23-1000067/outputs/pretrain/runs/2023-11-11/20-37-53/checkpoints/epoch_098.ckpt' as top 99
Epoch 99, global step 101400: 'val/knn_avr' reached 0.27397 (best 0.34412), saving model to '/nas02/homes/imamura23-1000067/outputs/pretrain/runs/2023-11-11/20-37-53/checkpoints/epoch_099.ckpt' as top 100
Epoch 100, global step 102414: 'val/knn_avr' reached 0.24742 (best 0.34412), saving model to '/nas02/homes/imamura23-1000067/outputs/pretrain/runs/2023-11-11/20-37-53/checkpoints/epoch_100.ckpt' as top 101
Epoch 101, global step 103428: 'val/knn_avr' reached 0.27191 (best 0.34412), saving model to '/nas02/homes/imamura23-1000067/outputs/pretrain/runs/2023-11-11/20-37-53/checkpoints/epoch_101.ckpt' as top 102
Epoch 102, global step 104442: 'val/knn_avr' reached 0.25722 (best 0.34412), saving model to '/nas02/homes/imamura23-1000067/outputs/pretrain/runs/2023-11-11/20-37-53/checkpoints/epoch_102.ckpt' as top 103
Epoch 103, global step 105456: 'val/knn_avr' reached 0.27541 (best 0.34412), saving model to '/nas02/homes/imamura23-1000067/outputs/pretrain/runs/2023-11-11/20-37-53/checkpoints/epoch_103.ckpt' as top 104
Epoch 104, global step 106470: 'val/knn_avr' reached 0.26935 (best 0.34412), saving model to '/nas02/homes/imamura23-1000067/outputs/pretrain/runs/2023-11-11/20-37-53/checkpoints/epoch_104.ckpt' as top 105
Epoch 105, global step 107484: 'val/knn_avr' reached 0.25386 (best 0.34412), saving model to '/nas02/homes/imamura23-1000067/outputs/pretrain/runs/2023-11-11/20-37-53/checkpoints/epoch_105.ckpt' as top 106
Epoch 106, global step 108498: 'val/knn_avr' reached 0.29787 (best 0.34412), saving model to '/nas02/homes/imamura23-1000067/outputs/pretrain/runs/2023-11-11/20-37-53/checkpoints/epoch_106.ckpt' as top 107
Epoch 107, global step 109512: 'val/knn_avr' reached 0.26229 (best 0.34412), saving model to '/nas02/homes/imamura23-1000067/outputs/pretrain/runs/2023-11-11/20-37-53/checkpoints/epoch_107.ckpt' as top 108
Epoch 108, global step 110526: 'val/knn_avr' reached 0.27851 (best 0.34412), saving model to '/nas02/homes/imamura23-1000067/outputs/pretrain/runs/2023-11-11/20-37-53/checkpoints/epoch_108.ckpt' as top 109
Epoch 109, global step 111540: 'val/knn_avr' reached 0.26013 (best 0.34412), saving model to '/nas02/homes/imamura23-1000067/outputs/pretrain/runs/2023-11-11/20-37-53/checkpoints/epoch_109.ckpt' as top 110
Epoch 110, global step 112554: 'val/knn_avr' reached 0.25552 (best 0.34412), saving model to '/nas02/homes/imamura23-1000067/outputs/pretrain/runs/2023-11-11/20-37-53/checkpoints/epoch_110.ckpt' as top 111
Epoch 111, global step 113568: 'val/knn_avr' reached 0.25957 (best 0.34412), saving model to '/nas02/homes/imamura23-1000067/outputs/pretrain/runs/2023-11-11/20-37-53/checkpoints/epoch_111.ckpt' as top 112
Epoch 112, global step 114582: 'val/knn_avr' reached 0.26242 (best 0.34412), saving model to '/nas02/homes/imamura23-1000067/outputs/pretrain/runs/2023-11-11/20-37-53/checkpoints/epoch_112.ckpt' as top 113
Epoch 113, global step 115596: 'val/knn_avr' reached 0.28899 (best 0.34412), saving model to '/nas02/homes/imamura23-1000067/outputs/pretrain/runs/2023-11-11/20-37-53/checkpoints/epoch_113.ckpt' as top 114
Epoch 114, global step 116610: 'val/knn_avr' reached 0.22562 (best 0.34412), saving model to '/nas02/homes/imamura23-1000067/outputs/pretrain/runs/2023-11-11/20-37-53/checkpoints/epoch_114.ckpt' as top 115
Epoch 115, global step 117624: 'val/knn_avr' reached 0.30754 (best 0.34412), saving model to '/nas02/homes/imamura23-1000067/outputs/pretrain/runs/2023-11-11/20-37-53/checkpoints/epoch_115.ckpt' as top 116
Epoch 116, global step 118638: 'val/knn_avr' reached 0.25403 (best 0.34412), saving model to '/nas02/homes/imamura23-1000067/outputs/pretrain/runs/2023-11-11/20-37-53/checkpoints/epoch_116.ckpt' as top 117
Epoch 117, global step 119652: 'val/knn_avr' reached 0.25889 (best 0.34412), saving model to '/nas02/homes/imamura23-1000067/outputs/pretrain/runs/2023-11-11/20-37-53/checkpoints/epoch_117.ckpt' as top 118
Epoch 118, global step 120666: 'val/knn_avr' reached 0.27881 (best 0.34412), saving model to '/nas02/homes/imamura23-1000067/outputs/pretrain/runs/2023-11-11/20-37-53/checkpoints/epoch_118.ckpt' as top 119
Epoch 119, global step 121680: 'val/knn_avr' reached 0.27978 (best 0.34412), saving model to '/nas02/homes/imamura23-1000067/outputs/pretrain/runs/2023-11-11/20-37-53/checkpoints/epoch_119.ckpt' as top 120
Epoch 120, global step 122694: 'val/knn_avr' reached 0.24687 (best 0.34412), saving model to '/nas02/homes/imamura23-1000067/outputs/pretrain/runs/2023-11-11/20-37-53/checkpoints/epoch_120.ckpt' as top 121
Epoch 121, global step 123708: 'val/knn_avr' reached 0.29552 (best 0.34412), saving model to '/nas02/homes/imamura23-1000067/outputs/pretrain/runs/2023-11-11/20-37-53/checkpoints/epoch_121.ckpt' as top 122
Epoch 122, global step 124722: 'val/knn_avr' reached 0.25040 (best 0.34412), saving model to '/nas02/homes/imamura23-1000067/outputs/pretrain/runs/2023-11-11/20-37-53/checkpoints/epoch_122.ckpt' as top 123
Epoch 123, global step 125736: 'val/knn_avr' reached 0.28403 (best 0.34412), saving model to '/nas02/homes/imamura23-1000067/outputs/pretrain/runs/2023-11-11/20-37-53/checkpoints/epoch_123.ckpt' as top 124
Epoch 124, global step 126750: 'val/knn_avr' reached 0.29448 (best 0.34412), saving model to '/nas02/homes/imamura23-1000067/outputs/pretrain/runs/2023-11-11/20-37-53/checkpoints/epoch_124.ckpt' as top 125
Epoch 125, global step 127764: 'val/knn_avr' reached 0.27501 (best 0.34412), saving model to '/nas02/homes/imamura23-1000067/outputs/pretrain/runs/2023-11-11/20-37-53/checkpoints/epoch_125.ckpt' as top 126
Epoch 126, global step 128778: 'val/knn_avr' reached 0.27490 (best 0.34412), saving model to '/nas02/homes/imamura23-1000067/outputs/pretrain/runs/2023-11-11/20-37-53/checkpoints/epoch_126.ckpt' as top 127
Epoch 127, global step 129792: 'val/knn_avr' reached 0.29491 (best 0.34412), saving model to '/nas02/homes/imamura23-1000067/outputs/pretrain/runs/2023-11-11/20-37-53/checkpoints/epoch_127.ckpt' as top 128
Epoch 128, global step 130806: 'val/knn_avr' reached 0.24589 (best 0.34412), saving model to '/nas02/homes/imamura23-1000067/outputs/pretrain/runs/2023-11-11/20-37-53/checkpoints/epoch_128.ckpt' as top 129
Epoch 129, global step 131820: 'val/knn_avr' reached 0.27916 (best 0.34412), saving model to '/nas02/homes/imamura23-1000067/outputs/pretrain/runs/2023-11-11/20-37-53/checkpoints/epoch_129.ckpt' as top 130
Epoch 130, global step 132834: 'val/knn_avr' reached 0.25358 (best 0.34412), saving model to '/nas02/homes/imamura23-1000067/outputs/pretrain/runs/2023-11-11/20-37-53/checkpoints/epoch_130.ckpt' as top 131
Epoch 131, global step 133848: 'val/knn_avr' reached 0.26242 (best 0.34412), saving model to '/nas02/homes/imamura23-1000067/outputs/pretrain/runs/2023-11-11/20-37-53/checkpoints/epoch_131.ckpt' as top 132
Epoch 132, global step 134862: 'val/knn_avr' reached 0.26756 (best 0.34412), saving model to '/nas02/homes/imamura23-1000067/outputs/pretrain/runs/2023-11-11/20-37-53/checkpoints/epoch_132.ckpt' as top 133
Epoch 133, global step 135876: 'val/knn_avr' reached 0.28119 (best 0.34412), saving model to '/nas02/homes/imamura23-1000067/outputs/pretrain/runs/2023-11-11/20-37-53/checkpoints/epoch_133.ckpt' as top 134
Epoch 134, global step 136890: 'val/knn_avr' reached 0.25393 (best 0.34412), saving model to '/nas02/homes/imamura23-1000067/outputs/pretrain/runs/2023-11-11/20-37-53/checkpoints/epoch_134.ckpt' as top 135
Epoch 135, global step 137904: 'val/knn_avr' reached 0.23964 (best 0.34412), saving model to '/nas02/homes/imamura23-1000067/outputs/pretrain/runs/2023-11-11/20-37-53/checkpoints/epoch_135.ckpt' as top 136
Epoch 136, global step 138918: 'val/knn_avr' reached 0.26026 (best 0.34412), saving model to '/nas02/homes/imamura23-1000067/outputs/pretrain/runs/2023-11-11/20-37-53/checkpoints/epoch_136.ckpt' as top 137
Epoch 137, global step 139932: 'val/knn_avr' reached 0.27448 (best 0.34412), saving model to '/nas02/homes/imamura23-1000067/outputs/pretrain/runs/2023-11-11/20-37-53/checkpoints/epoch_137.ckpt' as top 138
Epoch 138, global step 140946: 'val/knn_avr' reached 0.26134 (best 0.34412), saving model to '/nas02/homes/imamura23-1000067/outputs/pretrain/runs/2023-11-11/20-37-53/checkpoints/epoch_138.ckpt' as top 139
Epoch 139, global step 141960: 'val/knn_avr' reached 0.24621 (best 0.34412), saving model to '/nas02/homes/imamura23-1000067/outputs/pretrain/runs/2023-11-11/20-37-53/checkpoints/epoch_139.ckpt' as top 140
Epoch 140, global step 142974: 'val/knn_avr' reached 0.26220 (best 0.34412), saving model to '/nas02/homes/imamura23-1000067/outputs/pretrain/runs/2023-11-11/20-37-53/checkpoints/epoch_140.ckpt' as top 141
Epoch 141, global step 143988: 'val/knn_avr' reached 0.27191 (best 0.34412), saving model to '/nas02/homes/imamura23-1000067/outputs/pretrain/runs/2023-11-11/20-37-53/checkpoints/epoch_141.ckpt' as top 142
Epoch 142, global step 145002: 'val/knn_avr' reached 0.25518 (best 0.34412), saving model to '/nas02/homes/imamura23-1000067/outputs/pretrain/runs/2023-11-11/20-37-53/checkpoints/epoch_142.ckpt' as top 143
Epoch 143, global step 146016: 'val/knn_avr' reached 0.27175 (best 0.34412), saving model to '/nas02/homes/imamura23-1000067/outputs/pretrain/runs/2023-11-11/20-37-53/checkpoints/epoch_143.ckpt' as top 144
Epoch 144, global step 147030: 'val/knn_avr' reached 0.23114 (best 0.34412), saving model to '/nas02/homes/imamura23-1000067/outputs/pretrain/runs/2023-11-11/20-37-53/checkpoints/epoch_144.ckpt' as top 145
Epoch 145, global step 148044: 'val/knn_avr' reached 0.23946 (best 0.34412), saving model to '/nas02/homes/imamura23-1000067/outputs/pretrain/runs/2023-11-11/20-37-53/checkpoints/epoch_145.ckpt' as top 146
Monitored metric val/knn_avr did not improve in the last 100 records. Best score: 0.344. Signaling Trainer to stop.
Epoch 146, global step 149058: 'val/knn_avr' reached 0.28245 (best 0.34412), saving model to '/nas02/homes/imamura23-1000067/outputs/pretrain/runs/2023-11-11/20-37-53/checkpoints/epoch_146.ckpt' as top 147
Restoring states from the checkpoint path at /nas02/homes/imamura23-1000067/outputs/pretrain/runs/2023-11-11/20-37-53/checkpoints/epoch_046.ckpt
LOCAL_RANK: 0 - CUDA_VISIBLE_DEVICES: [0]
Loaded model weights from the checkpoint at /nas02/homes/imamura23-1000067/outputs/pretrain/runs/2023-11-11/20-37-53/checkpoints/epoch_046.ckpt
