/home/imamura23/nas01home/codes/env/lib/python3.10/site-packages/pytorch_lightning/utilities/parsing.py:198: Attribute 'net' is an instance of `nn.Module` and is already saved during checkpointing. It is recommended to ignore them using `self.save_hyperparameters(ignore=['net'])`.
/home/imamura23/nas01home/codes/env/lib/python3.10/site-packages/lightning_fabric/plugins/environments/slurm.py:191: The `srun` command is available on your system but is not used. HINT: If your intention is to run Lightning on SLURM, prepend your python command with `srun` like so: srun python3 ./train.py ...
GPU available: True (cuda), used: True
TPU available: False, using: 0 TPU cores
IPU available: False, using: 0 IPUs
HPU available: False, using: 0 HPUs
LOCAL_RANK: 0 - CUDA_VISIBLE_DEVICES: [0]

  | Name            | Type                          | Params
------------------------------------------------------------------
0 | net             | UNetForTriplet_2d_de5_to1d640 | 43.5 M
1 | loss_triplet    | MarginRankingLoss             | 0     
2 | loss_mse        | MSELoss                       | 0     
3 | train_loss_mix  | MeanMetric                    | 0     
4 | train_loss_inst | MeanMetric                    | 0     
------------------------------------------------------------------
43.5 M    Trainable params
0         Non-trainable params
43.5 M    Total params
174.087   Total estimated model params size (MB)
Metric val/knn_avr improved. New best score: 0.280
Epoch 0, global step 2027: 'val/knn_avr' reached 0.27996 (best 0.27996), saving model to '/nas02/homes/imamura23-1000067/outputs/pretrain/runs/2023-10-31/06-33-55/checkpoints/epoch_000.ckpt' as top 1
Epoch 1, global step 4054: 'val/knn_avr' was not in top 1
Metric val/knn_avr improved by 0.047 >= min_delta = 0.0. New best score: 0.327
Epoch 2, global step 6081: 'val/knn_avr' reached 0.32740 (best 0.32740), saving model to '/nas02/homes/imamura23-1000067/outputs/pretrain/runs/2023-10-31/06-33-55/checkpoints/epoch_002.ckpt' as top 1
Metric val/knn_avr improved by 0.030 >= min_delta = 0.0. New best score: 0.357
Epoch 3, global step 8108: 'val/knn_avr' reached 0.35709 (best 0.35709), saving model to '/nas02/homes/imamura23-1000067/outputs/pretrain/runs/2023-10-31/06-33-55/checkpoints/epoch_003.ckpt' as top 1
Epoch 4, global step 10135: 'val/knn_avr' was not in top 1
Epoch 5, global step 12162: 'val/knn_avr' was not in top 1
Monitored metric val/knn_avr did not improve in the last 3 records. Best score: 0.357. Signaling Trainer to stop.
Epoch 6, global step 14189: 'val/knn_avr' was not in top 1
Restoring states from the checkpoint path at /nas02/homes/imamura23-1000067/outputs/pretrain/runs/2023-10-31/06-33-55/checkpoints/epoch_003.ckpt
LOCAL_RANK: 0 - CUDA_VISIBLE_DEVICES: [0]
Loaded model weights from the checkpoint at /nas02/homes/imamura23-1000067/outputs/pretrain/runs/2023-10-31/06-33-55/checkpoints/epoch_003.ckpt
