/home/imamura23/nas01home/codes/env/lib/python3.10/site-packages/pytorch_lightning/utilities/parsing.py:198: Attribute 'net' is an instance of `nn.Module` and is already saved during checkpointing. It is recommended to ignore them using `self.save_hyperparameters(ignore=['net'])`.
/home/imamura23/nas01home/codes/env/lib/python3.10/site-packages/lightning_fabric/connector.py:565: `precision=16` is supported for historical reasons but its usage is discouraged. Please set your precision to 16-mixed instead!
/home/imamura23/nas01home/codes/env/lib/python3.10/site-packages/lightning_fabric/plugins/environments/slurm.py:191: The `srun` command is available on your system but is not used. HINT: If your intention is to run Lightning on SLURM, prepend your python command with `srun` like so: srun python3 ./train.py ...
Using 16bit Automatic Mixed Precision (AMP)
GPU available: True (cuda), used: True
TPU available: False, using: 0 TPU cores
IPU available: False, using: 0 IPUs
HPU available: False, using: 0 HPUs
LOCAL_RANK: 0 - CUDA_VISIBLE_DEVICES: [0]

  | Name            | Type                          | Params
------------------------------------------------------------------
0 | net             | UNetForTriplet_2d_de5_to1d640 | 38.6 M
1 | loss_triplet    | MarginRankingLoss             | 0     
2 | loss_mse        | MSELoss                       | 0     
3 | train_loss_mix  | MeanMetric                    | 0     
4 | train_loss_inst | MeanMetric                    | 0     
------------------------------------------------------------------
38.6 M    Trainable params
0         Non-trainable params
38.6 M    Total params
154.432   Total estimated model params size (MB)
Metric val/knn_avr improved. New best score: 0.145
Epoch 0, global step 1014: 'val/knn_avr' reached 0.14544 (best 0.14544), saving model to '/nas02/homes/imamura23-1000067/outputs/pretrain/runs/2023-11-07/00-58-42/checkpoints/epoch_000.ckpt' as top 1
Metric val/knn_avr improved by 0.043 >= min_delta = 0.0. New best score: 0.188
Epoch 1, global step 2028: 'val/knn_avr' reached 0.18850 (best 0.18850), saving model to '/nas02/homes/imamura23-1000067/outputs/pretrain/runs/2023-11-07/00-58-42/checkpoints/epoch_001.ckpt' as top 1
Epoch 2, global step 3042: 'val/knn_avr' was not in top 1
Epoch 3, global step 4056: 'val/knn_avr' was not in top 1
Metric val/knn_avr improved by 0.006 >= min_delta = 0.0. New best score: 0.195
Epoch 4, global step 5070: 'val/knn_avr' reached 0.19494 (best 0.19494), saving model to '/nas02/homes/imamura23-1000067/outputs/pretrain/runs/2023-11-07/00-58-42/checkpoints/epoch_004.ckpt' as top 1
Metric val/knn_avr improved by 0.039 >= min_delta = 0.0. New best score: 0.234
Epoch 5, global step 6084: 'val/knn_avr' reached 0.23438 (best 0.23438), saving model to '/nas02/homes/imamura23-1000067/outputs/pretrain/runs/2023-11-07/00-58-42/checkpoints/epoch_005.ckpt' as top 1
Metric val/knn_avr improved by 0.010 >= min_delta = 0.0. New best score: 0.244
Epoch 6, global step 7098: 'val/knn_avr' reached 0.24400 (best 0.24400), saving model to '/nas02/homes/imamura23-1000067/outputs/pretrain/runs/2023-11-07/00-58-42/checkpoints/epoch_006.ckpt' as top 1
Metric val/knn_avr improved by 0.013 >= min_delta = 0.0. New best score: 0.257
Epoch 7, global step 8112: 'val/knn_avr' reached 0.25737 (best 0.25737), saving model to '/nas02/homes/imamura23-1000067/outputs/pretrain/runs/2023-11-07/00-58-42/checkpoints/epoch_007.ckpt' as top 1
Metric val/knn_avr improved by 0.047 >= min_delta = 0.0. New best score: 0.304
Epoch 8, global step 9126: 'val/knn_avr' reached 0.30426 (best 0.30426), saving model to '/nas02/homes/imamura23-1000067/outputs/pretrain/runs/2023-11-07/00-58-42/checkpoints/epoch_008.ckpt' as top 1
Metric val/knn_avr improved by 0.034 >= min_delta = 0.0. New best score: 0.338
Epoch 9, global step 10140: 'val/knn_avr' reached 0.33841 (best 0.33841), saving model to '/nas02/homes/imamura23-1000067/outputs/pretrain/runs/2023-11-07/00-58-42/checkpoints/epoch_009.ckpt' as top 1
Metric val/knn_avr improved by 0.063 >= min_delta = 0.0. New best score: 0.401
Epoch 10, global step 11154: 'val/knn_avr' reached 0.40146 (best 0.40146), saving model to '/nas02/homes/imamura23-1000067/outputs/pretrain/runs/2023-11-07/00-58-42/checkpoints/epoch_010.ckpt' as top 1
Epoch 11, global step 12168: 'val/knn_avr' was not in top 1
Epoch 12, global step 13182: 'val/knn_avr' was not in top 1
Epoch 13, global step 14196: 'val/knn_avr' was not in top 1
Metric val/knn_avr improved by 0.008 >= min_delta = 0.0. New best score: 0.410
Epoch 14, global step 15210: 'val/knn_avr' reached 0.40961 (best 0.40961), saving model to '/nas02/homes/imamura23-1000067/outputs/pretrain/runs/2023-11-07/00-58-42/checkpoints/epoch_014.ckpt' as top 1
Metric val/knn_avr improved by 0.055 >= min_delta = 0.0. New best score: 0.465
Epoch 15, global step 16224: 'val/knn_avr' reached 0.46476 (best 0.46476), saving model to '/nas02/homes/imamura23-1000067/outputs/pretrain/runs/2023-11-07/00-58-42/checkpoints/epoch_015.ckpt' as top 1
Metric val/knn_avr improved by 0.003 >= min_delta = 0.0. New best score: 0.468
Epoch 16, global step 17238: 'val/knn_avr' reached 0.46781 (best 0.46781), saving model to '/nas02/homes/imamura23-1000067/outputs/pretrain/runs/2023-11-07/00-58-42/checkpoints/epoch_016.ckpt' as top 1
Epoch 17, global step 18252: 'val/knn_avr' was not in top 1
Epoch 18, global step 19266: 'val/knn_avr' was not in top 1
Epoch 19, global step 20280: 'val/knn_avr' was not in top 1
Epoch 20, global step 21294: 'val/knn_avr' was not in top 1
Epoch 21, global step 22308: 'val/knn_avr' was not in top 1
Epoch 22, global step 23322: 'val/knn_avr' was not in top 1
Epoch 23, global step 24336: 'val/knn_avr' was not in top 1
Epoch 24, global step 25350: 'val/knn_avr' was not in top 1
Epoch 25, global step 26364: 'val/knn_avr' was not in top 1
Epoch 26, global step 27378: 'val/knn_avr' was not in top 1
Epoch 27, global step 28392: 'val/knn_avr' was not in top 1
Epoch 28, global step 29406: 'val/knn_avr' was not in top 1
Epoch 29, global step 30420: 'val/knn_avr' was not in top 1
Epoch 30, global step 31434: 'val/knn_avr' was not in top 1
Epoch 31, global step 32448: 'val/knn_avr' was not in top 1
Epoch 32, global step 33462: 'val/knn_avr' was not in top 1
Epoch 33, global step 34476: 'val/knn_avr' was not in top 1
Epoch 34, global step 35490: 'val/knn_avr' was not in top 1
Epoch 35, global step 36504: 'val/knn_avr' was not in top 1
Epoch 36, global step 37518: 'val/knn_avr' was not in top 1
Epoch 37, global step 38532: 'val/knn_avr' was not in top 1
Epoch 38, global step 39546: 'val/knn_avr' was not in top 1
Epoch 39, global step 40560: 'val/knn_avr' was not in top 1
Epoch 40, global step 41574: 'val/knn_avr' was not in top 1
Epoch 41, global step 42588: 'val/knn_avr' was not in top 1
Epoch 42, global step 43602: 'val/knn_avr' was not in top 1
Epoch 43, global step 44616: 'val/knn_avr' was not in top 1
Epoch 44, global step 45630: 'val/knn_avr' was not in top 1
Epoch 45, global step 46644: 'val/knn_avr' was not in top 1
Epoch 46, global step 47658: 'val/knn_avr' was not in top 1
Epoch 47, global step 48672: 'val/knn_avr' was not in top 1
Epoch 48, global step 49686: 'val/knn_avr' was not in top 1
Epoch 49, global step 50700: 'val/knn_avr' was not in top 1
Epoch 50, global step 51714: 'val/knn_avr' was not in top 1
Epoch 51, global step 52728: 'val/knn_avr' was not in top 1
Epoch 52, global step 53742: 'val/knn_avr' was not in top 1
Epoch 53, global step 54756: 'val/knn_avr' was not in top 1
Epoch 54, global step 55770: 'val/knn_avr' was not in top 1
Epoch 55, global step 56784: 'val/knn_avr' was not in top 1
Epoch 56, global step 57798: 'val/knn_avr' was not in top 1
Epoch 57, global step 58812: 'val/knn_avr' was not in top 1
Epoch 58, global step 59826: 'val/knn_avr' was not in top 1
Epoch 59, global step 60840: 'val/knn_avr' was not in top 1
Epoch 60, global step 61854: 'val/knn_avr' was not in top 1
Epoch 61, global step 62868: 'val/knn_avr' was not in top 1
Epoch 62, global step 63882: 'val/knn_avr' was not in top 1
Epoch 63, global step 64896: 'val/knn_avr' was not in top 1
Epoch 64, global step 65910: 'val/knn_avr' was not in top 1
Epoch 65, global step 66924: 'val/knn_avr' was not in top 1
Monitored metric val/knn_avr did not improve in the last 50 records. Best score: 0.468. Signaling Trainer to stop.
Epoch 66, global step 67938: 'val/knn_avr' was not in top 1
Restoring states from the checkpoint path at /nas02/homes/imamura23-1000067/outputs/pretrain/runs/2023-11-07/00-58-42/checkpoints/epoch_016.ckpt
LOCAL_RANK: 0 - CUDA_VISIBLE_DEVICES: [0]
Loaded model weights from the checkpoint at /nas02/homes/imamura23-1000067/outputs/pretrain/runs/2023-11-07/00-58-42/checkpoints/epoch_016.ckpt
