/home/imamura23/nas01home/codes/env/lib/python3.10/site-packages/pytorch_lightning/utilities/parsing.py:198: Attribute 'net' is an instance of `nn.Module` and is already saved during checkpointing. It is recommended to ignore them using `self.save_hyperparameters(ignore=['net'])`.
/home/imamura23/nas01home/codes/env/lib/python3.10/site-packages/lightning_fabric/connector.py:565: `precision=16` is supported for historical reasons but its usage is discouraged. Please set your precision to 16-mixed instead!
/home/imamura23/nas01home/codes/env/lib/python3.10/site-packages/lightning_fabric/plugins/environments/slurm.py:191: The `srun` command is available on your system but is not used. HINT: If your intention is to run Lightning on SLURM, prepend your python command with `srun` like so: srun python3 ./train.py experiment=pretrain task_name=pretrain ...
Using 16bit Automatic Mixed Precision (AMP)
GPU available: True (cuda), used: True
TPU available: False, using: 0 TPU cores
IPU available: False, using: 0 IPUs
HPU available: False, using: 0 HPUs
You are using a CUDA device ('NVIDIA GeForce RTX 3090') that has Tensor Cores. To properly utilize them, you should set `torch.set_float32_matmul_precision('medium' | 'high')` which will trade-off precision for performance. For more details, read https://pytorch.org/docs/stable/generated/torch.set_float32_matmul_precision.html#torch.set_float32_matmul_precision
LOCAL_RANK: 0 - CUDA_VISIBLE_DEVICES: [0]

  | Name            | Type                          | Params
------------------------------------------------------------------
0 | net             | UNetForTriplet_2d_de5_to1d640 | 37.4 M
1 | loss_triplet    | MarginRankingLoss             | 0     
2 | loss_mse        | MSELoss                       | 0     
3 | train_loss_mix  | MeanMetric                    | 0     
4 | train_loss_inst | MeanMetric                    | 0     
------------------------------------------------------------------
37.4 M    Trainable params
0         Non-trainable params
37.4 M    Total params
149.516   Total estimated model params size (MB)
Metric val/knn_avr improved. New best score: 0.142
Epoch 0, global step 507: 'val/knn_avr' reached 0.14195 (best 0.14195), saving model to '/nas02/homes/imamura23-1000067/outputs/pretrain/runs/2023-11-15/09-21-27/checkpoints/epoch_000.ckpt' as top 1
Metric val/knn_avr improved by 0.027 >= min_delta = 0.0. New best score: 0.169
Epoch 1, global step 1014: 'val/knn_avr' reached 0.16898 (best 0.16898), saving model to '/nas02/homes/imamura23-1000067/outputs/pretrain/runs/2023-11-15/09-21-27/checkpoints/epoch_001.ckpt' as top 2
Metric val/knn_avr improved by 0.044 >= min_delta = 0.0. New best score: 0.213
Epoch 2, global step 1521: 'val/knn_avr' reached 0.21331 (best 0.21331), saving model to '/nas02/homes/imamura23-1000067/outputs/pretrain/runs/2023-11-15/09-21-27/checkpoints/epoch_002.ckpt' as top 3
Metric val/knn_avr improved by 0.098 >= min_delta = 0.0. New best score: 0.311
Epoch 3, global step 2028: 'val/knn_avr' reached 0.31127 (best 0.31127), saving model to '/nas02/homes/imamura23-1000067/outputs/pretrain/runs/2023-11-15/09-21-27/checkpoints/epoch_003.ckpt' as top 4
Metric val/knn_avr improved by 0.013 >= min_delta = 0.0. New best score: 0.324
Epoch 4, global step 2535: 'val/knn_avr' reached 0.32398 (best 0.32398), saving model to '/nas02/homes/imamura23-1000067/outputs/pretrain/runs/2023-11-15/09-21-27/checkpoints/epoch_004.ckpt' as top 5
Metric val/knn_avr improved by 0.056 >= min_delta = 0.0. New best score: 0.380
Epoch 5, global step 3042: 'val/knn_avr' reached 0.37972 (best 0.37972), saving model to '/nas02/homes/imamura23-1000067/outputs/pretrain/runs/2023-11-15/09-21-27/checkpoints/epoch_005.ckpt' as top 6
Metric val/knn_avr improved by 0.031 >= min_delta = 0.0. New best score: 0.411
Epoch 6, global step 3549: 'val/knn_avr' reached 0.41104 (best 0.41104), saving model to '/nas02/homes/imamura23-1000067/outputs/pretrain/runs/2023-11-15/09-21-27/checkpoints/epoch_006.ckpt' as top 7
Metric val/knn_avr improved by 0.014 >= min_delta = 0.0. New best score: 0.426
Epoch 7, global step 4056: 'val/knn_avr' reached 0.42552 (best 0.42552), saving model to '/nas02/homes/imamura23-1000067/outputs/pretrain/runs/2023-11-15/09-21-27/checkpoints/epoch_007.ckpt' as top 8
Metric val/knn_avr improved by 0.000 >= min_delta = 0.0. New best score: 0.426
Epoch 8, global step 4563: 'val/knn_avr' reached 0.42587 (best 0.42587), saving model to '/nas02/homes/imamura23-1000067/outputs/pretrain/runs/2023-11-15/09-21-27/checkpoints/epoch_008.ckpt' as top 9
Metric val/knn_avr improved by 0.004 >= min_delta = 0.0. New best score: 0.430
Epoch 9, global step 5070: 'val/knn_avr' reached 0.43015 (best 0.43015), saving model to '/nas02/homes/imamura23-1000067/outputs/pretrain/runs/2023-11-15/09-21-27/checkpoints/epoch_009.ckpt' as top 10
Epoch 10, global step 5577: 'val/knn_avr' reached 0.41266 (best 0.43015), saving model to '/nas02/homes/imamura23-1000067/outputs/pretrain/runs/2023-11-15/09-21-27/checkpoints/epoch_010.ckpt' as top 11
Epoch 11, global step 6084: 'val/knn_avr' reached 0.41346 (best 0.43015), saving model to '/nas02/homes/imamura23-1000067/outputs/pretrain/runs/2023-11-15/09-21-27/checkpoints/epoch_011.ckpt' as top 12
Epoch 12, global step 6591: 'val/knn_avr' reached 0.42302 (best 0.43015), saving model to '/nas02/homes/imamura23-1000067/outputs/pretrain/runs/2023-11-15/09-21-27/checkpoints/epoch_012.ckpt' as top 13
Epoch 13, global step 7098: 'val/knn_avr' reached 0.42423 (best 0.43015), saving model to '/nas02/homes/imamura23-1000067/outputs/pretrain/runs/2023-11-15/09-21-27/checkpoints/epoch_013.ckpt' as top 14
Metric val/knn_avr improved by 0.001 >= min_delta = 0.0. New best score: 0.431
Epoch 14, global step 7605: 'val/knn_avr' reached 0.43074 (best 0.43074), saving model to '/nas02/homes/imamura23-1000067/outputs/pretrain/runs/2023-11-15/09-21-27/checkpoints/epoch_014.ckpt' as top 15
Epoch 15, global step 8112: 'val/knn_avr' reached 0.42223 (best 0.43074), saving model to '/nas02/homes/imamura23-1000067/outputs/pretrain/runs/2023-11-15/09-21-27/checkpoints/epoch_015.ckpt' as top 16
Epoch 16, global step 8619: 'val/knn_avr' reached 0.41595 (best 0.43074), saving model to '/nas02/homes/imamura23-1000067/outputs/pretrain/runs/2023-11-15/09-21-27/checkpoints/epoch_016.ckpt' as top 17
Metric val/knn_avr improved by 0.022 >= min_delta = 0.0. New best score: 0.453
Epoch 17, global step 9126: 'val/knn_avr' reached 0.45275 (best 0.45275), saving model to '/nas02/homes/imamura23-1000067/outputs/pretrain/runs/2023-11-15/09-21-27/checkpoints/epoch_017.ckpt' as top 18
Metric val/knn_avr improved by 0.003 >= min_delta = 0.0. New best score: 0.455
Epoch 18, global step 9633: 'val/knn_avr' reached 0.45539 (best 0.45539), saving model to '/nas02/homes/imamura23-1000067/outputs/pretrain/runs/2023-11-15/09-21-27/checkpoints/epoch_018.ckpt' as top 19
Epoch 19, global step 10140: 'val/knn_avr' reached 0.44837 (best 0.45539), saving model to '/nas02/homes/imamura23-1000067/outputs/pretrain/runs/2023-11-15/09-21-27/checkpoints/epoch_019.ckpt' as top 20
Epoch 20, global step 10647: 'val/knn_avr' reached 0.45322 (best 0.45539), saving model to '/nas02/homes/imamura23-1000067/outputs/pretrain/runs/2023-11-15/09-21-27/checkpoints/epoch_020.ckpt' as top 21
Metric val/knn_avr improved by 0.005 >= min_delta = 0.0. New best score: 0.460
Epoch 21, global step 11154: 'val/knn_avr' reached 0.45991 (best 0.45991), saving model to '/nas02/homes/imamura23-1000067/outputs/pretrain/runs/2023-11-15/09-21-27/checkpoints/epoch_021.ckpt' as top 22
Metric val/knn_avr improved by 0.004 >= min_delta = 0.0. New best score: 0.464
Epoch 22, global step 11661: 'val/knn_avr' reached 0.46397 (best 0.46397), saving model to '/nas02/homes/imamura23-1000067/outputs/pretrain/runs/2023-11-15/09-21-27/checkpoints/epoch_022.ckpt' as top 23
Epoch 23, global step 12168: 'val/knn_avr' reached 0.43558 (best 0.46397), saving model to '/nas02/homes/imamura23-1000067/outputs/pretrain/runs/2023-11-15/09-21-27/checkpoints/epoch_023.ckpt' as top 24
Epoch 24, global step 12675: 'val/knn_avr' reached 0.45271 (best 0.46397), saving model to '/nas02/homes/imamura23-1000067/outputs/pretrain/runs/2023-11-15/09-21-27/checkpoints/epoch_024.ckpt' as top 25
Metric val/knn_avr improved by 0.006 >= min_delta = 0.0. New best score: 0.470
Epoch 25, global step 13182: 'val/knn_avr' reached 0.46957 (best 0.46957), saving model to '/nas02/homes/imamura23-1000067/outputs/pretrain/runs/2023-11-15/09-21-27/checkpoints/epoch_025.ckpt' as top 26
Epoch 26, global step 13689: 'val/knn_avr' reached 0.46900 (best 0.46957), saving model to '/nas02/homes/imamura23-1000067/outputs/pretrain/runs/2023-11-15/09-21-27/checkpoints/epoch_026.ckpt' as top 27
Metric val/knn_avr improved by 0.002 >= min_delta = 0.0. New best score: 0.472
Epoch 27, global step 14196: 'val/knn_avr' reached 0.47199 (best 0.47199), saving model to '/nas02/homes/imamura23-1000067/outputs/pretrain/runs/2023-11-15/09-21-27/checkpoints/epoch_027.ckpt' as top 28
Epoch 28, global step 14703: 'val/knn_avr' reached 0.45886 (best 0.47199), saving model to '/nas02/homes/imamura23-1000067/outputs/pretrain/runs/2023-11-15/09-21-27/checkpoints/epoch_028.ckpt' as top 29
Epoch 29, global step 15210: 'val/knn_avr' reached 0.45560 (best 0.47199), saving model to '/nas02/homes/imamura23-1000067/outputs/pretrain/runs/2023-11-15/09-21-27/checkpoints/epoch_029.ckpt' as top 30
Metric val/knn_avr improved by 0.001 >= min_delta = 0.0. New best score: 0.473
Epoch 30, global step 15717: 'val/knn_avr' reached 0.47252 (best 0.47252), saving model to '/nas02/homes/imamura23-1000067/outputs/pretrain/runs/2023-11-15/09-21-27/checkpoints/epoch_030.ckpt' as top 31
Epoch 31, global step 16224: 'val/knn_avr' reached 0.46613 (best 0.47252), saving model to '/nas02/homes/imamura23-1000067/outputs/pretrain/runs/2023-11-15/09-21-27/checkpoints/epoch_031.ckpt' as top 32
Epoch 32, global step 16731: 'val/knn_avr' reached 0.45698 (best 0.47252), saving model to '/nas02/homes/imamura23-1000067/outputs/pretrain/runs/2023-11-15/09-21-27/checkpoints/epoch_032.ckpt' as top 33
Epoch 33, global step 17238: 'val/knn_avr' reached 0.46374 (best 0.47252), saving model to '/nas02/homes/imamura23-1000067/outputs/pretrain/runs/2023-11-15/09-21-27/checkpoints/epoch_033.ckpt' as top 34
Epoch 34, global step 17745: 'val/knn_avr' reached 0.47237 (best 0.47252), saving model to '/nas02/homes/imamura23-1000067/outputs/pretrain/runs/2023-11-15/09-21-27/checkpoints/epoch_034.ckpt' as top 35
Epoch 35, global step 18252: 'val/knn_avr' reached 0.44312 (best 0.47252), saving model to '/nas02/homes/imamura23-1000067/outputs/pretrain/runs/2023-11-15/09-21-27/checkpoints/epoch_035.ckpt' as top 36
Epoch 36, global step 18759: 'val/knn_avr' reached 0.46197 (best 0.47252), saving model to '/nas02/homes/imamura23-1000067/outputs/pretrain/runs/2023-11-15/09-21-27/checkpoints/epoch_036.ckpt' as top 37
Epoch 37, global step 19266: 'val/knn_avr' reached 0.47188 (best 0.47252), saving model to '/nas02/homes/imamura23-1000067/outputs/pretrain/runs/2023-11-15/09-21-27/checkpoints/epoch_037.ckpt' as top 38
Metric val/knn_avr improved by 0.010 >= min_delta = 0.0. New best score: 0.483
Epoch 38, global step 19773: 'val/knn_avr' reached 0.48274 (best 0.48274), saving model to '/nas02/homes/imamura23-1000067/outputs/pretrain/runs/2023-11-15/09-21-27/checkpoints/epoch_038.ckpt' as top 39
Epoch 39, global step 20280: 'val/knn_avr' reached 0.46542 (best 0.48274), saving model to '/nas02/homes/imamura23-1000067/outputs/pretrain/runs/2023-11-15/09-21-27/checkpoints/epoch_039.ckpt' as top 40
Epoch 40, global step 20787: 'val/knn_avr' reached 0.46873 (best 0.48274), saving model to '/nas02/homes/imamura23-1000067/outputs/pretrain/runs/2023-11-15/09-21-27/checkpoints/epoch_040.ckpt' as top 41
Epoch 41, global step 21294: 'val/knn_avr' reached 0.47029 (best 0.48274), saving model to '/nas02/homes/imamura23-1000067/outputs/pretrain/runs/2023-11-15/09-21-27/checkpoints/epoch_041.ckpt' as top 42
Epoch 42, global step 21801: 'val/knn_avr' reached 0.45831 (best 0.48274), saving model to '/nas02/homes/imamura23-1000067/outputs/pretrain/runs/2023-11-15/09-21-27/checkpoints/epoch_042.ckpt' as top 43
Epoch 43, global step 22308: 'val/knn_avr' reached 0.47134 (best 0.48274), saving model to '/nas02/homes/imamura23-1000067/outputs/pretrain/runs/2023-11-15/09-21-27/checkpoints/epoch_043.ckpt' as top 44
Epoch 44, global step 22815: 'val/knn_avr' reached 0.45769 (best 0.48274), saving model to '/nas02/homes/imamura23-1000067/outputs/pretrain/runs/2023-11-15/09-21-27/checkpoints/epoch_044.ckpt' as top 45
Epoch 45, global step 23322: 'val/knn_avr' reached 0.47550 (best 0.48274), saving model to '/nas02/homes/imamura23-1000067/outputs/pretrain/runs/2023-11-15/09-21-27/checkpoints/epoch_045.ckpt' as top 46
Epoch 46, global step 23829: 'val/knn_avr' reached 0.47074 (best 0.48274), saving model to '/nas02/homes/imamura23-1000067/outputs/pretrain/runs/2023-11-15/09-21-27/checkpoints/epoch_046.ckpt' as top 47
Epoch 47, global step 24336: 'val/knn_avr' reached 0.47328 (best 0.48274), saving model to '/nas02/homes/imamura23-1000067/outputs/pretrain/runs/2023-11-15/09-21-27/checkpoints/epoch_047.ckpt' as top 48
Epoch 48, global step 24843: 'val/knn_avr' reached 0.46758 (best 0.48274), saving model to '/nas02/homes/imamura23-1000067/outputs/pretrain/runs/2023-11-15/09-21-27/checkpoints/epoch_048.ckpt' as top 49
Epoch 49, global step 25350: 'val/knn_avr' reached 0.47537 (best 0.48274), saving model to '/nas02/homes/imamura23-1000067/outputs/pretrain/runs/2023-11-15/09-21-27/checkpoints/epoch_049.ckpt' as top 50
Epoch 50, global step 25857: 'val/knn_avr' reached 0.47724 (best 0.48274), saving model to '/nas02/homes/imamura23-1000067/outputs/pretrain/runs/2023-11-15/09-21-27/checkpoints/epoch_050.ckpt' as top 51
Epoch 51, global step 26364: 'val/knn_avr' reached 0.46647 (best 0.48274), saving model to '/nas02/homes/imamura23-1000067/outputs/pretrain/runs/2023-11-15/09-21-27/checkpoints/epoch_051.ckpt' as top 52
Epoch 52, global step 26871: 'val/knn_avr' reached 0.47914 (best 0.48274), saving model to '/nas02/homes/imamura23-1000067/outputs/pretrain/runs/2023-11-15/09-21-27/checkpoints/epoch_052.ckpt' as top 53
Metric val/knn_avr improved by 0.004 >= min_delta = 0.0. New best score: 0.486
Epoch 53, global step 27378: 'val/knn_avr' reached 0.48646 (best 0.48646), saving model to '/nas02/homes/imamura23-1000067/outputs/pretrain/runs/2023-11-15/09-21-27/checkpoints/epoch_053.ckpt' as top 54
Epoch 54, global step 27885: 'val/knn_avr' reached 0.47799 (best 0.48646), saving model to '/nas02/homes/imamura23-1000067/outputs/pretrain/runs/2023-11-15/09-21-27/checkpoints/epoch_054.ckpt' as top 55
Metric val/knn_avr improved by 0.000 >= min_delta = 0.0. New best score: 0.487
Epoch 55, global step 28392: 'val/knn_avr' reached 0.48686 (best 0.48686), saving model to '/nas02/homes/imamura23-1000067/outputs/pretrain/runs/2023-11-15/09-21-27/checkpoints/epoch_055.ckpt' as top 56
Metric val/knn_avr improved by 0.008 >= min_delta = 0.0. New best score: 0.494
Epoch 56, global step 28899: 'val/knn_avr' reached 0.49445 (best 0.49445), saving model to '/nas02/homes/imamura23-1000067/outputs/pretrain/runs/2023-11-15/09-21-27/checkpoints/epoch_056.ckpt' as top 57
Epoch 57, global step 29406: 'val/knn_avr' reached 0.48010 (best 0.49445), saving model to '/nas02/homes/imamura23-1000067/outputs/pretrain/runs/2023-11-15/09-21-27/checkpoints/epoch_057.ckpt' as top 58
Epoch 58, global step 29913: 'val/knn_avr' reached 0.48320 (best 0.49445), saving model to '/nas02/homes/imamura23-1000067/outputs/pretrain/runs/2023-11-15/09-21-27/checkpoints/epoch_058.ckpt' as top 59
Epoch 59, global step 30420: 'val/knn_avr' reached 0.47544 (best 0.49445), saving model to '/nas02/homes/imamura23-1000067/outputs/pretrain/runs/2023-11-15/09-21-27/checkpoints/epoch_059.ckpt' as top 60
Epoch 60, global step 30927: 'val/knn_avr' reached 0.47524 (best 0.49445), saving model to '/nas02/homes/imamura23-1000067/outputs/pretrain/runs/2023-11-15/09-21-27/checkpoints/epoch_060.ckpt' as top 61
Epoch 61, global step 31434: 'val/knn_avr' reached 0.48527 (best 0.49445), saving model to '/nas02/homes/imamura23-1000067/outputs/pretrain/runs/2023-11-15/09-21-27/checkpoints/epoch_061.ckpt' as top 62
Epoch 62, global step 31941: 'val/knn_avr' reached 0.48312 (best 0.49445), saving model to '/nas02/homes/imamura23-1000067/outputs/pretrain/runs/2023-11-15/09-21-27/checkpoints/epoch_062.ckpt' as top 63
Epoch 63, global step 32448: 'val/knn_avr' reached 0.48568 (best 0.49445), saving model to '/nas02/homes/imamura23-1000067/outputs/pretrain/runs/2023-11-15/09-21-27/checkpoints/epoch_063.ckpt' as top 64
Epoch 64, global step 32955: 'val/knn_avr' reached 0.47284 (best 0.49445), saving model to '/nas02/homes/imamura23-1000067/outputs/pretrain/runs/2023-11-15/09-21-27/checkpoints/epoch_064.ckpt' as top 65
Epoch 65, global step 33462: 'val/knn_avr' reached 0.48728 (best 0.49445), saving model to '/nas02/homes/imamura23-1000067/outputs/pretrain/runs/2023-11-15/09-21-27/checkpoints/epoch_065.ckpt' as top 66
Epoch 66, global step 33969: 'val/knn_avr' reached 0.48343 (best 0.49445), saving model to '/nas02/homes/imamura23-1000067/outputs/pretrain/runs/2023-11-15/09-21-27/checkpoints/epoch_066.ckpt' as top 67
Metric val/knn_avr improved by 0.004 >= min_delta = 0.0. New best score: 0.498
Epoch 67, global step 34476: 'val/knn_avr' reached 0.49804 (best 0.49804), saving model to '/nas02/homes/imamura23-1000067/outputs/pretrain/runs/2023-11-15/09-21-27/checkpoints/epoch_067.ckpt' as top 68
Epoch 68, global step 34983: 'val/knn_avr' reached 0.48978 (best 0.49804), saving model to '/nas02/homes/imamura23-1000067/outputs/pretrain/runs/2023-11-15/09-21-27/checkpoints/epoch_068.ckpt' as top 69
Epoch 69, global step 35490: 'val/knn_avr' reached 0.46868 (best 0.49804), saving model to '/nas02/homes/imamura23-1000067/outputs/pretrain/runs/2023-11-15/09-21-27/checkpoints/epoch_069.ckpt' as top 70
Epoch 70, global step 35997: 'val/knn_avr' reached 0.47159 (best 0.49804), saving model to '/nas02/homes/imamura23-1000067/outputs/pretrain/runs/2023-11-15/09-21-27/checkpoints/epoch_070.ckpt' as top 71
Epoch 71, global step 36504: 'val/knn_avr' reached 0.49409 (best 0.49804), saving model to '/nas02/homes/imamura23-1000067/outputs/pretrain/runs/2023-11-15/09-21-27/checkpoints/epoch_071.ckpt' as top 72
Epoch 72, global step 37011: 'val/knn_avr' reached 0.48622 (best 0.49804), saving model to '/nas02/homes/imamura23-1000067/outputs/pretrain/runs/2023-11-15/09-21-27/checkpoints/epoch_072.ckpt' as top 73
Epoch 73, global step 37518: 'val/knn_avr' reached 0.48603 (best 0.49804), saving model to '/nas02/homes/imamura23-1000067/outputs/pretrain/runs/2023-11-15/09-21-27/checkpoints/epoch_073.ckpt' as top 74
Epoch 74, global step 38025: 'val/knn_avr' reached 0.47275 (best 0.49804), saving model to '/nas02/homes/imamura23-1000067/outputs/pretrain/runs/2023-11-15/09-21-27/checkpoints/epoch_074.ckpt' as top 75
Epoch 75, global step 38532: 'val/knn_avr' reached 0.48827 (best 0.49804), saving model to '/nas02/homes/imamura23-1000067/outputs/pretrain/runs/2023-11-15/09-21-27/checkpoints/epoch_075.ckpt' as top 76
Epoch 76, global step 39039: 'val/knn_avr' reached 0.49058 (best 0.49804), saving model to '/nas02/homes/imamura23-1000067/outputs/pretrain/runs/2023-11-15/09-21-27/checkpoints/epoch_076.ckpt' as top 77
Metric val/knn_avr improved by 0.007 >= min_delta = 0.0. New best score: 0.505
Epoch 77, global step 39546: 'val/knn_avr' reached 0.50489 (best 0.50489), saving model to '/nas02/homes/imamura23-1000067/outputs/pretrain/runs/2023-11-15/09-21-27/checkpoints/epoch_077.ckpt' as top 78
Epoch 78, global step 40053: 'val/knn_avr' reached 0.47917 (best 0.50489), saving model to '/nas02/homes/imamura23-1000067/outputs/pretrain/runs/2023-11-15/09-21-27/checkpoints/epoch_078.ckpt' as top 79
Epoch 79, global step 40560: 'val/knn_avr' reached 0.47772 (best 0.50489), saving model to '/nas02/homes/imamura23-1000067/outputs/pretrain/runs/2023-11-15/09-21-27/checkpoints/epoch_079.ckpt' as top 80
Epoch 80, global step 41067: 'val/knn_avr' reached 0.48840 (best 0.50489), saving model to '/nas02/homes/imamura23-1000067/outputs/pretrain/runs/2023-11-15/09-21-27/checkpoints/epoch_080.ckpt' as top 81
Epoch 81, global step 41574: 'val/knn_avr' reached 0.48931 (best 0.50489), saving model to '/nas02/homes/imamura23-1000067/outputs/pretrain/runs/2023-11-15/09-21-27/checkpoints/epoch_081.ckpt' as top 82
Epoch 82, global step 42081: 'val/knn_avr' reached 0.48584 (best 0.50489), saving model to '/nas02/homes/imamura23-1000067/outputs/pretrain/runs/2023-11-15/09-21-27/checkpoints/epoch_082.ckpt' as top 83
Epoch 83, global step 42588: 'val/knn_avr' reached 0.49067 (best 0.50489), saving model to '/nas02/homes/imamura23-1000067/outputs/pretrain/runs/2023-11-15/09-21-27/checkpoints/epoch_083.ckpt' as top 84
Epoch 84, global step 43095: 'val/knn_avr' reached 0.48595 (best 0.50489), saving model to '/nas02/homes/imamura23-1000067/outputs/pretrain/runs/2023-11-15/09-21-27/checkpoints/epoch_084.ckpt' as top 85
Epoch 85, global step 43602: 'val/knn_avr' reached 0.48593 (best 0.50489), saving model to '/nas02/homes/imamura23-1000067/outputs/pretrain/runs/2023-11-15/09-21-27/checkpoints/epoch_085.ckpt' as top 86
Epoch 86, global step 44109: 'val/knn_avr' reached 0.49271 (best 0.50489), saving model to '/nas02/homes/imamura23-1000067/outputs/pretrain/runs/2023-11-15/09-21-27/checkpoints/epoch_086.ckpt' as top 87
Epoch 87, global step 44616: 'val/knn_avr' reached 0.49497 (best 0.50489), saving model to '/nas02/homes/imamura23-1000067/outputs/pretrain/runs/2023-11-15/09-21-27/checkpoints/epoch_087.ckpt' as top 88
Epoch 88, global step 45123: 'val/knn_avr' reached 0.50039 (best 0.50489), saving model to '/nas02/homes/imamura23-1000067/outputs/pretrain/runs/2023-11-15/09-21-27/checkpoints/epoch_088.ckpt' as top 89
Epoch 89, global step 45630: 'val/knn_avr' reached 0.47177 (best 0.50489), saving model to '/nas02/homes/imamura23-1000067/outputs/pretrain/runs/2023-11-15/09-21-27/checkpoints/epoch_089.ckpt' as top 90
Epoch 90, global step 46137: 'val/knn_avr' reached 0.49579 (best 0.50489), saving model to '/nas02/homes/imamura23-1000067/outputs/pretrain/runs/2023-11-15/09-21-27/checkpoints/epoch_090.ckpt' as top 91
Epoch 91, global step 46644: 'val/knn_avr' reached 0.49328 (best 0.50489), saving model to '/nas02/homes/imamura23-1000067/outputs/pretrain/runs/2023-11-15/09-21-27/checkpoints/epoch_091.ckpt' as top 92
Epoch 92, global step 47151: 'val/knn_avr' reached 0.48910 (best 0.50489), saving model to '/nas02/homes/imamura23-1000067/outputs/pretrain/runs/2023-11-15/09-21-27/checkpoints/epoch_092.ckpt' as top 93
Epoch 93, global step 47658: 'val/knn_avr' reached 0.48138 (best 0.50489), saving model to '/nas02/homes/imamura23-1000067/outputs/pretrain/runs/2023-11-15/09-21-27/checkpoints/epoch_093.ckpt' as top 94
Epoch 94, global step 48165: 'val/knn_avr' reached 0.48690 (best 0.50489), saving model to '/nas02/homes/imamura23-1000067/outputs/pretrain/runs/2023-11-15/09-21-27/checkpoints/epoch_094.ckpt' as top 95
Epoch 95, global step 48672: 'val/knn_avr' reached 0.47902 (best 0.50489), saving model to '/nas02/homes/imamura23-1000067/outputs/pretrain/runs/2023-11-15/09-21-27/checkpoints/epoch_095.ckpt' as top 96
Epoch 96, global step 49179: 'val/knn_avr' reached 0.49582 (best 0.50489), saving model to '/nas02/homes/imamura23-1000067/outputs/pretrain/runs/2023-11-15/09-21-27/checkpoints/epoch_096.ckpt' as top 97
Epoch 97, global step 49686: 'val/knn_avr' reached 0.49423 (best 0.50489), saving model to '/nas02/homes/imamura23-1000067/outputs/pretrain/runs/2023-11-15/09-21-27/checkpoints/epoch_097.ckpt' as top 98
Epoch 98, global step 50193: 'val/knn_avr' reached 0.48133 (best 0.50489), saving model to '/nas02/homes/imamura23-1000067/outputs/pretrain/runs/2023-11-15/09-21-27/checkpoints/epoch_098.ckpt' as top 99
Epoch 99, global step 50700: 'val/knn_avr' reached 0.49140 (best 0.50489), saving model to '/nas02/homes/imamura23-1000067/outputs/pretrain/runs/2023-11-15/09-21-27/checkpoints/epoch_099.ckpt' as top 100
Epoch 100, global step 51207: 'val/knn_avr' reached 0.49247 (best 0.50489), saving model to '/nas02/homes/imamura23-1000067/outputs/pretrain/runs/2023-11-15/09-21-27/checkpoints/epoch_100.ckpt' as top 101
Epoch 101, global step 51714: 'val/knn_avr' reached 0.48303 (best 0.50489), saving model to '/nas02/homes/imamura23-1000067/outputs/pretrain/runs/2023-11-15/09-21-27/checkpoints/epoch_101.ckpt' as top 102
Epoch 102, global step 52221: 'val/knn_avr' reached 0.48344 (best 0.50489), saving model to '/nas02/homes/imamura23-1000067/outputs/pretrain/runs/2023-11-15/09-21-27/checkpoints/epoch_102.ckpt' as top 103
Epoch 103, global step 52728: 'val/knn_avr' reached 0.48575 (best 0.50489), saving model to '/nas02/homes/imamura23-1000067/outputs/pretrain/runs/2023-11-15/09-21-27/checkpoints/epoch_103.ckpt' as top 104
Epoch 104, global step 53235: 'val/knn_avr' reached 0.49120 (best 0.50489), saving model to '/nas02/homes/imamura23-1000067/outputs/pretrain/runs/2023-11-15/09-21-27/checkpoints/epoch_104.ckpt' as top 105
Epoch 105, global step 53742: 'val/knn_avr' reached 0.49188 (best 0.50489), saving model to '/nas02/homes/imamura23-1000067/outputs/pretrain/runs/2023-11-15/09-21-27/checkpoints/epoch_105.ckpt' as top 106
Epoch 106, global step 54249: 'val/knn_avr' reached 0.48564 (best 0.50489), saving model to '/nas02/homes/imamura23-1000067/outputs/pretrain/runs/2023-11-15/09-21-27/checkpoints/epoch_106.ckpt' as top 107
Epoch 107, global step 54756: 'val/knn_avr' reached 0.49262 (best 0.50489), saving model to '/nas02/homes/imamura23-1000067/outputs/pretrain/runs/2023-11-15/09-21-27/checkpoints/epoch_107.ckpt' as top 108
Epoch 108, global step 55263: 'val/knn_avr' reached 0.48605 (best 0.50489), saving model to '/nas02/homes/imamura23-1000067/outputs/pretrain/runs/2023-11-15/09-21-27/checkpoints/epoch_108.ckpt' as top 109
Epoch 109, global step 55770: 'val/knn_avr' reached 0.49540 (best 0.50489), saving model to '/nas02/homes/imamura23-1000067/outputs/pretrain/runs/2023-11-15/09-21-27/checkpoints/epoch_109.ckpt' as top 110
Epoch 110, global step 56277: 'val/knn_avr' reached 0.48061 (best 0.50489), saving model to '/nas02/homes/imamura23-1000067/outputs/pretrain/runs/2023-11-15/09-21-27/checkpoints/epoch_110.ckpt' as top 111
Epoch 111, global step 56784: 'val/knn_avr' reached 0.48153 (best 0.50489), saving model to '/nas02/homes/imamura23-1000067/outputs/pretrain/runs/2023-11-15/09-21-27/checkpoints/epoch_111.ckpt' as top 112
Epoch 112, global step 57291: 'val/knn_avr' reached 0.48076 (best 0.50489), saving model to '/nas02/homes/imamura23-1000067/outputs/pretrain/runs/2023-11-15/09-21-27/checkpoints/epoch_112.ckpt' as top 113
Epoch 113, global step 57798: 'val/knn_avr' reached 0.50013 (best 0.50489), saving model to '/nas02/homes/imamura23-1000067/outputs/pretrain/runs/2023-11-15/09-21-27/checkpoints/epoch_113.ckpt' as top 114
Epoch 114, global step 58305: 'val/knn_avr' reached 0.50347 (best 0.50489), saving model to '/nas02/homes/imamura23-1000067/outputs/pretrain/runs/2023-11-15/09-21-27/checkpoints/epoch_114.ckpt' as top 115
Epoch 115, global step 58812: 'val/knn_avr' reached 0.48477 (best 0.50489), saving model to '/nas02/homes/imamura23-1000067/outputs/pretrain/runs/2023-11-15/09-21-27/checkpoints/epoch_115.ckpt' as top 116
Epoch 116, global step 59319: 'val/knn_avr' reached 0.48326 (best 0.50489), saving model to '/nas02/homes/imamura23-1000067/outputs/pretrain/runs/2023-11-15/09-21-27/checkpoints/epoch_116.ckpt' as top 117
Epoch 117, global step 59826: 'val/knn_avr' reached 0.49235 (best 0.50489), saving model to '/nas02/homes/imamura23-1000067/outputs/pretrain/runs/2023-11-15/09-21-27/checkpoints/epoch_117.ckpt' as top 118
Epoch 118, global step 60333: 'val/knn_avr' reached 0.50197 (best 0.50489), saving model to '/nas02/homes/imamura23-1000067/outputs/pretrain/runs/2023-11-15/09-21-27/checkpoints/epoch_118.ckpt' as top 119
Epoch 119, global step 60840: 'val/knn_avr' reached 0.49084 (best 0.50489), saving model to '/nas02/homes/imamura23-1000067/outputs/pretrain/runs/2023-11-15/09-21-27/checkpoints/epoch_119.ckpt' as top 120
Epoch 120, global step 61347: 'val/knn_avr' reached 0.47960 (best 0.50489), saving model to '/nas02/homes/imamura23-1000067/outputs/pretrain/runs/2023-11-15/09-21-27/checkpoints/epoch_120.ckpt' as top 121
Epoch 121, global step 61854: 'val/knn_avr' reached 0.48722 (best 0.50489), saving model to '/nas02/homes/imamura23-1000067/outputs/pretrain/runs/2023-11-15/09-21-27/checkpoints/epoch_121.ckpt' as top 122
Epoch 122, global step 62361: 'val/knn_avr' reached 0.48212 (best 0.50489), saving model to '/nas02/homes/imamura23-1000067/outputs/pretrain/runs/2023-11-15/09-21-27/checkpoints/epoch_122.ckpt' as top 123
Epoch 123, global step 62868: 'val/knn_avr' reached 0.48622 (best 0.50489), saving model to '/nas02/homes/imamura23-1000067/outputs/pretrain/runs/2023-11-15/09-21-27/checkpoints/epoch_123.ckpt' as top 124
Epoch 124, global step 63375: 'val/knn_avr' reached 0.48607 (best 0.50489), saving model to '/nas02/homes/imamura23-1000067/outputs/pretrain/runs/2023-11-15/09-21-27/checkpoints/epoch_124.ckpt' as top 125
Epoch 125, global step 63882: 'val/knn_avr' reached 0.49678 (best 0.50489), saving model to '/nas02/homes/imamura23-1000067/outputs/pretrain/runs/2023-11-15/09-21-27/checkpoints/epoch_125.ckpt' as top 126
Epoch 126, global step 64389: 'val/knn_avr' reached 0.50084 (best 0.50489), saving model to '/nas02/homes/imamura23-1000067/outputs/pretrain/runs/2023-11-15/09-21-27/checkpoints/epoch_126.ckpt' as top 127
Epoch 127, global step 64896: 'val/knn_avr' reached 0.49819 (best 0.50489), saving model to '/nas02/homes/imamura23-1000067/outputs/pretrain/runs/2023-11-15/09-21-27/checkpoints/epoch_127.ckpt' as top 128
Epoch 128, global step 65403: 'val/knn_avr' reached 0.48586 (best 0.50489), saving model to '/nas02/homes/imamura23-1000067/outputs/pretrain/runs/2023-11-15/09-21-27/checkpoints/epoch_128.ckpt' as top 129
Epoch 129, global step 65910: 'val/knn_avr' reached 0.49781 (best 0.50489), saving model to '/nas02/homes/imamura23-1000067/outputs/pretrain/runs/2023-11-15/09-21-27/checkpoints/epoch_129.ckpt' as top 130
Epoch 130, global step 66417: 'val/knn_avr' reached 0.50001 (best 0.50489), saving model to '/nas02/homes/imamura23-1000067/outputs/pretrain/runs/2023-11-15/09-21-27/checkpoints/epoch_130.ckpt' as top 131
Epoch 131, global step 66924: 'val/knn_avr' reached 0.48496 (best 0.50489), saving model to '/nas02/homes/imamura23-1000067/outputs/pretrain/runs/2023-11-15/09-21-27/checkpoints/epoch_131.ckpt' as top 132
Epoch 132, global step 67431: 'val/knn_avr' reached 0.49036 (best 0.50489), saving model to '/nas02/homes/imamura23-1000067/outputs/pretrain/runs/2023-11-15/09-21-27/checkpoints/epoch_132.ckpt' as top 133
Epoch 133, global step 67938: 'val/knn_avr' reached 0.47498 (best 0.50489), saving model to '/nas02/homes/imamura23-1000067/outputs/pretrain/runs/2023-11-15/09-21-27/checkpoints/epoch_133.ckpt' as top 134
Epoch 134, global step 68445: 'val/knn_avr' reached 0.49740 (best 0.50489), saving model to '/nas02/homes/imamura23-1000067/outputs/pretrain/runs/2023-11-15/09-21-27/checkpoints/epoch_134.ckpt' as top 135
Epoch 135, global step 68952: 'val/knn_avr' reached 0.50400 (best 0.50489), saving model to '/nas02/homes/imamura23-1000067/outputs/pretrain/runs/2023-11-15/09-21-27/checkpoints/epoch_135.ckpt' as top 136
Epoch 136, global step 69459: 'val/knn_avr' reached 0.50424 (best 0.50489), saving model to '/nas02/homes/imamura23-1000067/outputs/pretrain/runs/2023-11-15/09-21-27/checkpoints/epoch_136.ckpt' as top 137
Epoch 137, global step 69966: 'val/knn_avr' reached 0.49458 (best 0.50489), saving model to '/nas02/homes/imamura23-1000067/outputs/pretrain/runs/2023-11-15/09-21-27/checkpoints/epoch_137.ckpt' as top 138
Epoch 138, global step 70473: 'val/knn_avr' reached 0.50190 (best 0.50489), saving model to '/nas02/homes/imamura23-1000067/outputs/pretrain/runs/2023-11-15/09-21-27/checkpoints/epoch_138.ckpt' as top 139
Epoch 139, global step 70980: 'val/knn_avr' reached 0.48566 (best 0.50489), saving model to '/nas02/homes/imamura23-1000067/outputs/pretrain/runs/2023-11-15/09-21-27/checkpoints/epoch_139.ckpt' as top 140
Epoch 140, global step 71487: 'val/knn_avr' reached 0.48953 (best 0.50489), saving model to '/nas02/homes/imamura23-1000067/outputs/pretrain/runs/2023-11-15/09-21-27/checkpoints/epoch_140.ckpt' as top 141
Epoch 141, global step 71994: 'val/knn_avr' reached 0.47044 (best 0.50489), saving model to '/nas02/homes/imamura23-1000067/outputs/pretrain/runs/2023-11-15/09-21-27/checkpoints/epoch_141.ckpt' as top 142
Epoch 142, global step 72501: 'val/knn_avr' reached 0.48671 (best 0.50489), saving model to '/nas02/homes/imamura23-1000067/outputs/pretrain/runs/2023-11-15/09-21-27/checkpoints/epoch_142.ckpt' as top 143
Epoch 143, global step 73008: 'val/knn_avr' reached 0.48417 (best 0.50489), saving model to '/nas02/homes/imamura23-1000067/outputs/pretrain/runs/2023-11-15/09-21-27/checkpoints/epoch_143.ckpt' as top 144
Epoch 144, global step 73515: 'val/knn_avr' reached 0.48686 (best 0.50489), saving model to '/nas02/homes/imamura23-1000067/outputs/pretrain/runs/2023-11-15/09-21-27/checkpoints/epoch_144.ckpt' as top 145
Epoch 145, global step 74022: 'val/knn_avr' reached 0.49584 (best 0.50489), saving model to '/nas02/homes/imamura23-1000067/outputs/pretrain/runs/2023-11-15/09-21-27/checkpoints/epoch_145.ckpt' as top 146
Epoch 146, global step 74529: 'val/knn_avr' reached 0.49644 (best 0.50489), saving model to '/nas02/homes/imamura23-1000067/outputs/pretrain/runs/2023-11-15/09-21-27/checkpoints/epoch_146.ckpt' as top 147
Epoch 147, global step 75036: 'val/knn_avr' reached 0.47643 (best 0.50489), saving model to '/nas02/homes/imamura23-1000067/outputs/pretrain/runs/2023-11-15/09-21-27/checkpoints/epoch_147.ckpt' as top 148
Epoch 148, global step 75543: 'val/knn_avr' reached 0.48359 (best 0.50489), saving model to '/nas02/homes/imamura23-1000067/outputs/pretrain/runs/2023-11-15/09-21-27/checkpoints/epoch_148.ckpt' as top 149
Epoch 149, global step 76050: 'val/knn_avr' reached 0.50247 (best 0.50489), saving model to '/nas02/homes/imamura23-1000067/outputs/pretrain/runs/2023-11-15/09-21-27/checkpoints/epoch_149.ckpt' as top 150
Epoch 150, global step 76557: 'val/knn_avr' reached 0.49814 (best 0.50489), saving model to '/nas02/homes/imamura23-1000067/outputs/pretrain/runs/2023-11-15/09-21-27/checkpoints/epoch_150.ckpt' as top 151
Epoch 151, global step 77064: 'val/knn_avr' reached 0.48499 (best 0.50489), saving model to '/nas02/homes/imamura23-1000067/outputs/pretrain/runs/2023-11-15/09-21-27/checkpoints/epoch_151.ckpt' as top 152
Epoch 152, global step 77571: 'val/knn_avr' reached 0.50053 (best 0.50489), saving model to '/nas02/homes/imamura23-1000067/outputs/pretrain/runs/2023-11-15/09-21-27/checkpoints/epoch_152.ckpt' as top 153
Epoch 153, global step 78078: 'val/knn_avr' reached 0.49156 (best 0.50489), saving model to '/nas02/homes/imamura23-1000067/outputs/pretrain/runs/2023-11-15/09-21-27/checkpoints/epoch_153.ckpt' as top 154
Epoch 154, global step 78585: 'val/knn_avr' reached 0.49471 (best 0.50489), saving model to '/nas02/homes/imamura23-1000067/outputs/pretrain/runs/2023-11-15/09-21-27/checkpoints/epoch_154.ckpt' as top 155
Epoch 155, global step 79092: 'val/knn_avr' reached 0.47735 (best 0.50489), saving model to '/nas02/homes/imamura23-1000067/outputs/pretrain/runs/2023-11-15/09-21-27/checkpoints/epoch_155.ckpt' as top 156
Epoch 156, global step 79599: 'val/knn_avr' reached 0.48982 (best 0.50489), saving model to '/nas02/homes/imamura23-1000067/outputs/pretrain/runs/2023-11-15/09-21-27/checkpoints/epoch_156.ckpt' as top 157
Epoch 157, global step 80106: 'val/knn_avr' reached 0.48724 (best 0.50489), saving model to '/nas02/homes/imamura23-1000067/outputs/pretrain/runs/2023-11-15/09-21-27/checkpoints/epoch_157.ckpt' as top 158
Epoch 158, global step 80613: 'val/knn_avr' reached 0.49419 (best 0.50489), saving model to '/nas02/homes/imamura23-1000067/outputs/pretrain/runs/2023-11-15/09-21-27/checkpoints/epoch_158.ckpt' as top 159
Epoch 159, global step 81120: 'val/knn_avr' reached 0.49708 (best 0.50489), saving model to '/nas02/homes/imamura23-1000067/outputs/pretrain/runs/2023-11-15/09-21-27/checkpoints/epoch_159.ckpt' as top 160
Epoch 160, global step 81627: 'val/knn_avr' reached 0.49498 (best 0.50489), saving model to '/nas02/homes/imamura23-1000067/outputs/pretrain/runs/2023-11-15/09-21-27/checkpoints/epoch_160.ckpt' as top 161
Epoch 161, global step 82134: 'val/knn_avr' reached 0.49261 (best 0.50489), saving model to '/nas02/homes/imamura23-1000067/outputs/pretrain/runs/2023-11-15/09-21-27/checkpoints/epoch_161.ckpt' as top 162
Epoch 162, global step 82641: 'val/knn_avr' reached 0.49416 (best 0.50489), saving model to '/nas02/homes/imamura23-1000067/outputs/pretrain/runs/2023-11-15/09-21-27/checkpoints/epoch_162.ckpt' as top 163
Epoch 163, global step 83148: 'val/knn_avr' reached 0.47919 (best 0.50489), saving model to '/nas02/homes/imamura23-1000067/outputs/pretrain/runs/2023-11-15/09-21-27/checkpoints/epoch_163.ckpt' as top 164
Epoch 164, global step 83655: 'val/knn_avr' reached 0.49640 (best 0.50489), saving model to '/nas02/homes/imamura23-1000067/outputs/pretrain/runs/2023-11-15/09-21-27/checkpoints/epoch_164.ckpt' as top 165
Epoch 165, global step 84162: 'val/knn_avr' reached 0.49613 (best 0.50489), saving model to '/nas02/homes/imamura23-1000067/outputs/pretrain/runs/2023-11-15/09-21-27/checkpoints/epoch_165.ckpt' as top 166
Epoch 166, global step 84669: 'val/knn_avr' reached 0.49007 (best 0.50489), saving model to '/nas02/homes/imamura23-1000067/outputs/pretrain/runs/2023-11-15/09-21-27/checkpoints/epoch_166.ckpt' as top 167
Epoch 167, global step 85176: 'val/knn_avr' reached 0.49580 (best 0.50489), saving model to '/nas02/homes/imamura23-1000067/outputs/pretrain/runs/2023-11-15/09-21-27/checkpoints/epoch_167.ckpt' as top 168
Metric val/knn_avr improved by 0.001 >= min_delta = 0.0. New best score: 0.506
Epoch 168, global step 85683: 'val/knn_avr' reached 0.50585 (best 0.50585), saving model to '/nas02/homes/imamura23-1000067/outputs/pretrain/runs/2023-11-15/09-21-27/checkpoints/epoch_168.ckpt' as top 169
Epoch 169, global step 86190: 'val/knn_avr' reached 0.48885 (best 0.50585), saving model to '/nas02/homes/imamura23-1000067/outputs/pretrain/runs/2023-11-15/09-21-27/checkpoints/epoch_169.ckpt' as top 170
Epoch 170, global step 86697: 'val/knn_avr' reached 0.49086 (best 0.50585), saving model to '/nas02/homes/imamura23-1000067/outputs/pretrain/runs/2023-11-15/09-21-27/checkpoints/epoch_170.ckpt' as top 171
Epoch 171, global step 87204: 'val/knn_avr' reached 0.49527 (best 0.50585), saving model to '/nas02/homes/imamura23-1000067/outputs/pretrain/runs/2023-11-15/09-21-27/checkpoints/epoch_171.ckpt' as top 172
Epoch 172, global step 87711: 'val/knn_avr' reached 0.49079 (best 0.50585), saving model to '/nas02/homes/imamura23-1000067/outputs/pretrain/runs/2023-11-15/09-21-27/checkpoints/epoch_172.ckpt' as top 173
Epoch 173, global step 88218: 'val/knn_avr' reached 0.50165 (best 0.50585), saving model to '/nas02/homes/imamura23-1000067/outputs/pretrain/runs/2023-11-15/09-21-27/checkpoints/epoch_173.ckpt' as top 174
Epoch 174, global step 88725: 'val/knn_avr' reached 0.49200 (best 0.50585), saving model to '/nas02/homes/imamura23-1000067/outputs/pretrain/runs/2023-11-15/09-21-27/checkpoints/epoch_174.ckpt' as top 175
Epoch 175, global step 89232: 'val/knn_avr' reached 0.48897 (best 0.50585), saving model to '/nas02/homes/imamura23-1000067/outputs/pretrain/runs/2023-11-15/09-21-27/checkpoints/epoch_175.ckpt' as top 176
Epoch 176, global step 89739: 'val/knn_avr' reached 0.50074 (best 0.50585), saving model to '/nas02/homes/imamura23-1000067/outputs/pretrain/runs/2023-11-15/09-21-27/checkpoints/epoch_176.ckpt' as top 177
Epoch 177, global step 90246: 'val/knn_avr' reached 0.49365 (best 0.50585), saving model to '/nas02/homes/imamura23-1000067/outputs/pretrain/runs/2023-11-15/09-21-27/checkpoints/epoch_177.ckpt' as top 178
Epoch 178, global step 90753: 'val/knn_avr' reached 0.48263 (best 0.50585), saving model to '/nas02/homes/imamura23-1000067/outputs/pretrain/runs/2023-11-15/09-21-27/checkpoints/epoch_178.ckpt' as top 179
Epoch 179, global step 91260: 'val/knn_avr' reached 0.49337 (best 0.50585), saving model to '/nas02/homes/imamura23-1000067/outputs/pretrain/runs/2023-11-15/09-21-27/checkpoints/epoch_179.ckpt' as top 180
Epoch 180, global step 91767: 'val/knn_avr' reached 0.50346 (best 0.50585), saving model to '/nas02/homes/imamura23-1000067/outputs/pretrain/runs/2023-11-15/09-21-27/checkpoints/epoch_180.ckpt' as top 181
Epoch 181, global step 92274: 'val/knn_avr' reached 0.49251 (best 0.50585), saving model to '/nas02/homes/imamura23-1000067/outputs/pretrain/runs/2023-11-15/09-21-27/checkpoints/epoch_181.ckpt' as top 182
Epoch 182, global step 92781: 'val/knn_avr' reached 0.50129 (best 0.50585), saving model to '/nas02/homes/imamura23-1000067/outputs/pretrain/runs/2023-11-15/09-21-27/checkpoints/epoch_182.ckpt' as top 183
Epoch 183, global step 93288: 'val/knn_avr' reached 0.49987 (best 0.50585), saving model to '/nas02/homes/imamura23-1000067/outputs/pretrain/runs/2023-11-15/09-21-27/checkpoints/epoch_183.ckpt' as top 184
Epoch 184, global step 93795: 'val/knn_avr' reached 0.49981 (best 0.50585), saving model to '/nas02/homes/imamura23-1000067/outputs/pretrain/runs/2023-11-15/09-21-27/checkpoints/epoch_184.ckpt' as top 185
Epoch 185, global step 94302: 'val/knn_avr' reached 0.50093 (best 0.50585), saving model to '/nas02/homes/imamura23-1000067/outputs/pretrain/runs/2023-11-15/09-21-27/checkpoints/epoch_185.ckpt' as top 186
Epoch 186, global step 94809: 'val/knn_avr' reached 0.49501 (best 0.50585), saving model to '/nas02/homes/imamura23-1000067/outputs/pretrain/runs/2023-11-15/09-21-27/checkpoints/epoch_186.ckpt' as top 187
Epoch 187, global step 95316: 'val/knn_avr' reached 0.50549 (best 0.50585), saving model to '/nas02/homes/imamura23-1000067/outputs/pretrain/runs/2023-11-15/09-21-27/checkpoints/epoch_187.ckpt' as top 188
Epoch 188, global step 95823: 'val/knn_avr' reached 0.49663 (best 0.50585), saving model to '/nas02/homes/imamura23-1000067/outputs/pretrain/runs/2023-11-15/09-21-27/checkpoints/epoch_188.ckpt' as top 189
Epoch 189, global step 96330: 'val/knn_avr' reached 0.49097 (best 0.50585), saving model to '/nas02/homes/imamura23-1000067/outputs/pretrain/runs/2023-11-15/09-21-27/checkpoints/epoch_189.ckpt' as top 190
Epoch 190, global step 96837: 'val/knn_avr' reached 0.49203 (best 0.50585), saving model to '/nas02/homes/imamura23-1000067/outputs/pretrain/runs/2023-11-15/09-21-27/checkpoints/epoch_190.ckpt' as top 191
Epoch 191, global step 97344: 'val/knn_avr' reached 0.48742 (best 0.50585), saving model to '/nas02/homes/imamura23-1000067/outputs/pretrain/runs/2023-11-15/09-21-27/checkpoints/epoch_191.ckpt' as top 192
Epoch 192, global step 97851: 'val/knn_avr' reached 0.49419 (best 0.50585), saving model to '/nas02/homes/imamura23-1000067/outputs/pretrain/runs/2023-11-15/09-21-27/checkpoints/epoch_192.ckpt' as top 193
Epoch 193, global step 98358: 'val/knn_avr' reached 0.48664 (best 0.50585), saving model to '/nas02/homes/imamura23-1000067/outputs/pretrain/runs/2023-11-15/09-21-27/checkpoints/epoch_193.ckpt' as top 194
Epoch 194, global step 98865: 'val/knn_avr' reached 0.49455 (best 0.50585), saving model to '/nas02/homes/imamura23-1000067/outputs/pretrain/runs/2023-11-15/09-21-27/checkpoints/epoch_194.ckpt' as top 195
Epoch 195, global step 99372: 'val/knn_avr' reached 0.49096 (best 0.50585), saving model to '/nas02/homes/imamura23-1000067/outputs/pretrain/runs/2023-11-15/09-21-27/checkpoints/epoch_195.ckpt' as top 196
Epoch 196, global step 99879: 'val/knn_avr' reached 0.48755 (best 0.50585), saving model to '/nas02/homes/imamura23-1000067/outputs/pretrain/runs/2023-11-15/09-21-27/checkpoints/epoch_196.ckpt' as top 197
Epoch 197, global step 100386: 'val/knn_avr' reached 0.49636 (best 0.50585), saving model to '/nas02/homes/imamura23-1000067/outputs/pretrain/runs/2023-11-15/09-21-27/checkpoints/epoch_197.ckpt' as top 198
Epoch 198, global step 100893: 'val/knn_avr' reached 0.48705 (best 0.50585), saving model to '/nas02/homes/imamura23-1000067/outputs/pretrain/runs/2023-11-15/09-21-27/checkpoints/epoch_198.ckpt' as top 199
Epoch 199, global step 101400: 'val/knn_avr' reached 0.49161 (best 0.50585), saving model to '/nas02/homes/imamura23-1000067/outputs/pretrain/runs/2023-11-15/09-21-27/checkpoints/epoch_199.ckpt' as top 200
Epoch 200, global step 101907: 'val/knn_avr' reached 0.49407 (best 0.50585), saving model to '/nas02/homes/imamura23-1000067/outputs/pretrain/runs/2023-11-15/09-21-27/checkpoints/epoch_200.ckpt' as top 201
Epoch 201, global step 102414: 'val/knn_avr' reached 0.48693 (best 0.50585), saving model to '/nas02/homes/imamura23-1000067/outputs/pretrain/runs/2023-11-15/09-21-27/checkpoints/epoch_201.ckpt' as top 202
Epoch 202, global step 102921: 'val/knn_avr' reached 0.49574 (best 0.50585), saving model to '/nas02/homes/imamura23-1000067/outputs/pretrain/runs/2023-11-15/09-21-27/checkpoints/epoch_202.ckpt' as top 203
Epoch 203, global step 103428: 'val/knn_avr' reached 0.50059 (best 0.50585), saving model to '/nas02/homes/imamura23-1000067/outputs/pretrain/runs/2023-11-15/09-21-27/checkpoints/epoch_203.ckpt' as top 204
Epoch 204, global step 103935: 'val/knn_avr' reached 0.48438 (best 0.50585), saving model to '/nas02/homes/imamura23-1000067/outputs/pretrain/runs/2023-11-15/09-21-27/checkpoints/epoch_204.ckpt' as top 205
Epoch 205, global step 104442: 'val/knn_avr' reached 0.49823 (best 0.50585), saving model to '/nas02/homes/imamura23-1000067/outputs/pretrain/runs/2023-11-15/09-21-27/checkpoints/epoch_205.ckpt' as top 206
Epoch 206, global step 104949: 'val/knn_avr' reached 0.49259 (best 0.50585), saving model to '/nas02/homes/imamura23-1000067/outputs/pretrain/runs/2023-11-15/09-21-27/checkpoints/epoch_206.ckpt' as top 207
Epoch 207, global step 105456: 'val/knn_avr' reached 0.49990 (best 0.50585), saving model to '/nas02/homes/imamura23-1000067/outputs/pretrain/runs/2023-11-15/09-21-27/checkpoints/epoch_207.ckpt' as top 208
Epoch 208, global step 105963: 'val/knn_avr' reached 0.48655 (best 0.50585), saving model to '/nas02/homes/imamura23-1000067/outputs/pretrain/runs/2023-11-15/09-21-27/checkpoints/epoch_208.ckpt' as top 209
Epoch 209, global step 106470: 'val/knn_avr' reached 0.48849 (best 0.50585), saving model to '/nas02/homes/imamura23-1000067/outputs/pretrain/runs/2023-11-15/09-21-27/checkpoints/epoch_209.ckpt' as top 210
Epoch 210, global step 106977: 'val/knn_avr' reached 0.49874 (best 0.50585), saving model to '/nas02/homes/imamura23-1000067/outputs/pretrain/runs/2023-11-15/09-21-27/checkpoints/epoch_210.ckpt' as top 211
Epoch 211, global step 107484: 'val/knn_avr' reached 0.47602 (best 0.50585), saving model to '/nas02/homes/imamura23-1000067/outputs/pretrain/runs/2023-11-15/09-21-27/checkpoints/epoch_211.ckpt' as top 212
Epoch 212, global step 107991: 'val/knn_avr' reached 0.50289 (best 0.50585), saving model to '/nas02/homes/imamura23-1000067/outputs/pretrain/runs/2023-11-15/09-21-27/checkpoints/epoch_212.ckpt' as top 213
Epoch 213, global step 108498: 'val/knn_avr' reached 0.48769 (best 0.50585), saving model to '/nas02/homes/imamura23-1000067/outputs/pretrain/runs/2023-11-15/09-21-27/checkpoints/epoch_213.ckpt' as top 214
Epoch 214, global step 109005: 'val/knn_avr' reached 0.49383 (best 0.50585), saving model to '/nas02/homes/imamura23-1000067/outputs/pretrain/runs/2023-11-15/09-21-27/checkpoints/epoch_214.ckpt' as top 215
Epoch 215, global step 109512: 'val/knn_avr' reached 0.50224 (best 0.50585), saving model to '/nas02/homes/imamura23-1000067/outputs/pretrain/runs/2023-11-15/09-21-27/checkpoints/epoch_215.ckpt' as top 216
Epoch 216, global step 110019: 'val/knn_avr' reached 0.48300 (best 0.50585), saving model to '/nas02/homes/imamura23-1000067/outputs/pretrain/runs/2023-11-15/09-21-27/checkpoints/epoch_216.ckpt' as top 217
Epoch 217, global step 110526: 'val/knn_avr' reached 0.49175 (best 0.50585), saving model to '/nas02/homes/imamura23-1000067/outputs/pretrain/runs/2023-11-15/09-21-27/checkpoints/epoch_217.ckpt' as top 218
Epoch 218, global step 111033: 'val/knn_avr' reached 0.48693 (best 0.50585), saving model to '/nas02/homes/imamura23-1000067/outputs/pretrain/runs/2023-11-15/09-21-27/checkpoints/epoch_218.ckpt' as top 219
Epoch 219, global step 111540: 'val/knn_avr' reached 0.49317 (best 0.50585), saving model to '/nas02/homes/imamura23-1000067/outputs/pretrain/runs/2023-11-15/09-21-27/checkpoints/epoch_219.ckpt' as top 220
Epoch 220, global step 112047: 'val/knn_avr' reached 0.49272 (best 0.50585), saving model to '/nas02/homes/imamura23-1000067/outputs/pretrain/runs/2023-11-15/09-21-27/checkpoints/epoch_220.ckpt' as top 221
Epoch 221, global step 112554: 'val/knn_avr' reached 0.49916 (best 0.50585), saving model to '/nas02/homes/imamura23-1000067/outputs/pretrain/runs/2023-11-15/09-21-27/checkpoints/epoch_221.ckpt' as top 222
Epoch 222, global step 113061: 'val/knn_avr' reached 0.49899 (best 0.50585), saving model to '/nas02/homes/imamura23-1000067/outputs/pretrain/runs/2023-11-15/09-21-27/checkpoints/epoch_222.ckpt' as top 223
Epoch 223, global step 113568: 'val/knn_avr' reached 0.50174 (best 0.50585), saving model to '/nas02/homes/imamura23-1000067/outputs/pretrain/runs/2023-11-15/09-21-27/checkpoints/epoch_223.ckpt' as top 224
Epoch 224, global step 114075: 'val/knn_avr' reached 0.49351 (best 0.50585), saving model to '/nas02/homes/imamura23-1000067/outputs/pretrain/runs/2023-11-15/09-21-27/checkpoints/epoch_224.ckpt' as top 225
Epoch 225, global step 114582: 'val/knn_avr' reached 0.48584 (best 0.50585), saving model to '/nas02/homes/imamura23-1000067/outputs/pretrain/runs/2023-11-15/09-21-27/checkpoints/epoch_225.ckpt' as top 226
Epoch 226, global step 115089: 'val/knn_avr' reached 0.49449 (best 0.50585), saving model to '/nas02/homes/imamura23-1000067/outputs/pretrain/runs/2023-11-15/09-21-27/checkpoints/epoch_226.ckpt' as top 227
Epoch 227, global step 115596: 'val/knn_avr' reached 0.48305 (best 0.50585), saving model to '/nas02/homes/imamura23-1000067/outputs/pretrain/runs/2023-11-15/09-21-27/checkpoints/epoch_227.ckpt' as top 228
Epoch 228, global step 116103: 'val/knn_avr' reached 0.49300 (best 0.50585), saving model to '/nas02/homes/imamura23-1000067/outputs/pretrain/runs/2023-11-15/09-21-27/checkpoints/epoch_228.ckpt' as top 229
Epoch 229, global step 116610: 'val/knn_avr' reached 0.50065 (best 0.50585), saving model to '/nas02/homes/imamura23-1000067/outputs/pretrain/runs/2023-11-15/09-21-27/checkpoints/epoch_229.ckpt' as top 230
Epoch 230, global step 117117: 'val/knn_avr' reached 0.48833 (best 0.50585), saving model to '/nas02/homes/imamura23-1000067/outputs/pretrain/runs/2023-11-15/09-21-27/checkpoints/epoch_230.ckpt' as top 231
Epoch 231, global step 117624: 'val/knn_avr' reached 0.49043 (best 0.50585), saving model to '/nas02/homes/imamura23-1000067/outputs/pretrain/runs/2023-11-15/09-21-27/checkpoints/epoch_231.ckpt' as top 232
Epoch 232, global step 118131: 'val/knn_avr' reached 0.49552 (best 0.50585), saving model to '/nas02/homes/imamura23-1000067/outputs/pretrain/runs/2023-11-15/09-21-27/checkpoints/epoch_232.ckpt' as top 233
Epoch 233, global step 118638: 'val/knn_avr' reached 0.49111 (best 0.50585), saving model to '/nas02/homes/imamura23-1000067/outputs/pretrain/runs/2023-11-15/09-21-27/checkpoints/epoch_233.ckpt' as top 234
Epoch 234, global step 119145: 'val/knn_avr' reached 0.49393 (best 0.50585), saving model to '/nas02/homes/imamura23-1000067/outputs/pretrain/runs/2023-11-15/09-21-27/checkpoints/epoch_234.ckpt' as top 235
Epoch 235, global step 119652: 'val/knn_avr' reached 0.49688 (best 0.50585), saving model to '/nas02/homes/imamura23-1000067/outputs/pretrain/runs/2023-11-15/09-21-27/checkpoints/epoch_235.ckpt' as top 236
Epoch 236, global step 120159: 'val/knn_avr' reached 0.48000 (best 0.50585), saving model to '/nas02/homes/imamura23-1000067/outputs/pretrain/runs/2023-11-15/09-21-27/checkpoints/epoch_236.ckpt' as top 237
Epoch 237, global step 120666: 'val/knn_avr' reached 0.48828 (best 0.50585), saving model to '/nas02/homes/imamura23-1000067/outputs/pretrain/runs/2023-11-15/09-21-27/checkpoints/epoch_237.ckpt' as top 238
Epoch 238, global step 121173: 'val/knn_avr' reached 0.48658 (best 0.50585), saving model to '/nas02/homes/imamura23-1000067/outputs/pretrain/runs/2023-11-15/09-21-27/checkpoints/epoch_238.ckpt' as top 239
Epoch 239, global step 121680: 'val/knn_avr' reached 0.48444 (best 0.50585), saving model to '/nas02/homes/imamura23-1000067/outputs/pretrain/runs/2023-11-15/09-21-27/checkpoints/epoch_239.ckpt' as top 240
Epoch 240, global step 122187: 'val/knn_avr' reached 0.48864 (best 0.50585), saving model to '/nas02/homes/imamura23-1000067/outputs/pretrain/runs/2023-11-15/09-21-27/checkpoints/epoch_240.ckpt' as top 241
Epoch 241, global step 122694: 'val/knn_avr' reached 0.48765 (best 0.50585), saving model to '/nas02/homes/imamura23-1000067/outputs/pretrain/runs/2023-11-15/09-21-27/checkpoints/epoch_241.ckpt' as top 242
Epoch 242, global step 123201: 'val/knn_avr' reached 0.49360 (best 0.50585), saving model to '/nas02/homes/imamura23-1000067/outputs/pretrain/runs/2023-11-15/09-21-27/checkpoints/epoch_242.ckpt' as top 243
Epoch 243, global step 123708: 'val/knn_avr' reached 0.49614 (best 0.50585), saving model to '/nas02/homes/imamura23-1000067/outputs/pretrain/runs/2023-11-15/09-21-27/checkpoints/epoch_243.ckpt' as top 244
Epoch 244, global step 124215: 'val/knn_avr' reached 0.48109 (best 0.50585), saving model to '/nas02/homes/imamura23-1000067/outputs/pretrain/runs/2023-11-15/09-21-27/checkpoints/epoch_244.ckpt' as top 245
Epoch 245, global step 124722: 'val/knn_avr' reached 0.50078 (best 0.50585), saving model to '/nas02/homes/imamura23-1000067/outputs/pretrain/runs/2023-11-15/09-21-27/checkpoints/epoch_245.ckpt' as top 246
Epoch 246, global step 125229: 'val/knn_avr' reached 0.48587 (best 0.50585), saving model to '/nas02/homes/imamura23-1000067/outputs/pretrain/runs/2023-11-15/09-21-27/checkpoints/epoch_246.ckpt' as top 247
Epoch 247, global step 125736: 'val/knn_avr' reached 0.49608 (best 0.50585), saving model to '/nas02/homes/imamura23-1000067/outputs/pretrain/runs/2023-11-15/09-21-27/checkpoints/epoch_247.ckpt' as top 248
Epoch 248, global step 126243: 'val/knn_avr' reached 0.49923 (best 0.50585), saving model to '/nas02/homes/imamura23-1000067/outputs/pretrain/runs/2023-11-15/09-21-27/checkpoints/epoch_248.ckpt' as top 249
Epoch 249, global step 126750: 'val/knn_avr' reached 0.48260 (best 0.50585), saving model to '/nas02/homes/imamura23-1000067/outputs/pretrain/runs/2023-11-15/09-21-27/checkpoints/epoch_249.ckpt' as top 250
Epoch 250, global step 127257: 'val/knn_avr' reached 0.49073 (best 0.50585), saving model to '/nas02/homes/imamura23-1000067/outputs/pretrain/runs/2023-11-15/09-21-27/checkpoints/epoch_250.ckpt' as top 251
Epoch 251, global step 127764: 'val/knn_avr' reached 0.48731 (best 0.50585), saving model to '/nas02/homes/imamura23-1000067/outputs/pretrain/runs/2023-11-15/09-21-27/checkpoints/epoch_251.ckpt' as top 252
Epoch 252, global step 128271: 'val/knn_avr' reached 0.48997 (best 0.50585), saving model to '/nas02/homes/imamura23-1000067/outputs/pretrain/runs/2023-11-15/09-21-27/checkpoints/epoch_252.ckpt' as top 253
Epoch 253, global step 128778: 'val/knn_avr' reached 0.49310 (best 0.50585), saving model to '/nas02/homes/imamura23-1000067/outputs/pretrain/runs/2023-11-15/09-21-27/checkpoints/epoch_253.ckpt' as top 254
Epoch 254, global step 129285: 'val/knn_avr' reached 0.49750 (best 0.50585), saving model to '/nas02/homes/imamura23-1000067/outputs/pretrain/runs/2023-11-15/09-21-27/checkpoints/epoch_254.ckpt' as top 255
Epoch 255, global step 129792: 'val/knn_avr' reached 0.49566 (best 0.50585), saving model to '/nas02/homes/imamura23-1000067/outputs/pretrain/runs/2023-11-15/09-21-27/checkpoints/epoch_255.ckpt' as top 256
Epoch 256, global step 130299: 'val/knn_avr' reached 0.49551 (best 0.50585), saving model to '/nas02/homes/imamura23-1000067/outputs/pretrain/runs/2023-11-15/09-21-27/checkpoints/epoch_256.ckpt' as top 257
Epoch 257, global step 130806: 'val/knn_avr' reached 0.49467 (best 0.50585), saving model to '/nas02/homes/imamura23-1000067/outputs/pretrain/runs/2023-11-15/09-21-27/checkpoints/epoch_257.ckpt' as top 258
Epoch 258, global step 131313: 'val/knn_avr' reached 0.48835 (best 0.50585), saving model to '/nas02/homes/imamura23-1000067/outputs/pretrain/runs/2023-11-15/09-21-27/checkpoints/epoch_258.ckpt' as top 259
Epoch 259, global step 131820: 'val/knn_avr' reached 0.48831 (best 0.50585), saving model to '/nas02/homes/imamura23-1000067/outputs/pretrain/runs/2023-11-15/09-21-27/checkpoints/epoch_259.ckpt' as top 260
Epoch 260, global step 132327: 'val/knn_avr' reached 0.49155 (best 0.50585), saving model to '/nas02/homes/imamura23-1000067/outputs/pretrain/runs/2023-11-15/09-21-27/checkpoints/epoch_260.ckpt' as top 261
Epoch 261, global step 132834: 'val/knn_avr' reached 0.49708 (best 0.50585), saving model to '/nas02/homes/imamura23-1000067/outputs/pretrain/runs/2023-11-15/09-21-27/checkpoints/epoch_261.ckpt' as top 262
Epoch 262, global step 133341: 'val/knn_avr' reached 0.49728 (best 0.50585), saving model to '/nas02/homes/imamura23-1000067/outputs/pretrain/runs/2023-11-15/09-21-27/checkpoints/epoch_262.ckpt' as top 263
Epoch 263, global step 133848: 'val/knn_avr' reached 0.50302 (best 0.50585), saving model to '/nas02/homes/imamura23-1000067/outputs/pretrain/runs/2023-11-15/09-21-27/checkpoints/epoch_263.ckpt' as top 264
Epoch 264, global step 134355: 'val/knn_avr' reached 0.49730 (best 0.50585), saving model to '/nas02/homes/imamura23-1000067/outputs/pretrain/runs/2023-11-15/09-21-27/checkpoints/epoch_264.ckpt' as top 265
Epoch 265, global step 134862: 'val/knn_avr' reached 0.49526 (best 0.50585), saving model to '/nas02/homes/imamura23-1000067/outputs/pretrain/runs/2023-11-15/09-21-27/checkpoints/epoch_265.ckpt' as top 266
Epoch 266, global step 135369: 'val/knn_avr' reached 0.49171 (best 0.50585), saving model to '/nas02/homes/imamura23-1000067/outputs/pretrain/runs/2023-11-15/09-21-27/checkpoints/epoch_266.ckpt' as top 267
Epoch 267, global step 135876: 'val/knn_avr' reached 0.49901 (best 0.50585), saving model to '/nas02/homes/imamura23-1000067/outputs/pretrain/runs/2023-11-15/09-21-27/checkpoints/epoch_267.ckpt' as top 268
Monitored metric val/knn_avr did not improve in the last 100 records. Best score: 0.506. Signaling Trainer to stop.
Epoch 268, global step 136383: 'val/knn_avr' reached 0.49224 (best 0.50585), saving model to '/nas02/homes/imamura23-1000067/outputs/pretrain/runs/2023-11-15/09-21-27/checkpoints/epoch_268.ckpt' as top 269
Error executing job with overrides: ['experiment=pretrain', 'task_name=pretrain']
Traceback (most recent call last):
  File "/nas01/homes/imamura23-1000067/codes/MusicSimilarityWithUNet/./train.py", line 20, in <module>
    train()
  File "/home/imamura23/nas01home/codes/env/lib/python3.10/site-packages/hydra/main.py", line 94, in decorated_main
    _run_hydra(
  File "/home/imamura23/nas01home/codes/env/lib/python3.10/site-packages/hydra/_internal/utils.py", line 394, in _run_hydra
    _run_app(
  File "/home/imamura23/nas01home/codes/env/lib/python3.10/site-packages/hydra/_internal/utils.py", line 457, in _run_app
    run_and_report(
  File "/home/imamura23/nas01home/codes/env/lib/python3.10/site-packages/hydra/_internal/utils.py", line 223, in run_and_report
    raise ex
  File "/home/imamura23/nas01home/codes/env/lib/python3.10/site-packages/hydra/_internal/utils.py", line 220, in run_and_report
    return func()
  File "/home/imamura23/nas01home/codes/env/lib/python3.10/site-packages/hydra/_internal/utils.py", line 458, in <lambda>
    lambda: hydra.run(
  File "/home/imamura23/nas01home/codes/env/lib/python3.10/site-packages/hydra/_internal/hydra.py", line 132, in run
    _ = ret.return_value
  File "/home/imamura23/nas01home/codes/env/lib/python3.10/site-packages/hydra/core/utils.py", line 260, in return_value
    raise self._return_value
  File "/home/imamura23/nas01home/codes/env/lib/python3.10/site-packages/hydra/core/utils.py", line 186, in run_job
    ret.return_value = task_function(task_cfg)
  File "/nas01/homes/imamura23-1000067/codes/MusicSimilarityWithUNet/source/train.py", line 126, in main
    metric_dict, _ = train(cfg)
  File "/nas01/homes/imamura23-1000067/codes/MusicSimilarityWithUNet/utils/utils.py", line 78, in wrap
    raise ex
  File "/nas01/homes/imamura23-1000067/codes/MusicSimilarityWithUNet/utils/utils.py", line 68, in wrap
    metric_dict, object_dict = task_func(cfg=cfg)
  File "/nas01/homes/imamura23-1000067/codes/MusicSimilarityWithUNet/source/train.py", line 102, in train
    trainer.test(model=model, datamodule=datamodule, ckpt_path=ckpt_path)
  File "/home/imamura23/nas01home/codes/env/lib/python3.10/site-packages/pytorch_lightning/trainer/trainer.py", line 755, in test
    return call._call_and_handle_interrupt(
  File "/home/imamura23/nas01home/codes/env/lib/python3.10/site-packages/pytorch_lightning/trainer/call.py", line 44, in _call_and_handle_interrupt
    return trainer_fn(*args, **kwargs)
  File "/home/imamura23/nas01home/codes/env/lib/python3.10/site-packages/pytorch_lightning/trainer/trainer.py", line 795, in _test_impl
    results = self._run(model, ckpt_path=ckpt_path)
  File "/home/imamura23/nas01home/codes/env/lib/python3.10/site-packages/pytorch_lightning/trainer/trainer.py", line 951, in _run
    call._call_setup_hook(self)  # allow user to setup lightning_module in accelerator environment
  File "/home/imamura23/nas01home/codes/env/lib/python3.10/site-packages/pytorch_lightning/trainer/call.py", line 92, in _call_setup_hook
    _call_lightning_datamodule_hook(trainer, "setup", stage=fn)
  File "/home/imamura23/nas01home/codes/env/lib/python3.10/site-packages/pytorch_lightning/trainer/call.py", line 179, in _call_lightning_datamodule_hook
    return fn(*args, **kwargs)
  File "/nas01/homes/imamura23-1000067/codes/MusicSimilarityWithUNet/dataset/dataset_datamodule.py", line 55, in setup
    self.testset = [PsdLoader(mode="test", cfg=self.cfg, inst=inst) for inst in self.cfg.inst_list]
  File "/nas01/homes/imamura23-1000067/codes/MusicSimilarityWithUNet/dataset/dataset_datamodule.py", line 55, in <listcomp>
    self.testset = [PsdLoader(mode="test", cfg=self.cfg, inst=inst) for inst in self.cfg.inst_list]
  File "/nas01/homes/imamura23-1000067/codes/MusicSimilarityWithUNet/dataset/dataset_zume.py", line 262, in __init__
    ):
  File "/nas01/homes/imamura23-1000067/codes/MusicSimilarityWithUNet/dataset/dataset_zume.py", line 239, in load_lst
    return mix_spec, stems_spec, self.load_embvec(track_id, seg_id), self.load_embvec_stems(track_id, seg_id)
FileNotFoundError: [Errno 2] No such file or directory: './metadata/lst/psds_test_10_drums.lst'
